<?xml version="1.0" encoding="UTF-8"?>
<testsuite name="com.example.demo.performance.LoadTest" tests="3" skipped="0" failures="0" errors="0" timestamp="2025-11-28T16:13:17" hostname="EPECQUIW0018" time="7.492">
  <properties/>
  <testcase name="testStressLoad()" classname="com.example.demo.performance.LoadTest" time="6.341"/>
  <testcase name="testPerformanceDegradation()" classname="com.example.demo.performance.LoadTest" time="0.8"/>
  <testcase name="testConcurrentUsers()" classname="com.example.demo.performance.LoadTest" time="0.338"/>
  <system-out><![CDATA[11:13:03.948 [Test worker] INFO org.springframework.test.context.support.AnnotationConfigContextLoaderUtils -- Could not detect default configuration classes for test class [com.example.demo.performance.LoadTest]: LoadTest does not declare any static, non-private, non-final, nested classes annotated with @Configuration.
11:13:04.251 [Test worker] INFO org.springframework.boot.test.context.SpringBootTestContextBootstrapper -- Found @SpringBootConfiguration com.example.demo.DemoApplication for test class com.example.demo.performance.LoadTest

  .   ____          _            __ _ _
 /\\ / ___'_ __ _ _(_)_ __  __ _ \ \ \ \
( ( )\___ | '_ | '_| | '_ \/ _` | \ \ \ \
 \\/  ___)| |_)| | | | | || (_| |  ) ) ) )
  '  |____| .__|_| |_|_| |_\__, | / / / /
 =========|_|==============|___/=/_/_/_/
 :: Spring Boot ::                (v3.2.0)

2025-11-28 11:13:05 - Starting LoadTest using Java 21.0.9 with PID 39520 (started by ErickErraez in C:\Users\ErickErraez\Desktop\BP - DEV\chapter\test-unitarios)
2025-11-28 11:13:05 - Running with Spring Boot v3.2.0, Spring v6.1.1
2025-11-28 11:13:05 - No active profile set, falling back to 1 default profile: "default"
2025-11-28 11:13:08 - Bootstrapping Spring Data JPA repositories in DEFAULT mode.
2025-11-28 11:13:08 - Finished Spring Data repository scanning in 184 ms. Found 1 JPA repository interface.
2025-11-28 11:13:10 - Tomcat initialized with port 0 (http)
2025-11-28 11:13:10 - Starting service [Tomcat]
2025-11-28 11:13:10 - Starting Servlet engine: [Apache Tomcat/10.1.16]
2025-11-28 11:13:10 - Initializing Spring embedded WebApplicationContext
2025-11-28 11:13:10 - Root WebApplicationContext: initialization completed in 4082 ms
2025-11-28 11:13:10 - HikariPool-1 - Starting...
2025-11-28 11:13:11 - HikariPool-1 - Added connection conn0: url=jdbc:h2:mem:clientesdb user=SA
2025-11-28 11:13:11 - HikariPool-1 - Start completed.
2025-11-28 11:13:11 - H2 console available at '/h2-console'. Database available at 'jdbc:h2:mem:clientesdb'
2025-11-28 11:13:11 - HHH000204: Processing PersistenceUnitInfo [name: default]
2025-11-28 11:13:11 - HHH000412: Hibernate ORM core version 6.3.1.Final
2025-11-28 11:13:11 - HHH000026: Second-level cache disabled
2025-11-28 11:13:12 - No LoadTimeWeaver setup: ignoring JPA class transformer
2025-11-28 11:13:12 - HHH90000025: H2Dialect does not need to be specified explicitly using 'hibernate.dialect' (remove the property setting and it will be selected by default)
2025-11-28 11:13:14 - HHH000489: No JTA platform available (set 'hibernate.transaction.jta.platform' to enable JTA platform integration)
2025-11-28 11:13:14 - 
    drop table if exists clientes cascade 
Hibernate: 
    drop table if exists clientes cascade 
2025-11-28 11:13:14 - 
    create table clientes (
        activo boolean,
        fecha_registro timestamp(6) not null,
        id bigint generated by default as identity,
        telefono varchar(15),
        nombre varchar(100) not null unique,
        email varchar(255) unique,
        primary key (id)
    )
Hibernate: 
    create table clientes (
        activo boolean,
        fecha_registro timestamp(6) not null,
        id bigint generated by default as identity,
        telefono varchar(15),
        nombre varchar(100) not null unique,
        email varchar(255) unique,
        primary key (id)
    )
2025-11-28 11:13:14 - Initialized JPA EntityManagerFactory for persistence unit 'default'
2025-11-28 11:13:16 - spring.jpa.open-in-view is enabled by default. Therefore, database queries may be performed during view rendering. Explicitly configure spring.jpa.open-in-view to disable this warning
2025-11-28 11:13:16 - 9 mappings in 'requestMappingHandlerMapping'
2025-11-28 11:13:16 - Patterns [/webjars/**, /**] in 'resourceHandlerMapping'
2025-11-28 11:13:16 - ControllerAdvice beans: 0 @ModelAttribute, 0 @InitBinder, 1 RequestBodyAdvice, 1 ResponseBodyAdvice
2025-11-28 11:13:16 - ControllerAdvice beans: 1 @ExceptionHandler, 1 ResponseBodyAdvice
2025-11-28 11:13:17 - Tomcat started on port 55127 (http) with context path ''
2025-11-28 11:13:17 - Started LoadTest in 12.7 seconds (process running for 16.344)

]]>&#x1f525;<![CDATA[ INICIANDO PRUEBA DE CARGA (Puerto: 55127)
⚡ PRUEBA DE ESTRÉS: 100 peticiones...
2025-11-28 11:13:21 - Initializing Spring DispatcherServlet 'dispatcherServlet'
2025-11-28 11:13:21 - Initializing Servlet 'dispatcherServlet'
2025-11-28 11:13:21 - Detected StandardServletMultipartResolver
2025-11-28 11:13:21 - Detected AcceptHeaderLocaleResolver
2025-11-28 11:13:21 - Detected FixedThemeResolver
2025-11-28 11:13:21 - Detected org.springframework.web.servlet.view.DefaultRequestToViewNameTranslator@299e245c
2025-11-28 11:13:21 - Detected org.springframework.web.servlet.support.SessionFlashMapManager@3b22bcad
2025-11-28 11:13:21 - enableLoggingRequestDetails='false': request parameters and headers will be masked to prevent unsafe logging of potentially sensitive data
2025-11-28 11:13:21 - Completed initialization in 7 ms
2025-11-28 11:13:22 - GET "/api/v1/clientes", parameters={}
2025-11-28 11:13:22 - GET "/api/v1/clientes", parameters={}
2025-11-28 11:13:22 - GET "/api/v1/clientes", parameters={}
2025-11-28 11:13:22 - GET "/api/v1/clientes", parameters={}
2025-11-28 11:13:22 - GET "/api/v1/clientes", parameters={}
2025-11-28 11:13:22 - GET "/api/v1/clientes", parameters={}
2025-11-28 11:13:22 - GET "/api/v1/clientes", parameters={}
2025-11-28 11:13:22 - GET "/api/v1/clientes", parameters={}
2025-11-28 11:13:22 - GET "/api/v1/clientes", parameters={}
2025-11-28 11:13:22 - GET "/api/v1/clientes", parameters={}
2025-11-28 11:13:22 - GET "/api/v1/clientes", parameters={}
2025-11-28 11:13:22 - GET "/api/v1/clientes", parameters={}
2025-11-28 11:13:22 - GET "/api/v1/clientes", parameters={}
2025-11-28 11:13:22 - GET "/api/v1/clientes", parameters={}
2025-11-28 11:13:22 - GET "/api/v1/clientes", parameters={}
2025-11-28 11:13:22 - GET "/api/v1/clientes", parameters={}
2025-11-28 11:13:22 - GET "/api/v1/clientes", parameters={}
2025-11-28 11:13:22 - GET "/api/v1/clientes", parameters={}
2025-11-28 11:13:22 - GET "/api/v1/clientes", parameters={}
2025-11-28 11:13:22 - GET "/api/v1/clientes", parameters={}
2025-11-28 11:13:22 - Mapped to com.example.demo.controller.ClienteController#listar()
2025-11-28 11:13:22 - Mapped to com.example.demo.controller.ClienteController#listar()
2025-11-28 11:13:22 - Mapped to com.example.demo.controller.ClienteController#listar()
2025-11-28 11:13:22 - Mapped to com.example.demo.controller.ClienteController#listar()
2025-11-28 11:13:22 - Mapped to com.example.demo.controller.ClienteController#listar()
2025-11-28 11:13:22 - Mapped to com.example.demo.controller.ClienteController#listar()
2025-11-28 11:13:22 - Mapped to com.example.demo.controller.ClienteController#listar()
2025-11-28 11:13:22 - Mapped to com.example.demo.controller.ClienteController#listar()
2025-11-28 11:13:22 - Mapped to com.example.demo.controller.ClienteController#listar()
2025-11-28 11:13:22 - Mapped to com.example.demo.controller.ClienteController#listar()
2025-11-28 11:13:22 - Mapped to com.example.demo.controller.ClienteController#listar()
2025-11-28 11:13:22 - Mapped to com.example.demo.controller.ClienteController#listar()
2025-11-28 11:13:22 - Mapped to com.example.demo.controller.ClienteController#listar()
2025-11-28 11:13:22 - Mapped to com.example.demo.controller.ClienteController#listar()
2025-11-28 11:13:22 - Mapped to com.example.demo.controller.ClienteController#listar()
2025-11-28 11:13:22 - Mapped to com.example.demo.controller.ClienteController#listar()
2025-11-28 11:13:22 - Mapped to com.example.demo.controller.ClienteController#listar()
2025-11-28 11:13:22 - Mapped to com.example.demo.controller.ClienteController#listar()
2025-11-28 11:13:22 - Mapped to com.example.demo.controller.ClienteController#listar()
2025-11-28 11:13:22 - Mapped to com.example.demo.controller.ClienteController#listar()
2025-11-28 11:13:22 - GET /api/v1/clientes - Listar todos los clientes
2025-11-28 11:13:22 - GET /api/v1/clientes - Listar todos los clientes
2025-11-28 11:13:22 - GET /api/v1/clientes - Listar todos los clientes
2025-11-28 11:13:22 - GET /api/v1/clientes - Listar todos los clientes
2025-11-28 11:13:22 - GET /api/v1/clientes - Listar todos los clientes
2025-11-28 11:13:22 - GET /api/v1/clientes - Listar todos los clientes
2025-11-28 11:13:22 - GET /api/v1/clientes - Listar todos los clientes
2025-11-28 11:13:22 - GET /api/v1/clientes - Listar todos los clientes
2025-11-28 11:13:22 - GET /api/v1/clientes - Listar todos los clientes
2025-11-28 11:13:22 - GET /api/v1/clientes - Listar todos los clientes
2025-11-28 11:13:22 - GET /api/v1/clientes - Listar todos los clientes
2025-11-28 11:13:22 - GET /api/v1/clientes - Listar todos los clientes
2025-11-28 11:13:22 - GET /api/v1/clientes - Listar todos los clientes
2025-11-28 11:13:22 - GET /api/v1/clientes - Listar todos los clientes
2025-11-28 11:13:22 - GET /api/v1/clientes - Listar todos los clientes
2025-11-28 11:13:22 - GET /api/v1/clientes - Listar todos los clientes
2025-11-28 11:13:22 - GET /api/v1/clientes - Listar todos los clientes
2025-11-28 11:13:22 - GET /api/v1/clientes - Listar todos los clientes
2025-11-28 11:13:22 - GET /api/v1/clientes - Listar todos los clientes
2025-11-28 11:13:22 - GET /api/v1/clientes - Listar todos los clientes
2025-11-28 11:13:22 - Listando todos los clientes activos
2025-11-28 11:13:22 - Listando todos los clientes activos
2025-11-28 11:13:22 - Listando todos los clientes activos
2025-11-28 11:13:22 - Listando todos los clientes activos
2025-11-28 11:13:22 - Listando todos los clientes activos
2025-11-28 11:13:22 - Listando todos los clientes activos
2025-11-28 11:13:22 - Listando todos los clientes activos
2025-11-28 11:13:22 - Listando todos los clientes activos
2025-11-28 11:13:22 - Listando todos los clientes activos
2025-11-28 11:13:22 - Listando todos los clientes activos
2025-11-28 11:13:22 - 
    select
        c1_0.id,
        c1_0.activo,
        c1_0.email,
        c1_0.fecha_registro,
        c1_0.nombre,
        c1_0.telefono 
    from
        clientes c1_0 
    where
        c1_0.activo=?
2025-11-28 11:13:22 - 
    select
        c1_0.id,
        c1_0.activo,
        c1_0.email,
        c1_0.fecha_registro,
        c1_0.nombre,
Hibernate: 
        c1_0.telefono 
    from
        clientes c1_0 
    select
    where
        c1_0.id,
        c1_0.activo=?
        c1_0.activo,
        c1_0.email,
        c1_0.fecha_registro,
        c1_0.nombre,
        c1_0.telefono 
    from
        clientes c1_0 
2025-11-28 11:13:22 - 
    select
        c1_0.id,
    where
        c1_0.activo,
        c1_0.email,
        c1_0.activo=?
        c1_0.fecha_registro,
        c1_0.nombre,
        c1_0.telefono 
Hibernate: 
    from
    select
        clientes c1_0 
    where
        c1_0.id,
        c1_0.activo=?
        c1_0.activo,
        c1_0.email,
        c1_0.fecha_registro,
        c1_0.nombre,
2025-11-28 11:13:22 - 
        c1_0.telefono 
    from
        clientes c1_0 
    select
    where
        c1_0.id,
        c1_0.activo,
        c1_0.email,
        c1_0.fecha_registro,
        c1_0.activo=?
        c1_0.nombre,
        c1_0.telefono 
    from
Hibernate: 
        clientes c1_0 
    where
    select
        c1_0.activo=?
        c1_0.id,
        c1_0.activo,
        c1_0.email,
        c1_0.fecha_registro,
        c1_0.nombre,
2025-11-28 11:13:22 - 
        c1_0.telefono 
    select
        c1_0.id,
        c1_0.activo,
    from
        c1_0.email,
        clientes c1_0 
        c1_0.fecha_registro,
    where
        c1_0.nombre,
        c1_0.telefono 
    from
        clientes c1_0 
        c1_0.activo=?
    where
        c1_0.activo=?
Hibernate: 
    select
        c1_0.id,
        c1_0.activo,
        c1_0.email,
        c1_0.fecha_registro,
        c1_0.nombre,
        c1_0.telefono 
    from
        clientes c1_0 
    where
        c1_0.activo=?
Hibernate: 
    select
        c1_0.id,
        c1_0.activo,
        c1_0.email,
        c1_0.fecha_registro,
        c1_0.nombre,
        c1_0.telefono 
    from
        clientes c1_0 
    where
        c1_0.activo=?
2025-11-28 11:13:22 - 
    select
        c1_0.id,
        c1_0.activo,
        c1_0.email,
        c1_0.fecha_registro,
        c1_0.nombre,
        c1_0.telefono 
    from
        clientes c1_0 
    where
        c1_0.activo=?
2025-11-28 11:13:22 - 
    select
        c1_0.id,
        c1_0.activo,
        c1_0.email,
        c1_0.fecha_registro,
        c1_0.nombre,
        c1_0.telefono 
    from
        clientes c1_0 
    where
        c1_0.activo=?
Hibernate: 
    select
        c1_0.id,
        c1_0.activo,
        c1_0.email,
        c1_0.fecha_registro,
        c1_0.nombre,
        c1_0.telefono 
    from
        clientes c1_0 
    where
        c1_0.activo=?
Hibernate: 
    select
        c1_0.id,
        c1_0.activo,
        c1_0.email,
        c1_0.fecha_registro,
        c1_0.nombre,
        c1_0.telefono 
    from
        clientes c1_0 
    where
        c1_0.activo=?
2025-11-28 11:13:22 - 
    select
        c1_0.id,
        c1_0.activo,
        c1_0.email,
        c1_0.fecha_registro,
        c1_0.nombre,
        c1_0.telefono 
    from
        clientes c1_0 
    where
        c1_0.activo=?
Hibernate: 
2025-11-28 11:13:22 - 
    select
    select
        c1_0.id,
        c1_0.activo,
        c1_0.id,
        c1_0.activo,
        c1_0.email,
        c1_0.email,
        c1_0.fecha_registro,
        c1_0.fecha_registro,
        c1_0.nombre,
        c1_0.telefono 
    from
        c1_0.nombre,
        clientes c1_0 
    where
        c1_0.telefono 
    from
        clientes c1_0 
        c1_0.activo=?
    where
        c1_0.activo=?
2025-11-28 11:13:22 - 
    select
        c1_0.id,
        c1_0.activo,
        c1_0.email,
        c1_0.fecha_registro,
        c1_0.nombre,
        c1_0.telefono 
    from
        clientes c1_0 
Hibernate: 
    where
    select
        c1_0.activo=?
        c1_0.id,
        c1_0.activo,
        c1_0.email,
        c1_0.fecha_registro,
        c1_0.nombre,
        c1_0.telefono 
    from
        clientes c1_0 
    where
        c1_0.activo=?
Hibernate: 
    select
        c1_0.id,
        c1_0.activo,
        c1_0.email,
        c1_0.fecha_registro,
        c1_0.nombre,
        c1_0.telefono 
    from
        clientes c1_0 
    where
        c1_0.activo=?
2025-11-28 11:13:22 - Using 'application/json', given [*/*] and supported [application/json, application/*+json]
2025-11-28 11:13:22 - Using 'application/json', given [*/*] and supported [application/json, application/*+json]
2025-11-28 11:13:22 - Using 'application/json', given [*/*] and supported [application/json, application/*+json]
2025-11-28 11:13:22 - Using 'application/json', given [*/*] and supported [application/json, application/*+json]
2025-11-28 11:13:22 - Using 'application/json', given [*/*] and supported [application/json, application/*+json]
2025-11-28 11:13:22 - Using 'application/json', given [*/*] and supported [application/json, application/*+json]
2025-11-28 11:13:22 - Using 'application/json', given [*/*] and supported [application/json, application/*+json]
2025-11-28 11:13:22 - Using 'application/json', given [*/*] and supported [application/json, application/*+json]
2025-11-28 11:13:22 - Using 'application/json', given [*/*] and supported [application/json, application/*+json]
2025-11-28 11:13:22 - Using 'application/json', given [*/*] and supported [application/json, application/*+json]
2025-11-28 11:13:22 - Writing [[ClienteResponseDTO(id=1, nombre=Carlos Rodríguez, email=carlos@example.com, telefono=0991234567, fe (truncated)...]
2025-11-28 11:13:22 - Writing [[ClienteResponseDTO(id=1, nombre=Carlos Rodríguez, email=carlos@example.com, telefono=0991234567, fe (truncated)...]
2025-11-28 11:13:22 - Writing [[ClienteResponseDTO(id=1, nombre=Carlos Rodríguez, email=carlos@example.com, telefono=0991234567, fe (truncated)...]
2025-11-28 11:13:22 - Writing [[ClienteResponseDTO(id=1, nombre=Carlos Rodríguez, email=carlos@example.com, telefono=0991234567, fe (truncated)...]
2025-11-28 11:13:22 - Writing [[ClienteResponseDTO(id=1, nombre=Carlos Rodríguez, email=carlos@example.com, telefono=0991234567, fe (truncated)...]
2025-11-28 11:13:22 - Writing [[ClienteResponseDTO(id=1, nombre=Carlos Rodríguez, email=carlos@example.com, telefono=0991234567, fe (truncated)...]
2025-11-28 11:13:22 - Writing [[ClienteResponseDTO(id=1, nombre=Carlos Rodríguez, email=carlos@example.com, telefono=0991234567, fe (truncated)...]
2025-11-28 11:13:22 - Writing [[ClienteResponseDTO(id=1, nombre=Carlos Rodríguez, email=carlos@example.com, telefono=0991234567, fe (truncated)...]
2025-11-28 11:13:22 - Writing [[ClienteResponseDTO(id=1, nombre=Carlos Rodríguez, email=carlos@example.com, telefono=0991234567, fe (truncated)...]
2025-11-28 11:13:22 - Writing [[ClienteResponseDTO(id=1, nombre=Carlos Rodríguez, email=carlos@example.com, telefono=0991234567, fe (truncated)...]
2025-11-28 11:13:23 - Listando todos los clientes activos
2025-11-28 11:13:23 - Listando todos los clientes activos
2025-11-28 11:13:23 - Listando todos los clientes activos
2025-11-28 11:13:23 - Listando todos los clientes activos
2025-11-28 11:13:23 - Listando todos los clientes activos
2025-11-28 11:13:23 - Listando todos los clientes activos
2025-11-28 11:13:23 - Listando todos los clientes activos
2025-11-28 11:13:23 - Listando todos los clientes activos
2025-11-28 11:13:23 - Listando todos los clientes activos
2025-11-28 11:13:23 - Listando todos los clientes activos
2025-11-28 11:13:23 - Completed 200 OK
2025-11-28 11:13:23 - Completed 200 OK
2025-11-28 11:13:23 - Completed 200 OK
2025-11-28 11:13:23 - Completed 200 OK
2025-11-28 11:13:23 - Completed 200 OK
2025-11-28 11:13:23 - 
    select
        c1_0.id,
        c1_0.activo,
        c1_0.email,
        c1_0.fecha_registro,
        c1_0.nombre,
        c1_0.telefono 
    from
        clientes c1_0 
    where
        c1_0.activo=?
2025-11-28 11:13:23 - Completed 200 OK
Hibernate: 
    select
        c1_0.id,
        c1_0.activo,
        c1_0.email,
        c1_0.fecha_registro,
        c1_0.nombre,
        c1_0.telefono 
    from
        clientes c1_0 
    where
        c1_0.activo=?
2025-11-28 11:13:23 - Completed 200 OK
2025-11-28 11:13:23 - 
    select
        c1_0.id,
        c1_0.activo,
        c1_0.email,
        c1_0.fecha_registro,
        c1_0.nombre,
        c1_0.telefono 
    from
        clientes c1_0 
    where
        c1_0.activo=?
2025-11-28 11:13:23 - Completed 200 OK
Hibernate: 
    select
        c1_0.id,
        c1_0.activo,
2025-11-28 11:13:23 - 
        c1_0.email,
    select
        c1_0.fecha_registro,
        c1_0.nombre,
        c1_0.id,
        c1_0.telefono 
    from
        clientes c1_0 
    where
        c1_0.activo=?
        c1_0.activo,
        c1_0.email,
        c1_0.fecha_registro,
        c1_0.nombre,
        c1_0.telefono 
    from
        clientes c1_0 
    where
        c1_0.activo=?
Hibernate: 
    select
        c1_0.id,
        c1_0.activo,
        c1_0.email,
        c1_0.fecha_registro,
        c1_0.nombre,
        c1_0.telefono 
    from
        clientes c1_0 
    where
        c1_0.activo=?
2025-11-28 11:13:23 - Completed 200 OK
2025-11-28 11:13:23 - 
    select
        c1_0.id,
        c1_0.activo,
        c1_0.email,
        c1_0.fecha_registro,
        c1_0.nombre,
        c1_0.telefono 
    from
        clientes c1_0 
    where
        c1_0.activo=?
Hibernate: 
    select
        c1_0.id,
        c1_0.activo,
        c1_0.email,
        c1_0.fecha_registro,
        c1_0.nombre,
        c1_0.telefono 
    from
        clientes c1_0 
    where
        c1_0.activo=?
2025-11-28 11:13:23 - 
    select
        c1_0.id,
        c1_0.activo,
        c1_0.email,
        c1_0.fecha_registro,
        c1_0.nombre,
        c1_0.telefono 
    from
        clientes c1_0 
    where
        c1_0.activo=?
2025-11-28 11:13:23 - 
    select
        c1_0.id,
        c1_0.activo,
        c1_0.email,
        c1_0.fecha_registro,
        c1_0.nombre,
        c1_0.telefono 
    from
        clientes c1_0 
    where
        c1_0.activo=?
2025-11-28 11:13:23 - Completed 200 OK
Hibernate: 
    select
2025-11-28 11:13:23 - Using 'application/json', given [*/*] and supported [application/json, application/*+json]
        c1_0.id,
        c1_0.activo,
        c1_0.email,
        c1_0.fecha_registro,
        c1_0.nombre,
        c1_0.telefono 
    from
        clientes c1_0 
    where
        c1_0.activo=?
2025-11-28 11:13:23 - Using 'application/json', given [*/*] and supported [application/json, application/*+json]
2025-11-28 11:13:23 - Writing [[ClienteResponseDTO(id=1, nombre=Carlos Rodríguez, email=carlos@example.com, telefono=0991234567, fe (truncated)...]
2025-11-28 11:13:23 - Writing [[ClienteResponseDTO(id=1, nombre=Carlos Rodríguez, email=carlos@example.com, telefono=0991234567, fe (truncated)...]
Hibernate: 
    select
        c1_0.id,
        c1_0.activo,
        c1_0.email,
        c1_0.fecha_registro,
        c1_0.nombre,
        c1_0.telefono 
    from
        clientes c1_0 
    where
        c1_0.activo=?
2025-11-28 11:13:23 - Completed 200 OK
2025-11-28 11:13:23 - 
    select
        c1_0.id,
        c1_0.activo,
        c1_0.email,
        c1_0.fecha_registro,
        c1_0.nombre,
        c1_0.telefono 
    from
        clientes c1_0 
    where
        c1_0.activo=?
2025-11-28 11:13:23 - Completed 200 OK
2025-11-28 11:13:23 - Using 'application/json', given [*/*] and supported [application/json, application/*+json]
Hibernate: 
    select
2025-11-28 11:13:23 - Using 'application/json', given [*/*] and supported [application/json, application/*+json]
        c1_0.id,
        c1_0.activo,
        c1_0.email,
        c1_0.fecha_registro,
        c1_0.nombre,
        c1_0.telefono 
    from
        clientes c1_0 
    where
        c1_0.activo=?
2025-11-28 11:13:23 - Using 'application/json', given [*/*] and supported [application/json, application/*+json]
2025-11-28 11:13:23 - 
    select
        c1_0.id,
        c1_0.activo,
        c1_0.email,
        c1_0.fecha_registro,
        c1_0.nombre,
        c1_0.telefono 
    from
        clientes c1_0 
    where
        c1_0.activo=?
2025-11-28 11:13:23 - Writing [[ClienteResponseDTO(id=1, nombre=Carlos Rodríguez, email=carlos@example.com, telefono=0991234567, fe (truncated)...]
Hibernate: 
    select
        c1_0.id,
        c1_0.activo,
        c1_0.email,
        c1_0.fecha_registro,
        c1_0.nombre,
        c1_0.telefono 
    from
        clientes c1_0 
    where
        c1_0.activo=?
2025-11-28 11:13:23 - 
    select
        c1_0.id,
        c1_0.activo,
        c1_0.email,
        c1_0.fecha_registro,
        c1_0.nombre,
        c1_0.telefono 
    from
        clientes c1_0 
    where
        c1_0.activo=?
2025-11-28 11:13:23 - 
    select
        c1_0.id,
        c1_0.activo,
Hibernate: 
        c1_0.email,
    select
        c1_0.id,
        c1_0.fecha_registro,
        c1_0.activo,
        c1_0.email,
        c1_0.fecha_registro,
        c1_0.nombre,
        c1_0.telefono 
    from
        c1_0.nombre,
        clientes c1_0 
    where
        c1_0.telefono 
    from
        c1_0.activo=?
        clientes c1_0 
    where
        c1_0.activo=?
2025-11-28 11:13:23 - Writing [[ClienteResponseDTO(id=1, nombre=Carlos Rodríguez, email=carlos@example.com, telefono=0991234567, fe (truncated)...]
2025-11-28 11:13:23 - Writing [[ClienteResponseDTO(id=1, nombre=Carlos Rodríguez, email=carlos@example.com, telefono=0991234567, fe (truncated)...]
Hibernate: 
    select
        c1_0.id,
        c1_0.activo,
        c1_0.email,
        c1_0.fecha_registro,
        c1_0.nombre,
        c1_0.telefono 
    from
        clientes c1_0 
    where
2025-11-28 11:13:23 - Using 'application/json', given [*/*] and supported [application/json, application/*+json]
        c1_0.activo=?
2025-11-28 11:13:23 - Using 'application/json', given [*/*] and supported [application/json, application/*+json]
2025-11-28 11:13:23 - Writing [[ClienteResponseDTO(id=1, nombre=Carlos Rodríguez, email=carlos@example.com, telefono=0991234567, fe (truncated)...]
2025-11-28 11:13:23 - Completed 200 OK
2025-11-28 11:13:23 - Writing [[ClienteResponseDTO(id=1, nombre=Carlos Rodríguez, email=carlos@example.com, telefono=0991234567, fe (truncated)...]
2025-11-28 11:13:23 - Using 'application/json', given [*/*] and supported [application/json, application/*+json]
2025-11-28 11:13:23 - Completed 200 OK
2025-11-28 11:13:23 - Using 'application/json', given [*/*] and supported [application/json, application/*+json]
2025-11-28 11:13:23 - Writing [[ClienteResponseDTO(id=1, nombre=Carlos Rodríguez, email=carlos@example.com, telefono=0991234567, fe (truncated)...]
2025-11-28 11:13:23 - Completed 200 OK
2025-11-28 11:13:23 - Completed 200 OK
2025-11-28 11:13:23 - Completed 200 OK
2025-11-28 11:13:23 - Writing [[ClienteResponseDTO(id=1, nombre=Carlos Rodríguez, email=carlos@example.com, telefono=0991234567, fe (truncated)...]
2025-11-28 11:13:23 - Completed 200 OK
2025-11-28 11:13:23 - Completed 200 OK
2025-11-28 11:13:23 - Using 'application/json', given [*/*] and supported [application/json, application/*+json]
2025-11-28 11:13:23 - Writing [[ClienteResponseDTO(id=1, nombre=Carlos Rodríguez, email=carlos@example.com, telefono=0991234567, fe (truncated)...]
2025-11-28 11:13:23 - Completed 200 OK
2025-11-28 11:13:23 - GET "/api/v1/clientes", parameters={}
2025-11-28 11:13:23 - GET "/api/v1/clientes", parameters={}
2025-11-28 11:13:23 - Mapped to com.example.demo.controller.ClienteController#listar()
2025-11-28 11:13:23 - Mapped to com.example.demo.controller.ClienteController#listar()
2025-11-28 11:13:23 - GET /api/v1/clientes - Listar todos los clientes
2025-11-28 11:13:23 - GET /api/v1/clientes - Listar todos los clientes
2025-11-28 11:13:23 - Listando todos los clientes activos
2025-11-28 11:13:23 - Listando todos los clientes activos
2025-11-28 11:13:23 - GET "/api/v1/clientes", parameters={}
2025-11-28 11:13:23 - Mapped to com.example.demo.controller.ClienteController#listar()
2025-11-28 11:13:23 - 
    select
        c1_0.id,
        c1_0.activo,
        c1_0.email,
        c1_0.fecha_registro,
        c1_0.nombre,
        c1_0.telefono 
    from
        clientes c1_0 
    where
        c1_0.activo=?
Hibernate: 
    select
        c1_0.id,
        c1_0.activo,
        c1_0.email,
        c1_0.fecha_registro,
        c1_0.nombre,
        c1_0.telefono 
    from
        clientes c1_0 
    where
        c1_0.activo=?
2025-11-28 11:13:23 - GET /api/v1/clientes - Listar todos los clientes
2025-11-28 11:13:23 - Listando todos los clientes activos
2025-11-28 11:13:23 - 
    select
        c1_0.id,
        c1_0.activo,
        c1_0.email,
        c1_0.fecha_registro,
        c1_0.nombre,
        c1_0.telefono 
    from
        clientes c1_0 
    where
        c1_0.activo=?
2025-11-28 11:13:23 - Using 'application/json', given [*/*] and supported [application/json, application/*+json]
Hibernate: 
    select
        c1_0.id,
        c1_0.activo,
        c1_0.email,
        c1_0.fecha_registro,
        c1_0.nombre,
        c1_0.telefono 
    from
        clientes c1_0 
    where
        c1_0.activo=?
2025-11-28 11:13:23 - Writing [[ClienteResponseDTO(id=1, nombre=Carlos Rodríguez, email=carlos@example.com, telefono=0991234567, fe (truncated)...]
2025-11-28 11:13:23 - 
    select
        c1_0.id,
        c1_0.activo,
        c1_0.email,
        c1_0.fecha_registro,
        c1_0.nombre,
        c1_0.telefono 
    from
        clientes c1_0 
    where
        c1_0.activo=?
Hibernate: 
    select
        c1_0.id,
        c1_0.activo,
        c1_0.email,
        c1_0.fecha_registro,
        c1_0.nombre,
        c1_0.telefono 
    from
        clientes c1_0 
    where
        c1_0.activo=?
2025-11-28 11:13:23 - GET "/api/v1/clientes", parameters={}
2025-11-28 11:13:23 - Mapped to com.example.demo.controller.ClienteController#listar()
2025-11-28 11:13:23 - Using 'application/json', given [*/*] and supported [application/json, application/*+json]
2025-11-28 11:13:23 - Writing [[ClienteResponseDTO(id=1, nombre=Carlos Rodríguez, email=carlos@example.com, telefono=0991234567, fe (truncated)...]
2025-11-28 11:13:23 - GET /api/v1/clientes - Listar todos los clientes
2025-11-28 11:13:23 - Completed 200 OK
2025-11-28 11:13:23 - Using 'application/json', given [*/*] and supported [application/json, application/*+json]
2025-11-28 11:13:23 - Writing [[ClienteResponseDTO(id=1, nombre=Carlos Rodríguez, email=carlos@example.com, telefono=0991234567, fe (truncated)...]
2025-11-28 11:13:23 - Listando todos los clientes activos
2025-11-28 11:13:23 - GET "/api/v1/clientes", parameters={}
2025-11-28 11:13:23 - Mapped to com.example.demo.controller.ClienteController#listar()
2025-11-28 11:13:23 - Completed 200 OK
2025-11-28 11:13:23 - GET /api/v1/clientes - Listar todos los clientes
2025-11-28 11:13:23 - Listando todos los clientes activos
2025-11-28 11:13:23 - GET "/api/v1/clientes", parameters={}
2025-11-28 11:13:23 - 
    select
        c1_0.id,
        c1_0.activo,
        c1_0.email,
        c1_0.fecha_registro,
        c1_0.nombre,
        c1_0.telefono 
    from
        clientes c1_0 
    where
        c1_0.activo=?
Hibernate: 
    select
        c1_0.id,
        c1_0.activo,
        c1_0.email,
        c1_0.fecha_registro,
        c1_0.nombre,
        c1_0.telefono 
    from
        clientes c1_0 
    where
        c1_0.activo=?
2025-11-28 11:13:23 - Mapped to com.example.demo.controller.ClienteController#listar()
2025-11-28 11:13:23 - GET /api/v1/clientes - Listar todos los clientes
2025-11-28 11:13:23 - GET "/api/v1/clientes", parameters={}
2025-11-28 11:13:23 - Listando todos los clientes activos
2025-11-28 11:13:23 - GET "/api/v1/clientes", parameters={}
2025-11-28 11:13:23 - Using 'application/json', given [*/*] and supported [application/json, application/*+json]
2025-11-28 11:13:23 - Completed 200 OK
2025-11-28 11:13:23 - 
    select
        c1_0.id,
        c1_0.activo,
        c1_0.email,
        c1_0.fecha_registro,
        c1_0.nombre,
        c1_0.telefono 
    from
        clientes c1_0 
    where
        c1_0.activo=?
2025-11-28 11:13:23 - Writing [[ClienteResponseDTO(id=1, nombre=Carlos Rodríguez, email=carlos@example.com, telefono=0991234567, fe (truncated)...]
2025-11-28 11:13:23 - Mapped to com.example.demo.controller.ClienteController#listar()
Hibernate: 
    select
        c1_0.id,
        c1_0.activo,
        c1_0.email,
        c1_0.fecha_registro,
        c1_0.nombre,
        c1_0.telefono 
    from
        clientes c1_0 
    where
        c1_0.activo=?
2025-11-28 11:13:23 - GET "/api/v1/clientes", parameters={}
2025-11-28 11:13:23 - Mapped to com.example.demo.controller.ClienteController#listar()
2025-11-28 11:13:23 - Mapped to com.example.demo.controller.ClienteController#listar()
2025-11-28 11:13:23 - GET /api/v1/clientes - Listar todos los clientes
2025-11-28 11:13:23 - GET /api/v1/clientes - Listar todos los clientes
2025-11-28 11:13:23 - GET /api/v1/clientes - Listar todos los clientes
2025-11-28 11:13:23 - Completed 200 OK
2025-11-28 11:13:23 - Listando todos los clientes activos
2025-11-28 11:13:23 - Listando todos los clientes activos
2025-11-28 11:13:23 - Listando todos los clientes activos
2025-11-28 11:13:23 - Using 'application/json', given [*/*] and supported [application/json, application/*+json]
2025-11-28 11:13:23 - GET "/api/v1/clientes", parameters={}
2025-11-28 11:13:23 - Writing [[ClienteResponseDTO(id=1, nombre=Carlos Rodríguez, email=carlos@example.com, telefono=0991234567, fe (truncated)...]
2025-11-28 11:13:23 - Mapped to com.example.demo.controller.ClienteController#listar()
2025-11-28 11:13:23 - 
    select
        c1_0.id,
        c1_0.activo,
        c1_0.email,
        c1_0.fecha_registro,
        c1_0.nombre,
        c1_0.telefono 
    from
        clientes c1_0 
    where
        c1_0.activo=?
2025-11-28 11:13:23 - 
    select
        c1_0.id,
        c1_0.activo,
        c1_0.email,
        c1_0.fecha_registro,
        c1_0.nombre,
        c1_0.telefono 
    from
Hibernate: 
    select
        c1_0.id,
        c1_0.activo,
        c1_0.email,
        c1_0.fecha_registro,
        c1_0.nombre,
        c1_0.telefono 
        clientes c1_0 
    where
    from
        c1_0.activo=?
        clientes c1_0 
    where
2025-11-28 11:13:23 - Completed 200 OK
        c1_0.activo=?
Hibernate: 
    select
        c1_0.id,
        c1_0.activo,
        c1_0.email,
        c1_0.fecha_registro,
        c1_0.nombre,
        c1_0.telefono 
    from
        clientes c1_0 
2025-11-28 11:13:23 - GET /api/v1/clientes - Listar todos los clientes
2025-11-28 11:13:23 - GET "/api/v1/clientes", parameters={}
    where
        c1_0.activo=?
2025-11-28 11:13:23 - Mapped to com.example.demo.controller.ClienteController#listar()
2025-11-28 11:13:23 - 
    select
        c1_0.id,
        c1_0.activo,
        c1_0.email,
        c1_0.fecha_registro,
        c1_0.nombre,
        c1_0.telefono 
    from
        clientes c1_0 
    where
        c1_0.activo=?
2025-11-28 11:13:23 - GET /api/v1/clientes - Listar todos los clientes
2025-11-28 11:13:23 - Listando todos los clientes activos
Hibernate: 
    select
        c1_0.id,
        c1_0.activo,
        c1_0.email,
        c1_0.fecha_registro,
        c1_0.nombre,
        c1_0.telefono 
    from
        clientes c1_0 
    where
        c1_0.activo=?
2025-11-28 11:13:23 - Listando todos los clientes activos
2025-11-28 11:13:23 - Using 'application/json', given [*/*] and supported [application/json, application/*+json]
2025-11-28 11:13:23 - 
    select
        c1_0.id,
        c1_0.activo,
        c1_0.email,
        c1_0.fecha_registro,
        c1_0.nombre,
        c1_0.telefono 
    from
        clientes c1_0 
    where
        c1_0.activo=?
2025-11-28 11:13:23 - Writing [[ClienteResponseDTO(id=1, nombre=Carlos Rodríguez, email=carlos@example.com, telefono=0991234567, fe (truncated)...]
2025-11-28 11:13:23 - GET "/api/v1/clientes", parameters={}
2025-11-28 11:13:23 - GET "/api/v1/clientes", parameters={}
2025-11-28 11:13:23 - Mapped to com.example.demo.controller.ClienteController#listar()
2025-11-28 11:13:23 - Mapped to com.example.demo.controller.ClienteController#listar()
2025-11-28 11:13:23 - GET /api/v1/clientes - Listar todos los clientes
2025-11-28 11:13:23 - Listando todos los clientes activos
2025-11-28 11:13:23 - 
    select
        c1_0.id,
        c1_0.activo,
        c1_0.email,
        c1_0.fecha_registro,
        c1_0.nombre,
        c1_0.telefono 
    from
        clientes c1_0 
    where
        c1_0.activo=?
Hibernate: 
    select
        c1_0.id,
        c1_0.activo,
        c1_0.email,
        c1_0.fecha_registro,
        c1_0.nombre,
        c1_0.telefono 
    from
        clientes c1_0 
    where
        c1_0.activo=?
2025-11-28 11:13:23 - GET /api/v1/clientes - Listar todos los clientes
2025-11-28 11:13:23 - Listando todos los clientes activos
2025-11-28 11:13:23 - Using 'application/json', given [*/*] and supported [application/json, application/*+json]
2025-11-28 11:13:23 - Using 'application/json', given [*/*] and supported [application/json, application/*+json]
2025-11-28 11:13:23 - Using 'application/json', given [*/*] and supported [application/json, application/*+json]
Hibernate: 
    select
        c1_0.id,
        c1_0.activo,
        c1_0.email,
        c1_0.fecha_registro,
        c1_0.nombre,
        c1_0.telefono 
    from
        clientes c1_0 
    where
        c1_0.activo=?
2025-11-28 11:13:23 - Writing [[ClienteResponseDTO(id=1, nombre=Carlos Rodríguez, email=carlos@example.com, telefono=0991234567, fe (truncated)...]
2025-11-28 11:13:23 - GET "/api/v1/clientes", parameters={}
2025-11-28 11:13:23 - 
    select
        c1_0.id,
        c1_0.activo,
        c1_0.email,
        c1_0.fecha_registro,
        c1_0.nombre,
        c1_0.telefono 
    from
        clientes c1_0 
    where
        c1_0.activo=?
Hibernate: 
    select
        c1_0.id,
2025-11-28 11:13:23 - GET "/api/v1/clientes", parameters={}
2025-11-28 11:13:23 - Completed 200 OK
2025-11-28 11:13:23 - Mapped to com.example.demo.controller.ClienteController#listar()
2025-11-28 11:13:23 - GET /api/v1/clientes - Listar todos los clientes
2025-11-28 11:13:23 - Writing [[ClienteResponseDTO(id=1, nombre=Carlos Rodríguez, email=carlos@example.com, telefono=0991234567, fe (truncated)...]
2025-11-28 11:13:23 - Listando todos los clientes activos
2025-11-28 11:13:23 - Writing [[ClienteResponseDTO(id=1, nombre=Carlos Rodríguez, email=carlos@example.com, telefono=0991234567, fe (truncated)...]
2025-11-28 11:13:23 - GET "/api/v1/clientes", parameters={}
2025-11-28 11:13:23 - GET "/api/v1/clientes", parameters={}
2025-11-28 11:13:23 - Mapped to com.example.demo.controller.ClienteController#listar()
2025-11-28 11:13:23 - 
    select
        c1_0.id,
        c1_0.activo,
        c1_0.email,
        c1_0.fecha_registro,
        c1_0.nombre,
        c1_0.telefono 
    from
        clientes c1_0 
    where
        c1_0.activo=?
2025-11-28 11:13:23 - Mapped to com.example.demo.controller.ClienteController#listar()
2025-11-28 11:13:23 - Using 'application/json', given [*/*] and supported [application/json, application/*+json]
2025-11-28 11:13:23 - 
    select
        c1_0.id,
        c1_0.activo,
        c1_0.email,
        c1_0.fecha_registro,
        c1_0.nombre,
        c1_0.telefono 
    from
        clientes c1_0 
    where
        c1_0.activo=?
2025-11-28 11:13:23 - GET "/api/v1/clientes", parameters={}
2025-11-28 11:13:23 - Mapped to com.example.demo.controller.ClienteController#listar()
2025-11-28 11:13:23 - GET /api/v1/clientes - Listar todos los clientes
2025-11-28 11:13:23 - Completed 200 OK
2025-11-28 11:13:23 - GET /api/v1/clientes - Listar todos los clientes
2025-11-28 11:13:23 - Completed 200 OK
2025-11-28 11:13:23 - Listando todos los clientes activos
2025-11-28 11:13:23 - Listando todos los clientes activos
2025-11-28 11:13:23 - 
    select
        c1_0.id,
        c1_0.activo,
        c1_0.email,
        c1_0.fecha_registro,
        c1_0.nombre,
        c1_0.telefono 
    from
        clientes c1_0 
    where
        c1_0.activo=?
2025-11-28 11:13:23 - GET /api/v1/clientes - Listar todos los clientes
2025-11-28 11:13:23 - Listando todos los clientes activos
2025-11-28 11:13:23 - Writing [[ClienteResponseDTO(id=1, nombre=Carlos Rodríguez, email=carlos@example.com, telefono=0991234567, fe (truncated)...]
2025-11-28 11:13:23 - Mapped to com.example.demo.controller.ClienteController#listar()
2025-11-28 11:13:23 - 
    select
        c1_0.id,
        c1_0.activo,
        c1_0.email,
        c1_0.fecha_registro,
        c1_0.nombre,
        c1_0.telefono 
    from
        clientes c1_0 
    where
        c1_0.activo=?
2025-11-28 11:13:23 - GET /api/v1/clientes - Listar todos los clientes
2025-11-28 11:13:23 - Listando todos los clientes activos
2025-11-28 11:13:23 - 
    select
        c1_0.id,
        c1_0.activo,
        c1_0.email,
        c1_0.fecha_registro,
        c1_0.nombre,
        c1_0.telefono 
    from
        clientes c1_0 
    where
        c1_0.activo=?
2025-11-28 11:13:23 - Completed 200 OK
        c1_0.activo,
        c1_0.email,
        c1_0.fecha_registro,
        c1_0.nombre,
        c1_0.telefono 
    from
        clientes c1_0 
    where
2025-11-28 11:13:23 - 
    select
        c1_0.id,
        c1_0.activo,
        c1_0.email,
        c1_0.fecha_registro,
        c1_0.nombre,
        c1_0.telefono 
    from
        clientes c1_0 
    where
        c1_0.activo=?
        c1_0.activo=?
Hibernate: 
    select
        c1_0.id,
        c1_0.activo,
        c1_0.email,
        c1_0.fecha_registro,
        c1_0.nombre,
        c1_0.telefono 
    from
        clientes c1_0 
    where
        c1_0.activo=?
Hibernate: 
    select
        c1_0.id,
        c1_0.activo,
        c1_0.email,
        c1_0.fecha_registro,
        c1_0.nombre,
        c1_0.telefono 
    from
        clientes c1_0 
    where
        c1_0.activo=?
Hibernate: 
    select
        c1_0.id,
        c1_0.activo,
        c1_0.email,
        c1_0.fecha_registro,
        c1_0.nombre,
        c1_0.telefono 
    from
        clientes c1_0 
    where
        c1_0.activo=?
2025-11-28 11:13:23 - GET "/api/v1/clientes", parameters={}
2025-11-28 11:13:23 - Mapped to com.example.demo.controller.ClienteController#listar()
2025-11-28 11:13:23 - Using 'application/json', given [*/*] and supported [application/json, application/*+json]
2025-11-28 11:13:23 - GET /api/v1/clientes - Listar todos los clientes
2025-11-28 11:13:23 - Writing [[ClienteResponseDTO(id=1, nombre=Carlos Rodríguez, email=carlos@example.com, telefono=0991234567, fe (truncated)...]
2025-11-28 11:13:23 - Completed 200 OK
2025-11-28 11:13:23 - GET "/api/v1/clientes", parameters={}
2025-11-28 11:13:23 - Completed 200 OK
Hibernate: 
    select
        c1_0.id,
        c1_0.activo,
        c1_0.email,
        c1_0.fecha_registro,
2025-11-28 11:13:23 - GET "/api/v1/clientes", parameters={}
2025-11-28 11:13:23 - Using 'application/json', given [*/*] and supported [application/json, application/*+json]
2025-11-28 11:13:23 - Mapped to com.example.demo.controller.ClienteController#listar()
2025-11-28 11:13:23 - Listando todos los clientes activos
2025-11-28 11:13:23 - GET /api/v1/clientes - Listar todos los clientes
2025-11-28 11:13:23 - Listando todos los clientes activos
2025-11-28 11:13:23 - GET "/api/v1/clientes", parameters={}
        c1_0.nombre,
        c1_0.telefono 
    from
        clientes c1_0 
    where
        c1_0.activo=?
Hibernate: 
    select
        c1_0.id,
        c1_0.activo,
        c1_0.email,
        c1_0.fecha_registro,
        c1_0.nombre,
        c1_0.telefono 
    from
        clientes c1_0 
    where
        c1_0.activo=?
2025-11-28 11:13:23 - 
    select
        c1_0.id,
        c1_0.activo,
        c1_0.email,
        c1_0.fecha_registro,
        c1_0.nombre,
        c1_0.telefono 
    from
        clientes c1_0 
    where
        c1_0.activo=?
Hibernate: 
    select
        c1_0.id,
        c1_0.activo,
        c1_0.email,
        c1_0.fecha_registro,
        c1_0.nombre,
        c1_0.telefono 
    from
        clientes c1_0 
    where
        c1_0.activo=?
2025-11-28 11:13:23 - GET "/api/v1/clientes", parameters={}
2025-11-28 11:13:23 - Mapped to com.example.demo.controller.ClienteController#listar()
2025-11-28 11:13:23 - Mapped to com.example.demo.controller.ClienteController#listar()
2025-11-28 11:13:23 - GET /api/v1/clientes - Listar todos los clientes
2025-11-28 11:13:23 - GET "/api/v1/clientes", parameters={}
2025-11-28 11:13:23 - Listando todos los clientes activos
2025-11-28 11:13:23 - Mapped to com.example.demo.controller.ClienteController#listar()
Hibernate: 
    select
        c1_0.id,
        c1_0.activo,
        c1_0.email,
        c1_0.fecha_registro,
        c1_0.nombre,
        c1_0.telefono 
    from
        clientes c1_0 
    where
        c1_0.activo=?
2025-11-28 11:13:23 - GET /api/v1/clientes - Listar todos los clientes
2025-11-28 11:13:23 - Using 'application/json', given [*/*] and supported [application/json, application/*+json]
2025-11-28 11:13:23 - Using 'application/json', given [*/*] and supported [application/json, application/*+json]
2025-11-28 11:13:23 - Mapped to com.example.demo.controller.ClienteController#listar()
2025-11-28 11:13:23 - Writing [[ClienteResponseDTO(id=1, nombre=Carlos Rodríguez, email=carlos@example.com, telefono=0991234567, fe (truncated)...]
2025-11-28 11:13:23 - GET /api/v1/clientes - Listar todos los clientes
2025-11-28 11:13:23 - Using 'application/json', given [*/*] and supported [application/json, application/*+json]
2025-11-28 11:13:23 - Completed 200 OK
2025-11-28 11:13:23 - Listando todos los clientes activos
2025-11-28 11:13:23 - Using 'application/json', given [*/*] and supported [application/json, application/*+json]
2025-11-28 11:13:23 - 
    select
        c1_0.id,
        c1_0.activo,
        c1_0.email,
        c1_0.fecha_registro,
        c1_0.nombre,
        c1_0.telefono 
    from
        clientes c1_0 
    where
        c1_0.activo=?
2025-11-28 11:13:23 - 
    select
        c1_0.id,
        c1_0.activo,
        c1_0.email,
        c1_0.fecha_registro,
        c1_0.nombre,
        c1_0.telefono 
    from
        clientes c1_0 
    where
        c1_0.activo=?
2025-11-28 11:13:23 - GET "/api/v1/clientes", parameters={}
2025-11-28 11:13:23 - 
    select
        c1_0.id,
        c1_0.activo,
        c1_0.email,
        c1_0.fecha_registro,
        c1_0.nombre,
        c1_0.telefono 
    from
        clientes c1_0 
    where
        c1_0.activo=?
2025-11-28 11:13:23 - Mapped to com.example.demo.controller.ClienteController#listar()
2025-11-28 11:13:23 - GET /api/v1/clientes - Listar todos los clientes
Hibernate: 
    select
        c1_0.id,
        c1_0.activo,
        c1_0.email,
        c1_0.fecha_registro,
2025-11-28 11:13:23 - Writing [[ClienteResponseDTO(id=1, nombre=Carlos Rodríguez, email=carlos@example.com, telefono=0991234567, fe (truncated)...]
2025-11-28 11:13:23 - GET "/api/v1/clientes", parameters={}
2025-11-28 11:13:23 - Writing [[ClienteResponseDTO(id=1, nombre=Carlos Rodríguez, email=carlos@example.com, telefono=0991234567, fe (truncated)...]
        c1_0.nombre,
2025-11-28 11:13:23 - GET "/api/v1/clientes", parameters={}
        c1_0.telefono 
    from
        clientes c1_0 
    where
        c1_0.activo=?
2025-11-28 11:13:23 - Mapped to com.example.demo.controller.ClienteController#listar()
2025-11-28 11:13:23 - Completed 200 OK
2025-11-28 11:13:23 - Mapped to com.example.demo.controller.ClienteController#listar()
2025-11-28 11:13:23 - GET /api/v1/clientes - Listar todos los clientes
2025-11-28 11:13:23 - Listando todos los clientes activos
2025-11-28 11:13:23 - GET /api/v1/clientes - Listar todos los clientes
2025-11-28 11:13:23 - Using 'application/json', given [*/*] and supported [application/json, application/*+json]
2025-11-28 11:13:23 - Listando todos los clientes activos
2025-11-28 11:13:23 - Completed 200 OK
2025-11-28 11:13:23 - 
    select
        c1_0.id,
        c1_0.activo,
        c1_0.email,
        c1_0.fecha_registro,
        c1_0.nombre,
        c1_0.telefono 
    from
        clientes c1_0 
    where
        c1_0.activo=?
Hibernate: 
    select
        c1_0.id,
        c1_0.activo,
        c1_0.email,
        c1_0.fecha_registro,
        c1_0.nombre,
        c1_0.telefono 
    from
        clientes c1_0 
    where
        c1_0.activo=?
2025-11-28 11:13:23 - 
    select
        c1_0.id,
        c1_0.activo,
        c1_0.email,
        c1_0.fecha_registro,
        c1_0.nombre,
        c1_0.telefono 
    from
        clientes c1_0 
    where
        c1_0.activo=?
Hibernate: 
    select
        c1_0.id,
        c1_0.activo,
        c1_0.email,
        c1_0.fecha_registro,
        c1_0.nombre,
        c1_0.telefono 
    from
        clientes c1_0 
    where
        c1_0.activo=?
Hibernate: 
    select
        c1_0.id,
        c1_0.activo,
        c1_0.email,
        c1_0.fecha_registro,
        c1_0.nombre,
        c1_0.telefono 
    from
        clientes c1_0 
    where
        c1_0.activo=?
Hibernate: 
    select
        c1_0.id,
        c1_0.activo,
        c1_0.email,
        c1_0.fecha_registro,
        c1_0.nombre,
        c1_0.telefono 
    from
        clientes c1_0 
    where
        c1_0.activo=?
2025-11-28 11:13:23 - Using 'application/json', given [*/*] and supported [application/json, application/*+json]
2025-11-28 11:13:23 - Using 'application/json', given [*/*] and supported [application/json, application/*+json]
2025-11-28 11:13:23 - Writing [[ClienteResponseDTO(id=1, nombre=Carlos Rodríguez, email=carlos@example.com, telefono=0991234567, fe (truncated)...]
2025-11-28 11:13:23 - Writing [[ClienteResponseDTO(id=1, nombre=Carlos Rodríguez, email=carlos@example.com, telefono=0991234567, fe (truncated)...]
2025-11-28 11:13:23 - Using 'application/json', given [*/*] and supported [application/json, application/*+json]
2025-11-28 11:13:23 - Using 'application/json', given [*/*] and supported [application/json, application/*+json]
2025-11-28 11:13:23 - Writing [[ClienteResponseDTO(id=1, nombre=Carlos Rodríguez, email=carlos@example.com, telefono=0991234567, fe (truncated)...]
2025-11-28 11:13:23 - GET "/api/v1/clientes", parameters={}
2025-11-28 11:13:23 - Using 'application/json', given [*/*] and supported [application/json, application/*+json]
2025-11-28 11:13:23 - GET "/api/v1/clientes", parameters={}
2025-11-28 11:13:23 - GET /api/v1/clientes - Listar todos los clientes
2025-11-28 11:13:23 - Writing [[ClienteResponseDTO(id=1, nombre=Carlos Rodríguez, email=carlos@example.com, telefono=0991234567, fe (truncated)...]
2025-11-28 11:13:23 - GET "/api/v1/clientes", parameters={}
2025-11-28 11:13:23 - Writing [[ClienteResponseDTO(id=1, nombre=Carlos Rodríguez, email=carlos@example.com, telefono=0991234567, fe (truncated)...]
2025-11-28 11:13:23 - GET "/api/v1/clientes", parameters={}
2025-11-28 11:13:23 - Mapped to com.example.demo.controller.ClienteController#listar()
2025-11-28 11:13:23 - Mapped to com.example.demo.controller.ClienteController#listar()
2025-11-28 11:13:23 - Mapped to com.example.demo.controller.ClienteController#listar()
2025-11-28 11:13:23 - Writing [[ClienteResponseDTO(id=1, nombre=Carlos Rodríguez, email=carlos@example.com, telefono=0991234567, fe (truncated)...]
2025-11-28 11:13:23 - Writing [[ClienteResponseDTO(id=1, nombre=Carlos Rodríguez, email=carlos@example.com, telefono=0991234567, fe (truncated)...]
2025-11-28 11:13:23 - Writing [[ClienteResponseDTO(id=1, nombre=Carlos Rodríguez, email=carlos@example.com, telefono=0991234567, fe (truncated)...]
2025-11-28 11:13:23 - 
    select
        c1_0.id,
        c1_0.activo,
        c1_0.email,
        c1_0.fecha_registro,
        c1_0.nombre,
        c1_0.telefono 
    from
        clientes c1_0 
    where
        c1_0.activo=?
2025-11-28 11:13:23 - GET "/api/v1/clientes", parameters={}
Hibernate: 
    select
        c1_0.id,
        c1_0.activo,
        c1_0.email,
        c1_0.fecha_registro,
        c1_0.nombre,
        c1_0.telefono 
    from
        clientes c1_0 
    where
        c1_0.activo=?
2025-11-28 11:13:23 - GET "/api/v1/clientes", parameters={}
2025-11-28 11:13:23 - GET "/api/v1/clientes", parameters={}
2025-11-28 11:13:23 - Mapped to com.example.demo.controller.ClienteController#listar()
2025-11-28 11:13:23 - Mapped to com.example.demo.controller.ClienteController#listar()
2025-11-28 11:13:23 - Completed 200 OK
2025-11-28 11:13:23 - GET /api/v1/clientes - Listar todos los clientes
2025-11-28 11:13:23 - GET /api/v1/clientes - Listar todos los clientes
2025-11-28 11:13:23 - GET /api/v1/clientes - Listar todos los clientes
2025-11-28 11:13:23 - Listando todos los clientes activos
2025-11-28 11:13:23 - Listando todos los clientes activos
2025-11-28 11:13:23 - Using 'application/json', given [*/*] and supported [application/json, application/*+json]
2025-11-28 11:13:23 - Writing [[ClienteResponseDTO(id=1, nombre=Carlos Rodríguez, email=carlos@example.com, telefono=0991234567, fe (truncated)...]
2025-11-28 11:13:23 - Using 'application/json', given [*/*] and supported [application/json, application/*+json]
2025-11-28 11:13:23 - Writing [[ClienteResponseDTO(id=1, nombre=Carlos Rodríguez, email=carlos@example.com, telefono=0991234567, fe (truncated)...]
2025-11-28 11:13:23 - Completed 200 OK
2025-11-28 11:13:23 - GET "/api/v1/clientes", parameters={}
2025-11-28 11:13:23 - Completed 200 OK
2025-11-28 11:13:23 - Completed 200 OK
2025-11-28 11:13:23 - Completed 200 OK
2025-11-28 11:13:23 - Listando todos los clientes activos
2025-11-28 11:13:23 - Completed 200 OK
2025-11-28 11:13:23 - Listando todos los clientes activos
2025-11-28 11:13:23 - Listando todos los clientes activos
2025-11-28 11:13:23 - 
    select
        c1_0.id,
        c1_0.activo,
        c1_0.email,
        c1_0.fecha_registro,
        c1_0.nombre,
        c1_0.telefono 
    from
        clientes c1_0 
    where
        c1_0.activo=?
Hibernate: 
    select
        c1_0.id,
        c1_0.activo,
        c1_0.email,
        c1_0.fecha_registro,
        c1_0.nombre,
        c1_0.telefono 
    from
        clientes c1_0 
    where
        c1_0.activo=?
2025-11-28 11:13:23 - GET "/api/v1/clientes", parameters={}
2025-11-28 11:13:23 - 
    select
        c1_0.id,
        c1_0.activo,
        c1_0.email,
        c1_0.fecha_registro,
        c1_0.nombre,
        c1_0.telefono 
    from
        clientes c1_0 
    where
        c1_0.activo=?
2025-11-28 11:13:23 - Completed 200 OK
2025-11-28 11:13:23 - Completed 200 OK
2025-11-28 11:13:23 - Mapped to com.example.demo.controller.ClienteController#listar()
2025-11-28 11:13:23 - Using 'application/json', given [*/*] and supported [application/json, application/*+json]
2025-11-28 11:13:23 - GET /api/v1/clientes - Listar todos los clientes
2025-11-28 11:13:23 - Writing [[ClienteResponseDTO(id=1, nombre=Carlos Rodríguez, email=carlos@example.com, telefono=0991234567, fe (truncated)...]
2025-11-28 11:13:23 - Completed 200 OK
Hibernate: 
    select
        c1_0.id,
        c1_0.activo,
        c1_0.email,
        c1_0.fecha_registro,
        c1_0.nombre,
        c1_0.telefono 
    from
        clientes c1_0 
    where
        c1_0.activo=?
2025-11-28 11:13:23 - GET /api/v1/clientes - Listar todos los clientes
2025-11-28 11:13:23 - Completed 200 OK
2025-11-28 11:13:23 - Mapped to com.example.demo.controller.ClienteController#listar()
2025-11-28 11:13:23 - GET "/api/v1/clientes", parameters={}
2025-11-28 11:13:23 - Mapped to com.example.demo.controller.ClienteController#listar()
2025-11-28 11:13:23 - GET /api/v1/clientes - Listar todos los clientes
2025-11-28 11:13:23 - Mapped to com.example.demo.controller.ClienteController#listar()
2025-11-28 11:13:23 - Listando todos los clientes activos
2025-11-28 11:13:23 - GET /api/v1/clientes - Listar todos los clientes
2025-11-28 11:13:23 - Using 'application/json', given [*/*] and supported [application/json, application/*+json]
2025-11-28 11:13:23 - Listando todos los clientes activos
2025-11-28 11:13:23 - Writing [[ClienteResponseDTO(id=1, nombre=Carlos Rodríguez, email=carlos@example.com, telefono=0991234567, fe (truncated)...]
2025-11-28 11:13:23 - Mapped to com.example.demo.controller.ClienteController#listar()
2025-11-28 11:13:23 - GET /api/v1/clientes - Listar todos los clientes
2025-11-28 11:13:23 - Listando todos los clientes activos
2025-11-28 11:13:23 - GET "/api/v1/clientes", parameters={}
2025-11-28 11:13:23 - GET /api/v1/clientes - Listar todos los clientes
2025-11-28 11:13:23 - Completed 200 OK
2025-11-28 11:13:23 - Listando todos los clientes activos
2025-11-28 11:13:23 - 
    select
        c1_0.id,
        c1_0.activo,
        c1_0.email,
        c1_0.fecha_registro,
        c1_0.nombre,
        c1_0.telefono 
    from
        clientes c1_0 
    where
        c1_0.activo=?
2025-11-28 11:13:23 - 
    select
        c1_0.id,
        c1_0.activo,
        c1_0.email,
        c1_0.fecha_registro,
        c1_0.nombre,
        c1_0.telefono 
    from
        clientes c1_0 
    where
        c1_0.activo=?
Hibernate: 
    select
        c1_0.id,
        c1_0.activo,
        c1_0.email,
        c1_0.fecha_registro,
        c1_0.nombre,
        c1_0.telefono 
    from
        clientes c1_0 
    where
        c1_0.activo=?
Hibernate: 
    select
        c1_0.id,
        c1_0.activo,
        c1_0.email,
        c1_0.fecha_registro,
        c1_0.nombre,
        c1_0.telefono 
    from
        clientes c1_0 
    where
        c1_0.activo=?
2025-11-28 11:13:23 - Listando todos los clientes activos
2025-11-28 11:13:23 - GET /api/v1/clientes - Listar todos los clientes
2025-11-28 11:13:23 - 
    select
        c1_0.id,
        c1_0.activo,
        c1_0.email,
        c1_0.fecha_registro,
        c1_0.nombre,
        c1_0.telefono 
    from
        clientes c1_0 
    where
        c1_0.activo=?
Hibernate: 
    select
        c1_0.id,
        c1_0.activo,
        c1_0.email,
        c1_0.fecha_registro,
        c1_0.nombre,
        c1_0.telefono 
    from
        clientes c1_0 
    where
        c1_0.activo=?
2025-11-28 11:13:23 - 
    select
        c1_0.id,
        c1_0.activo,
        c1_0.email,
        c1_0.fecha_registro,
        c1_0.nombre,
        c1_0.telefono 
    from
        clientes c1_0 
    where
        c1_0.activo=?
Hibernate: 
    select
        c1_0.id,
        c1_0.activo,
        c1_0.email,
        c1_0.fecha_registro,
        c1_0.nombre,
        c1_0.telefono 
    from
        clientes c1_0 
    where
        c1_0.activo=?
2025-11-28 11:13:23 - Mapped to com.example.demo.controller.ClienteController#listar()
2025-11-28 11:13:23 - Using 'application/json', given [*/*] and supported [application/json, application/*+json]
2025-11-28 11:13:23 - Using 'application/json', given [*/*] and supported [application/json, application/*+json]
2025-11-28 11:13:23 - GET /api/v1/clientes - Listar todos los clientes
2025-11-28 11:13:23 - Writing [[ClienteResponseDTO(id=1, nombre=Carlos Rodríguez, email=carlos@example.com, telefono=0991234567, fe (truncated)...]
2025-11-28 11:13:23 - Using 'application/json', given [*/*] and supported [application/json, application/*+json]
2025-11-28 11:13:23 - Writing [[ClienteResponseDTO(id=1, nombre=Carlos Rodríguez, email=carlos@example.com, telefono=0991234567, fe (truncated)...]
2025-11-28 11:13:23 - 
    select
        c1_0.id,
        c1_0.activo,
        c1_0.email,
        c1_0.fecha_registro,
        c1_0.nombre,
        c1_0.telefono 
    from
        clientes c1_0 
    where
        c1_0.activo=?
2025-11-28 11:13:23 - 
    select
        c1_0.id,
        c1_0.activo,
        c1_0.email,
        c1_0.fecha_registro,
        c1_0.nombre,
        c1_0.telefono 
    from
        clientes c1_0 
    where
        c1_0.activo=?
Hibernate: 
    select
        c1_0.id,
        c1_0.activo,
        c1_0.email,
        c1_0.fecha_registro,
        c1_0.nombre,
        c1_0.telefono 
    from
        clientes c1_0 
    where
        c1_0.activo=?
2025-11-28 11:13:23 - Writing [[ClienteResponseDTO(id=1, nombre=Carlos Rodríguez, email=carlos@example.com, telefono=0991234567, fe (truncated)...]
Hibernate: 
    select
        c1_0.id,
        c1_0.activo,
        c1_0.email,
        c1_0.fecha_registro,
        c1_0.nombre,
        c1_0.telefono 
    from
        clientes c1_0 
    where
        c1_0.activo=?
2025-11-28 11:13:23 - Completed 200 OK
2025-11-28 11:13:23 - Completed 200 OK
2025-11-28 11:13:23 - Completed 200 OK
2025-11-28 11:13:23 - 
    select
        c1_0.id,
        c1_0.activo,
        c1_0.email,
        c1_0.fecha_registro,
        c1_0.nombre,
        c1_0.telefono 
    from
        clientes c1_0 
    where
        c1_0.activo=?
Hibernate: 
    select
        c1_0.id,
        c1_0.activo,
        c1_0.email,
        c1_0.fecha_registro,
        c1_0.nombre,
        c1_0.telefono 
    from
        clientes c1_0 
    where
        c1_0.activo=?
2025-11-28 11:13:23 - Listando todos los clientes activos
2025-11-28 11:13:23 - Listando todos los clientes activos
2025-11-28 11:13:23 - Using 'application/json', given [*/*] and supported [application/json, application/*+json]
2025-11-28 11:13:23 - Writing [[ClienteResponseDTO(id=1, nombre=Carlos Rodríguez, email=carlos@example.com, telefono=0991234567, fe (truncated)...]
2025-11-28 11:13:23 - 
    select
        c1_0.id,
        c1_0.activo,
        c1_0.email,
        c1_0.fecha_registro,
        c1_0.nombre,
        c1_0.telefono 
    from
        clientes c1_0 
    where
        c1_0.activo=?
Hibernate: 
    select
        c1_0.id,
        c1_0.activo,
        c1_0.email,
        c1_0.fecha_registro,
        c1_0.nombre,
        c1_0.telefono 
    from
        clientes c1_0 
    where
        c1_0.activo=?
2025-11-28 11:13:23 - Completed 200 OK
2025-11-28 11:13:23 - Using 'application/json', given [*/*] and supported [application/json, application/*+json]
2025-11-28 11:13:23 - Listando todos los clientes activos
2025-11-28 11:13:23 - Writing [[ClienteResponseDTO(id=1, nombre=Carlos Rodríguez, email=carlos@example.com, telefono=0991234567, fe (truncated)...]
2025-11-28 11:13:23 - GET "/api/v1/clientes", parameters={}
2025-11-28 11:13:23 - Mapped to com.example.demo.controller.ClienteController#listar()
2025-11-28 11:13:23 - GET /api/v1/clientes - Listar todos los clientes
2025-11-28 11:13:23 - Listando todos los clientes activos
2025-11-28 11:13:23 - Completed 200 OK
2025-11-28 11:13:23 - 
    select
        c1_0.id,
        c1_0.activo,
        c1_0.email,
        c1_0.fecha_registro,
        c1_0.nombre,
        c1_0.telefono 
    from
        clientes c1_0 
    where
        c1_0.activo=?
Hibernate: 
    select
        c1_0.id,
        c1_0.activo,
        c1_0.email,
        c1_0.fecha_registro,
        c1_0.nombre,
        c1_0.telefono 
    from
        clientes c1_0 
    where
        c1_0.activo=?
2025-11-28 11:13:23 - GET "/api/v1/clientes", parameters={}
2025-11-28 11:13:23 - Listando todos los clientes activos
2025-11-28 11:13:23 - GET "/api/v1/clientes", parameters={}
2025-11-28 11:13:23 - 
    select
        c1_0.id,
        c1_0.activo,
        c1_0.email,
        c1_0.fecha_registro,
        c1_0.nombre,
        c1_0.telefono 
    from
        clientes c1_0 
    where
        c1_0.activo=?
2025-11-28 11:13:23 - Mapped to com.example.demo.controller.ClienteController#listar()
2025-11-28 11:13:23 - 
    select
        c1_0.id,
        c1_0.activo,
        c1_0.email,
        c1_0.fecha_registro,
        c1_0.nombre,
        c1_0.telefono 
    from
        clientes c1_0 
    where
        c1_0.activo=?
Hibernate: 
    select
        c1_0.id,
        c1_0.activo,
        c1_0.email,
        c1_0.fecha_registro,
        c1_0.nombre,
        c1_0.telefono 
    from
        clientes c1_0 
    where
        c1_0.activo=?
Hibernate: 
    select
        c1_0.id,
        c1_0.activo,
        c1_0.email,
        c1_0.fecha_registro,
        c1_0.nombre,
        c1_0.telefono 
    from
        clientes c1_0 
    where
        c1_0.activo=?
2025-11-28 11:13:23 - 
    select
        c1_0.id,
        c1_0.activo,
        c1_0.email,
        c1_0.fecha_registro,
        c1_0.nombre,
        c1_0.telefono 
    from
        clientes c1_0 
    where
        c1_0.activo=?
2025-11-28 11:13:23 - Using 'application/json', given [*/*] and supported [application/json, application/*+json]
2025-11-28 11:13:23 - GET /api/v1/clientes - Listar todos los clientes
2025-11-28 11:13:23 - Using 'application/json', given [*/*] and supported [application/json, application/*+json]
2025-11-28 11:13:23 - 
    select
        c1_0.id,
        c1_0.activo,
        c1_0.email,
        c1_0.fecha_registro,
        c1_0.nombre,
        c1_0.telefono 
    from
        clientes c1_0 
    where
        c1_0.activo=?
2025-11-28 11:13:23 - GET "/api/v1/clientes", parameters={}
2025-11-28 11:13:23 - Using 'application/json', given [*/*] and supported [application/json, application/*+json]
2025-11-28 11:13:23 - Using 'application/json', given [*/*] and supported [application/json, application/*+json]
2025-11-28 11:13:23 - Using 'application/json', given [*/*] and supported [application/json, application/*+json]
2025-11-28 11:13:23 - Writing [[ClienteResponseDTO(id=1, nombre=Carlos Rodríguez, email=carlos@example.com, telefono=0991234567, fe (truncated)...]
2025-11-28 11:13:23 - Writing [[ClienteResponseDTO(id=1, nombre=Carlos Rodríguez, email=carlos@example.com, telefono=0991234567, fe (truncated)...]
2025-11-28 11:13:23 - Writing [[ClienteResponseDTO(id=1, nombre=Carlos Rodríguez, email=carlos@example.com, telefono=0991234567, fe (truncated)...]
Hibernate: 
    select
        c1_0.id,
        c1_0.activo,
        c1_0.email,
        c1_0.fecha_registro,
        c1_0.nombre,
        c1_0.telefono 
    from
        clientes c1_0 
    where
2025-11-28 11:13:23 - Using 'application/json', given [*/*] and supported [application/json, application/*+json]
        c1_0.activo=?
2025-11-28 11:13:23 - Mapped to com.example.demo.controller.ClienteController#listar()
2025-11-28 11:13:23 - Writing [[ClienteResponseDTO(id=1, nombre=Carlos Rodríguez, email=carlos@example.com, telefono=0991234567, fe (truncated)...]
2025-11-28 11:13:23 - GET /api/v1/clientes - Listar todos los clientes
2025-11-28 11:13:23 - Listando todos los clientes activos
2025-11-28 11:13:23 - Completed 200 OK
2025-11-28 11:13:23 - Completed 200 OK
Hibernate: 
    select
        c1_0.id,
        c1_0.activo,
        c1_0.email,
        c1_0.fecha_registro,
        c1_0.nombre,
        c1_0.telefono 
    from
        clientes c1_0 
    where
        c1_0.activo=?
2025-11-28 11:13:23 - Completed 200 OK
2025-11-28 11:13:23 - GET "/api/v1/clientes", parameters={}
2025-11-28 11:13:23 - Mapped to com.example.demo.controller.ClienteController#listar()
2025-11-28 11:13:23 - GET /api/v1/clientes - Listar todos los clientes
2025-11-28 11:13:23 - Using 'application/json', given [*/*] and supported [application/json, application/*+json]
2025-11-28 11:13:23 - Mapped to com.example.demo.controller.ClienteController#listar()
2025-11-28 11:13:23 - Writing [[ClienteResponseDTO(id=1, nombre=Carlos Rodríguez, email=carlos@example.com, telefono=0991234567, fe (truncated)...]
2025-11-28 11:13:23 - Listando todos los clientes activos
2025-11-28 11:13:23 - Listando todos los clientes activos
2025-11-28 11:13:23 - Writing [[ClienteResponseDTO(id=1, nombre=Carlos Rodríguez, email=carlos@example.com, telefono=0991234567, fe (truncated)...]
2025-11-28 11:13:23 - GET "/api/v1/clientes", parameters={}
2025-11-28 11:13:23 - 
    select
        c1_0.id,
        c1_0.activo,
        c1_0.email,
        c1_0.fecha_registro,
        c1_0.nombre,
        c1_0.telefono 
    from
        clientes c1_0 
    where
        c1_0.activo=?
2025-11-28 11:13:23 - Completed 200 OK
Hibernate: 
    select
        c1_0.id,
        c1_0.activo,
        c1_0.email,
        c1_0.fecha_registro,
        c1_0.nombre,
        c1_0.telefono 
    from
        clientes c1_0 
    where
        c1_0.activo=?
2025-11-28 11:13:23 - Writing [[ClienteResponseDTO(id=1, nombre=Carlos Rodríguez, email=carlos@example.com, telefono=0991234567, fe (truncated)...]
2025-11-28 11:13:23 - 
    select
        c1_0.id,
        c1_0.activo,
        c1_0.email,
        c1_0.fecha_registro,
        c1_0.nombre,
        c1_0.telefono 
    from
        clientes c1_0 
    where
        c1_0.activo=?
Hibernate: 
    select
        c1_0.id,
        c1_0.activo,
        c1_0.email,
        c1_0.fecha_registro,
        c1_0.nombre,
        c1_0.telefono 
    from
        clientes c1_0 
    where
        c1_0.activo=?
2025-11-28 11:13:23 - Completed 200 OK
2025-11-28 11:13:23 - Using 'application/json', given [*/*] and supported [application/json, application/*+json]
2025-11-28 11:13:23 - GET "/api/v1/clientes", parameters={}
2025-11-28 11:13:23 - Writing [[ClienteResponseDTO(id=1, nombre=Carlos Rodríguez, email=carlos@example.com, telefono=0991234567, fe (truncated)...]
2025-11-28 11:13:23 - Mapped to com.example.demo.controller.ClienteController#listar()
2025-11-28 11:13:23 - GET /api/v1/clientes - Listar todos los clientes
2025-11-28 11:13:23 - Using 'application/json', given [*/*] and supported [application/json, application/*+json]
2025-11-28 11:13:23 - Writing [[ClienteResponseDTO(id=1, nombre=Carlos Rodríguez, email=carlos@example.com, telefono=0991234567, fe (truncated)...]
2025-11-28 11:13:23 - Listando todos los clientes activos
2025-11-28 11:13:23 - Completed 200 OK
2025-11-28 11:13:23 - Completed 200 OK
2025-11-28 11:13:23 - 
    select
        c1_0.id,
        c1_0.activo,
        c1_0.email,
        c1_0.fecha_registro,
        c1_0.nombre,
        c1_0.telefono 
    from
        clientes c1_0 
    where
        c1_0.activo=?
Hibernate: 
    select
        c1_0.id,
        c1_0.activo,
        c1_0.email,
        c1_0.fecha_registro,
        c1_0.nombre,
        c1_0.telefono 
    from
        clientes c1_0 
    where
        c1_0.activo=?
2025-11-28 11:13:23 - Completed 200 OK
2025-11-28 11:13:23 - Completed 200 OK
2025-11-28 11:13:23 - GET "/api/v1/clientes", parameters={}
2025-11-28 11:13:23 - Mapped to com.example.demo.controller.ClienteController#listar()
2025-11-28 11:13:23 - GET /api/v1/clientes - Listar todos los clientes
2025-11-28 11:13:23 - Using 'application/json', given [*/*] and supported [application/json, application/*+json]
2025-11-28 11:13:23 - Writing [[ClienteResponseDTO(id=1, nombre=Carlos Rodríguez, email=carlos@example.com, telefono=0991234567, fe (truncated)...]
2025-11-28 11:13:23 - Listando todos los clientes activos
2025-11-28 11:13:23 - Completed 200 OK
2025-11-28 11:13:23 - GET "/api/v1/clientes", parameters={}
2025-11-28 11:13:23 - GET /api/v1/clientes - Listar todos los clientes
2025-11-28 11:13:23 - 
    select
        c1_0.id,
        c1_0.activo,
        c1_0.email,
        c1_0.fecha_registro,
        c1_0.nombre,
        c1_0.telefono 
    from
        clientes c1_0 
    where
        c1_0.activo=?
Hibernate: 
    select
        c1_0.id,
        c1_0.activo,
        c1_0.email,
        c1_0.fecha_registro,
        c1_0.nombre,
        c1_0.telefono 
    from
        clientes c1_0 
    where
        c1_0.activo=?
2025-11-28 11:13:23 - Listando todos los clientes activos
2025-11-28 11:13:23 - GET "/api/v1/clientes", parameters={}
2025-11-28 11:13:23 - Using 'application/json', given [*/*] and supported [application/json, application/*+json]
2025-11-28 11:13:23 - Writing [[ClienteResponseDTO(id=1, nombre=Carlos Rodríguez, email=carlos@example.com, telefono=0991234567, fe (truncated)...]
2025-11-28 11:13:23 - 
    select
        c1_0.id,
        c1_0.activo,
        c1_0.email,
        c1_0.fecha_registro,
        c1_0.nombre,
        c1_0.telefono 
    from
        clientes c1_0 
    where
        c1_0.activo=?
Hibernate: 
    select
        c1_0.id,
        c1_0.activo,
        c1_0.email,
        c1_0.fecha_registro,
        c1_0.nombre,
        c1_0.telefono 
    from
        clientes c1_0 
    where
        c1_0.activo=?
2025-11-28 11:13:23 - Mapped to com.example.demo.controller.ClienteController#listar()
2025-11-28 11:13:23 - Completed 200 OK
2025-11-28 11:13:23 - GET /api/v1/clientes - Listar todos los clientes
2025-11-28 11:13:23 - Mapped to com.example.demo.controller.ClienteController#listar()
2025-11-28 11:13:23 - GET "/api/v1/clientes", parameters={}
2025-11-28 11:13:23 - Listando todos los clientes activos
2025-11-28 11:13:23 - GET /api/v1/clientes - Listar todos los clientes
2025-11-28 11:13:23 - Using 'application/json', given [*/*] and supported [application/json, application/*+json]
2025-11-28 11:13:23 - Mapped to com.example.demo.controller.ClienteController#listar()
2025-11-28 11:13:23 - Listando todos los clientes activos
2025-11-28 11:13:23 - GET /api/v1/clientes - Listar todos los clientes
2025-11-28 11:13:23 - Using 'application/json', given [*/*] and supported [application/json, application/*+json]
2025-11-28 11:13:23 - Listando todos los clientes activos
2025-11-28 11:13:23 - GET "/api/v1/clientes", parameters={}
2025-11-28 11:13:23 - Writing [[ClienteResponseDTO(id=1, nombre=Carlos Rodríguez, email=carlos@example.com, telefono=0991234567, fe (truncated)...]
2025-11-28 11:13:23 - Mapped to com.example.demo.controller.ClienteController#listar()
2025-11-28 11:13:23 - GET "/api/v1/clientes", parameters={}
2025-11-28 11:13:23 - GET /api/v1/clientes - Listar todos los clientes
2025-11-28 11:13:23 - Mapped to com.example.demo.controller.ClienteController#listar()
2025-11-28 11:13:23 - Listando todos los clientes activos
2025-11-28 11:13:23 - GET /api/v1/clientes - Listar todos los clientes
2025-11-28 11:13:23 - Listando todos los clientes activos
2025-11-28 11:13:23 - 
    select
        c1_0.id,
        c1_0.activo,
        c1_0.email,
        c1_0.fecha_registro,
        c1_0.nombre,
        c1_0.telefono 
    from
        clientes c1_0 
    where
        c1_0.activo=?
Hibernate: 
    select
        c1_0.id,
        c1_0.activo,
        c1_0.email,
        c1_0.fecha_registro,
        c1_0.nombre,
        c1_0.telefono 
    from
        clientes c1_0 
    where
        c1_0.activo=?
2025-11-28 11:13:23 - 
    select
        c1_0.id,
        c1_0.activo,
        c1_0.email,
        c1_0.fecha_registro,
        c1_0.nombre,
        c1_0.telefono 
    from
        clientes c1_0 
    where
        c1_0.activo=?
Hibernate: 
    select
        c1_0.id,
        c1_0.activo,
        c1_0.email,
        c1_0.fecha_registro,
        c1_0.nombre,
        c1_0.telefono 
    from
        clientes c1_0 
    where
        c1_0.activo=?
2025-11-28 11:13:23 - GET "/api/v1/clientes", parameters={}
2025-11-28 11:13:23 - Mapped to com.example.demo.controller.ClienteController#listar()
2025-11-28 11:13:23 - 
    select
        c1_0.id,
        c1_0.activo,
        c1_0.email,
        c1_0.fecha_registro,
        c1_0.nombre,
        c1_0.telefono 
    from
        clientes c1_0 
    where
        c1_0.activo=?
2025-11-28 11:13:23 - GET "/api/v1/clientes", parameters={}
2025-11-28 11:13:23 - Using 'application/json', given [*/*] and supported [application/json, application/*+json]
2025-11-28 11:13:23 - GET /api/v1/clientes - Listar todos los clientes
2025-11-28 11:13:23 - Using 'application/json', given [*/*] and supported [application/json, application/*+json]
2025-11-28 11:13:23 - GET "/api/v1/clientes", parameters={}
2025-11-28 11:13:23 - GET "/api/v1/clientes", parameters={}
2025-11-28 11:13:23 - Mapped to com.example.demo.controller.ClienteController#listar()
2025-11-28 11:13:23 - Mapped to com.example.demo.controller.ClienteController#listar()
2025-11-28 11:13:23 - GET /api/v1/clientes - Listar todos los clientes
2025-11-28 11:13:23 - Listando todos los clientes activos
2025-11-28 11:13:23 - GET /api/v1/clientes - Listar todos los clientes
2025-11-28 11:13:23 - Writing [[ClienteResponseDTO(id=1, nombre=Carlos Rodríguez, email=carlos@example.com, telefono=0991234567, fe (truncated)...]
2025-11-28 11:13:23 - Completed 200 OK
Hibernate: 
    select
        c1_0.id,
        c1_0.activo,
        c1_0.email,
        c1_0.fecha_registro,
        c1_0.nombre,
        c1_0.telefono 
    from
        clientes c1_0 
    where
        c1_0.activo=?
2025-11-28 11:13:23 - Mapped to com.example.demo.controller.ClienteController#listar()
2025-11-28 11:13:23 - Listando todos los clientes activos
2025-11-28 11:13:23 - Writing [[ClienteResponseDTO(id=1, nombre=Carlos Rodríguez, email=carlos@example.com, telefono=0991234567, fe (truncated)...]
2025-11-28 11:13:23 - GET /api/v1/clientes - Listar todos los clientes
2025-11-28 11:13:23 - Completed 200 OK
2025-11-28 11:13:23 - Completed 200 OK
2025-11-28 11:13:23 - Listando todos los clientes activos
2025-11-28 11:13:23 - 
    select
        c1_0.id,
        c1_0.activo,
        c1_0.email,
        c1_0.fecha_registro,
        c1_0.nombre,
        c1_0.telefono 
    from
        clientes c1_0 
    where
        c1_0.activo=?
2025-11-28 11:13:23 - Mapped to com.example.demo.controller.ClienteController#listar()
2025-11-28 11:13:23 - 
    select
        c1_0.id,
        c1_0.activo,
        c1_0.email,
        c1_0.fecha_registro,
        c1_0.nombre,
        c1_0.telefono 
    from
        clientes c1_0 
    where
        c1_0.activo=?
Hibernate: 
    select
        c1_0.id,
        c1_0.activo,
        c1_0.email,
        c1_0.fecha_registro,
        c1_0.nombre,
        c1_0.telefono 
    from
        clientes c1_0 
    where
        c1_0.activo=?
2025-11-28 11:13:23 - 
    select
        c1_0.id,
        c1_0.activo,
        c1_0.email,
        c1_0.fecha_registro,
        c1_0.nombre,
        c1_0.telefono 
    from
        clientes c1_0 
    where
        c1_0.activo=?
Hibernate: 
    select
        c1_0.id,
        c1_0.activo,
        c1_0.email,
        c1_0.fecha_registro,
        c1_0.nombre,
        c1_0.telefono 
    from
        clientes c1_0 
    where
        c1_0.activo=?
2025-11-28 11:13:23 - 
    select
        c1_0.id,
        c1_0.activo,
        c1_0.email,
        c1_0.fecha_registro,
        c1_0.nombre,
        c1_0.telefono 
    from
        clientes c1_0 
    where
        c1_0.activo=?
Hibernate: 
    select
        c1_0.id,
        c1_0.activo,
        c1_0.email,
        c1_0.fecha_registro,
        c1_0.nombre,
        c1_0.telefono 
    from
        clientes c1_0 
    where
        c1_0.activo=?
2025-11-28 11:13:23 - GET /api/v1/clientes - Listar todos los clientes
2025-11-28 11:13:23 - Using 'application/json', given [*/*] and supported [application/json, application/*+json]
2025-11-28 11:13:23 - Writing [[ClienteResponseDTO(id=1, nombre=Carlos Rodríguez, email=carlos@example.com, telefono=0991234567, fe (truncated)...]
2025-11-28 11:13:23 - Using 'application/json', given [*/*] and supported [application/json, application/*+json]
2025-11-28 11:13:23 - Using 'application/json', given [*/*] and supported [application/json, application/*+json]
Hibernate: 
2025-11-28 11:13:23 - 
    select
        c1_0.id,
        c1_0.activo,
        c1_0.email,
        c1_0.fecha_registro,
        c1_0.nombre,
        c1_0.telefono 
    from
        clientes c1_0 
    where
        c1_0.activo=?
2025-11-28 11:13:23 - GET "/api/v1/clientes", parameters={}
    select
        c1_0.id,
        c1_0.activo,
        c1_0.email,
        c1_0.fecha_registro,
        c1_0.nombre,
        c1_0.telefono 
    from
        clientes c1_0 
    where
        c1_0.activo=?
2025-11-28 11:13:23 - Listando todos los clientes activos
2025-11-28 11:13:23 - Listando todos los clientes activos
Hibernate: 
    select
        c1_0.id,
        c1_0.activo,
        c1_0.email,
        c1_0.fecha_registro,
        c1_0.nombre,
        c1_0.telefono 
2025-11-28 11:13:23 - Writing [[ClienteResponseDTO(id=1, nombre=Carlos Rodríguez, email=carlos@example.com, telefono=0991234567, fe (truncated)...]
2025-11-28 11:13:23 - Writing [[ClienteResponseDTO(id=1, nombre=Carlos Rodríguez, email=carlos@example.com, telefono=0991234567, fe (truncated)...]
2025-11-28 11:13:23 - 
    select
        c1_0.id,
        c1_0.activo,
        c1_0.email,
        c1_0.fecha_registro,
        c1_0.nombre,
        c1_0.telefono 
    from
        clientes c1_0 
    where
        c1_0.activo=?
2025-11-28 11:13:23 - Using 'application/json', given [*/*] and supported [application/json, application/*+json]
2025-11-28 11:13:23 - Using 'application/json', given [*/*] and supported [application/json, application/*+json]
2025-11-28 11:13:23 - Writing [[ClienteResponseDTO(id=1, nombre=Carlos Rodríguez, email=carlos@example.com, telefono=0991234567, fe (truncated)...]
2025-11-28 11:13:23 - Writing [[ClienteResponseDTO(id=1, nombre=Carlos Rodríguez, email=carlos@example.com, telefono=0991234567, fe (truncated)...]
2025-11-28 11:13:23 - Writing [[ClienteResponseDTO(id=1, nombre=Carlos Rodríguez, email=carlos@example.com, telefono=0991234567, fe (truncated)...]
2025-11-28 11:13:23 - Completed 200 OK
2025-11-28 11:13:23 - Completed 200 OK
2025-11-28 11:13:23 - Completed 200 OK
2025-11-28 11:13:23 - 
    select
        c1_0.id,
        c1_0.activo,
        c1_0.email,
        c1_0.fecha_registro,
        c1_0.nombre,
        c1_0.telefono 
    from
[...]
    from
        clientes c1_0 
    where
        c1_0.activo=?
Hibernate: 
    select
        c1_0.id,
        c1_0.activo,
        c1_0.email,
        c1_0.fecha_registro,
        c1_0.nombre,
        c1_0.telefono 
    from
        clientes c1_0 
    where
        c1_0.activo=?
2025-11-28 11:13:24 - Completed 200 OK
2025-11-28 11:13:24 - GET "/api/v1/clientes", parameters={}
2025-11-28 11:13:24 - Mapped to com.example.demo.controller.ClienteController#listar()
2025-11-28 11:13:24 - GET /api/v1/clientes - Listar todos los clientes
2025-11-28 11:13:24 - Listando todos los clientes activos
2025-11-28 11:13:24 - Using 'application/json', given [*/*] and supported [application/json, application/*+json]
2025-11-28 11:13:24 - Writing [[ClienteResponseDTO(id=1, nombre=Carlos Rodríguez, email=carlos@example.com, telefono=0991234567, fe (truncated)...]
2025-11-28 11:13:24 - 
    select
        c1_0.id,
        c1_0.activo,
        c1_0.email,
        c1_0.fecha_registro,
        c1_0.nombre,
        c1_0.telefono 
    from
        clientes c1_0 
    where
        c1_0.activo=?
Hibernate: 
    select
        c1_0.id,
        c1_0.activo,
        c1_0.email,
        c1_0.fecha_registro,
        c1_0.nombre,
        c1_0.telefono 
    from
        clientes c1_0 
    where
        c1_0.activo=?
2025-11-28 11:13:24 - Completed 200 OK
2025-11-28 11:13:24 - Using 'application/json', given [*/*] and supported [application/json, application/*+json]
2025-11-28 11:13:24 - Writing [[ClienteResponseDTO(id=1, nombre=Carlos Rodríguez, email=carlos@example.com, telefono=0991234567, fe (truncated)...]
2025-11-28 11:13:24 - GET "/api/v1/clientes", parameters={}
2025-11-28 11:13:24 - GET "/api/v1/clientes", parameters={}
2025-11-28 11:13:24 - Mapped to com.example.demo.controller.ClienteController#listar()
2025-11-28 11:13:24 - Mapped to com.example.demo.controller.ClienteController#listar()
2025-11-28 11:13:24 - Completed 200 OK
2025-11-28 11:13:24 - GET /api/v1/clientes - Listar todos los clientes
2025-11-28 11:13:24 - Listando todos los clientes activos
2025-11-28 11:13:24 - GET /api/v1/clientes - Listar todos los clientes
2025-11-28 11:13:24 - Listando todos los clientes activos
2025-11-28 11:13:24 - GET "/api/v1/clientes", parameters={}
2025-11-28 11:13:24 - 
    select
        c1_0.id,
        c1_0.activo,
        c1_0.email,
        c1_0.fecha_registro,
        c1_0.nombre,
        c1_0.telefono 
    from
        clientes c1_0 
    where
        c1_0.activo=?
2025-11-28 11:13:24 - Mapped to com.example.demo.controller.ClienteController#listar()
2025-11-28 11:13:24 - 
    select
        c1_0.id,
        c1_0.activo,
        c1_0.email,
        c1_0.fecha_registro,
        c1_0.nombre,
        c1_0.telefono 
    from
        clientes c1_0 
    where
        c1_0.activo=?
Hibernate: 
    select
        c1_0.id,
        c1_0.activo,
        c1_0.email,
        c1_0.fecha_registro,
        c1_0.nombre,
        c1_0.telefono 
    from
        clientes c1_0 
    where
        c1_0.activo=?
Hibernate: 
    select
        c1_0.id,
        c1_0.activo,
        c1_0.email,
        c1_0.fecha_registro,
        c1_0.nombre,
        c1_0.telefono 
    from
        clientes c1_0 
    where
        c1_0.activo=?
2025-11-28 11:13:24 - GET /api/v1/clientes - Listar todos los clientes
2025-11-28 11:13:24 - Listando todos los clientes activos
2025-11-28 11:13:24 - Using 'application/json', given [*/*] and supported [application/json, application/*+json]
2025-11-28 11:13:24 - Writing [[ClienteResponseDTO(id=1, nombre=Carlos Rodríguez, email=carlos@example.com, telefono=0991234567, fe (truncated)...]
2025-11-28 11:13:24 - 
    select
        c1_0.id,
        c1_0.activo,
        c1_0.email,
        c1_0.fecha_registro,
        c1_0.nombre,
        c1_0.telefono 
    from
        clientes c1_0 
    where
        c1_0.activo=?
2025-11-28 11:13:24 - Completed 200 OK
2025-11-28 11:13:24 - GET "/api/v1/clientes", parameters={}
2025-11-28 11:13:24 - GET "/api/v1/clientes", parameters={}
2025-11-28 11:13:24 - GET "/api/v1/clientes", parameters={}
2025-11-28 11:13:24 - Mapped to com.example.demo.controller.ClienteController#listar()
2025-11-28 11:13:24 - Mapped to com.example.demo.controller.ClienteController#listar()
2025-11-28 11:13:24 - Using 'application/json', given [*/*] and supported [application/json, application/*+json]
2025-11-28 11:13:24 - GET /api/v1/clientes - Listar todos los clientes
2025-11-28 11:13:24 - Listando todos los clientes activos
2025-11-28 11:13:24 - Mapped to com.example.demo.controller.ClienteController#listar()
Hibernate: 
    select
        c1_0.id,
        c1_0.activo,
        c1_0.email,
        c1_0.fecha_registro,
        c1_0.nombre,
        c1_0.telefono 
    from
        clientes c1_0 
    where
        c1_0.activo=?
2025-11-28 11:13:24 - GET "/api/v1/clientes", parameters={}
2025-11-28 11:13:24 - GET /api/v1/clientes - Listar todos los clientes
2025-11-28 11:13:24 - Mapped to com.example.demo.controller.ClienteController#listar()
2025-11-28 11:13:24 - GET /api/v1/clientes - Listar todos los clientes
2025-11-28 11:13:24 - Listando todos los clientes activos
2025-11-28 11:13:24 - Listando todos los clientes activos
2025-11-28 11:13:24 - 
    select
        c1_0.id,
        c1_0.activo,
        c1_0.email,
        c1_0.fecha_registro,
        c1_0.nombre,
        c1_0.telefono 
    from
        clientes c1_0 
    where
        c1_0.activo=?
Hibernate: 
    select
        c1_0.id,
        c1_0.activo,
        c1_0.email,
        c1_0.fecha_registro,
        c1_0.nombre,
        c1_0.telefono 
    from
        clientes c1_0 
    where
        c1_0.activo=?
2025-11-28 11:13:24 - GET "/api/v1/clientes", parameters={}
2025-11-28 11:13:24 - Mapped to com.example.demo.controller.ClienteController#listar()
2025-11-28 11:13:24 - 
    select
        c1_0.id,
        c1_0.activo,
        c1_0.email,
        c1_0.fecha_registro,
        c1_0.nombre,
        c1_0.telefono 
    from
        clientes c1_0 
    where
        c1_0.activo=?
Hibernate: 
    select
        c1_0.id,
        c1_0.activo,
        c1_0.email,
        c1_0.fecha_registro,
        c1_0.nombre,
        c1_0.telefono 
    from
        clientes c1_0 
    where
        c1_0.activo=?
2025-11-28 11:13:24 - GET /api/v1/clientes - Listar todos los clientes
2025-11-28 11:13:24 - Listando todos los clientes activos
2025-11-28 11:13:24 - GET /api/v1/clientes - Listar todos los clientes
2025-11-28 11:13:24 - Listando todos los clientes activos
2025-11-28 11:13:24 - Using 'application/json', given [*/*] and supported [application/json, application/*+json]
2025-11-28 11:13:24 - Using 'application/json', given [*/*] and supported [application/json, application/*+json]
2025-11-28 11:13:24 - Writing [[ClienteResponseDTO(id=1, nombre=Carlos Rodríguez, email=carlos@example.com, telefono=0991234567, fe (truncated)...]
2025-11-28 11:13:24 - Writing [[ClienteResponseDTO(id=1, nombre=Carlos Rodríguez, email=carlos@example.com, telefono=0991234567, fe (truncated)...]
2025-11-28 11:13:24 - Writing [[ClienteResponseDTO(id=1, nombre=Carlos Rodríguez, email=carlos@example.com, telefono=0991234567, fe (truncated)...]
2025-11-28 11:13:24 - Completed 200 OK
2025-11-28 11:13:24 - 
    select
        c1_0.id,
        c1_0.activo,
        c1_0.email,
        c1_0.fecha_registro,
        c1_0.nombre,
        c1_0.telefono 
    from
        clientes c1_0 
    where
        c1_0.activo=?
Hibernate: 
    select
        c1_0.id,
        c1_0.activo,
        c1_0.email,
        c1_0.fecha_registro,
        c1_0.nombre,
        c1_0.telefono 
    from
        clientes c1_0 
    where
        c1_0.activo=?
2025-11-28 11:13:24 - 
    select
        c1_0.id,
        c1_0.activo,
        c1_0.email,
        c1_0.fecha_registro,
        c1_0.nombre,
        c1_0.telefono 
    from
        clientes c1_0 
    where
        c1_0.activo=?
Hibernate: 
    select
        c1_0.id,
        c1_0.activo,
        c1_0.email,
        c1_0.fecha_registro,
        c1_0.nombre,
        c1_0.telefono 
    from
        clientes c1_0 
    where
        c1_0.activo=?
2025-11-28 11:13:24 - GET "/api/v1/clientes", parameters={}
2025-11-28 11:13:24 - Mapped to com.example.demo.controller.ClienteController#listar()
2025-11-28 11:13:24 - Completed 200 OK
2025-11-28 11:13:24 - GET /api/v1/clientes - Listar todos los clientes
2025-11-28 11:13:24 - Using 'application/json', given [*/*] and supported [application/json, application/*+json]
2025-11-28 11:13:24 - Listando todos los clientes activos
2025-11-28 11:13:24 - Writing [[ClienteResponseDTO(id=1, nombre=Carlos Rodríguez, email=carlos@example.com, telefono=0991234567, fe (truncated)...]
2025-11-28 11:13:24 - GET "/api/v1/clientes", parameters={}
2025-11-28 11:13:24 - 
    select
        c1_0.id,
        c1_0.activo,
        c1_0.email,
        c1_0.fecha_registro,
        c1_0.nombre,
        c1_0.telefono 
    from
        clientes c1_0 
    where
        c1_0.activo=?
Hibernate: 
    select
        c1_0.id,
        c1_0.activo,
        c1_0.email,
        c1_0.fecha_registro,
        c1_0.nombre,
        c1_0.telefono 
    from
        clientes c1_0 
    where
        c1_0.activo=?
2025-11-28 11:13:24 - Mapped to com.example.demo.controller.ClienteController#listar()
2025-11-28 11:13:24 - GET /api/v1/clientes - Listar todos los clientes
2025-11-28 11:13:24 - 
    select
        c1_0.id,
        c1_0.activo,
        c1_0.email,
        c1_0.fecha_registro,
        c1_0.nombre,
        c1_0.telefono 
    from
        clientes c1_0 
    where
        c1_0.activo=?
Hibernate: 
    select
        c1_0.id,
        c1_0.activo,
        c1_0.email,
        c1_0.fecha_registro,
        c1_0.nombre,
        c1_0.telefono 
    from
        clientes c1_0 
    where
2025-11-28 11:13:24 - Listando todos los clientes activos
        c1_0.activo=?
2025-11-28 11:13:24 - Completed 200 OK
2025-11-28 11:13:24 - Using 'application/json', given [*/*] and supported [application/json, application/*+json]
2025-11-28 11:13:24 - Writing [[ClienteResponseDTO(id=1, nombre=Carlos Rodríguez, email=carlos@example.com, telefono=0991234567, fe (truncated)...]
2025-11-28 11:13:24 - Completed 200 OK
2025-11-28 11:13:24 - GET "/api/v1/clientes", parameters={}
2025-11-28 11:13:24 - GET "/api/v1/clientes", parameters={}
2025-11-28 11:13:24 - Mapped to com.example.demo.controller.ClienteController#listar()
2025-11-28 11:13:24 - Using 'application/json', given [*/*] and supported [application/json, application/*+json]
2025-11-28 11:13:24 - GET /api/v1/clientes - Listar todos los clientes
2025-11-28 11:13:24 - Completed 200 OK
2025-11-28 11:13:24 - Listando todos los clientes activos
2025-11-28 11:13:24 - Writing [[ClienteResponseDTO(id=1, nombre=Carlos Rodríguez, email=carlos@example.com, telefono=0991234567, fe (truncated)...]
2025-11-28 11:13:24 - Using 'application/json', given [*/*] and supported [application/json, application/*+json]
2025-11-28 11:13:24 - Writing [[ClienteResponseDTO(id=1, nombre=Carlos Rodríguez, email=carlos@example.com, telefono=0991234567, fe (truncated)...]
2025-11-28 11:13:24 - 
    select
        c1_0.id,
        c1_0.activo,
        c1_0.email,
        c1_0.fecha_registro,
        c1_0.nombre,
        c1_0.telefono 
    from
        clientes c1_0 
    where
        c1_0.activo=?
Hibernate: 
    select
        c1_0.id,
        c1_0.activo,
        c1_0.email,
        c1_0.fecha_registro,
        c1_0.nombre,
        c1_0.telefono 
    from
        clientes c1_0 
    where
        c1_0.activo=?
2025-11-28 11:13:24 - Completed 200 OK
2025-11-28 11:13:24 - Completed 200 OK
2025-11-28 11:13:24 - 
    select
        c1_0.id,
        c1_0.activo,
        c1_0.email,
        c1_0.fecha_registro,
        c1_0.nombre,
        c1_0.telefono 
    from
        clientes c1_0 
    where
        c1_0.activo=?
Hibernate: 
    select
        c1_0.id,
        c1_0.activo,
        c1_0.email,
        c1_0.fecha_registro,
        c1_0.nombre,
        c1_0.telefono 
    from
        clientes c1_0 
    where
        c1_0.activo=?
2025-11-28 11:13:24 - Using 'application/json', given [*/*] and supported [application/json, application/*+json]
2025-11-28 11:13:24 - Writing [[ClienteResponseDTO(id=1, nombre=Carlos Rodríguez, email=carlos@example.com, telefono=0991234567, fe (truncated)...]
2025-11-28 11:13:24 - Completed 200 OK
2025-11-28 11:13:24 - Using 'application/json', given [*/*] and supported [application/json, application/*+json]
2025-11-28 11:13:24 - Mapped to com.example.demo.controller.ClienteController#listar()
2025-11-28 11:13:24 - GET /api/v1/clientes - Listar todos los clientes
2025-11-28 11:13:24 - Writing [[ClienteResponseDTO(id=1, nombre=Carlos Rodríguez, email=carlos@example.com, telefono=0991234567, fe (truncated)...]
2025-11-28 11:13:24 - Listando todos los clientes activos
2025-11-28 11:13:24 - Completed 200 OK
2025-11-28 11:13:24 - 
    select
        c1_0.id,
        c1_0.activo,
        c1_0.email,
        c1_0.fecha_registro,
        c1_0.nombre,
        c1_0.telefono 
    from
        clientes c1_0 
    where
        c1_0.activo=?
Hibernate: 
    select
        c1_0.id,
        c1_0.activo,
        c1_0.email,
        c1_0.fecha_registro,
        c1_0.nombre,
        c1_0.telefono 
    from
        clientes c1_0 
    where
        c1_0.activo=?
2025-11-28 11:13:24 - Using 'application/json', given [*/*] and supported [application/json, application/*+json]
2025-11-28 11:13:24 - Writing [[ClienteResponseDTO(id=1, nombre=Carlos Rodríguez, email=carlos@example.com, telefono=0991234567, fe (truncated)...]
2025-11-28 11:13:24 - Completed 200 OK
2025-11-28 11:13:24 - GET "/api/v1/clientes", parameters={}
2025-11-28 11:13:24 - Mapped to com.example.demo.controller.ClienteController#listar()
2025-11-28 11:13:24 - GET /api/v1/clientes - Listar todos los clientes
2025-11-28 11:13:24 - Listando todos los clientes activos
2025-11-28 11:13:24 - GET "/api/v1/clientes", parameters={}
2025-11-28 11:13:24 - Mapped to com.example.demo.controller.ClienteController#listar()
2025-11-28 11:13:24 - 
    select
        c1_0.id,
        c1_0.activo,
        c1_0.email,
        c1_0.fecha_registro,
        c1_0.nombre,
        c1_0.telefono 
    from
        clientes c1_0 
    where
        c1_0.activo=?
Hibernate: 
    select
        c1_0.id,
        c1_0.activo,
        c1_0.email,
        c1_0.fecha_registro,
        c1_0.nombre,
        c1_0.telefono 
    from
        clientes c1_0 
    where
        c1_0.activo=?
2025-11-28 11:13:24 - GET /api/v1/clientes - Listar todos los clientes
2025-11-28 11:13:24 - GET "/api/v1/clientes", parameters={}
2025-11-28 11:13:24 - Listando todos los clientes activos
2025-11-28 11:13:24 - Using 'application/json', given [*/*] and supported [application/json, application/*+json]
2025-11-28 11:13:24 - Mapped to com.example.demo.controller.ClienteController#listar()
2025-11-28 11:13:24 - Writing [[ClienteResponseDTO(id=1, nombre=Carlos Rodríguez, email=carlos@example.com, telefono=0991234567, fe (truncated)...]
2025-11-28 11:13:24 - GET /api/v1/clientes - Listar todos los clientes
2025-11-28 11:13:24 - Listando todos los clientes activos
2025-11-28 11:13:24 - Using 'application/json', given [*/*] and supported [application/json, application/*+json]
2025-11-28 11:13:24 - Writing [[ClienteResponseDTO(id=1, nombre=Carlos Rodríguez, email=carlos@example.com, telefono=0991234567, fe (truncated)...]
2025-11-28 11:13:24 - 
    select
        c1_0.id,
        c1_0.activo,
        c1_0.email,
        c1_0.fecha_registro,
        c1_0.nombre,
        c1_0.telefono 
    from
        clientes c1_0 
    where
        c1_0.activo=?
Hibernate: 
    select
        c1_0.id,
        c1_0.activo,
        c1_0.email,
        c1_0.fecha_registro,
        c1_0.nombre,
        c1_0.telefono 
    from
        clientes c1_0 
    where
        c1_0.activo=?
2025-11-28 11:13:24 - Completed 200 OK
2025-11-28 11:13:24 - Completed 200 OK
2025-11-28 11:13:24 - 
    select
        c1_0.id,
        c1_0.activo,
        c1_0.email,
        c1_0.fecha_registro,
        c1_0.nombre,
        c1_0.telefono 
    from
        clientes c1_0 
    where
        c1_0.activo=?
Hibernate: 
    select
        c1_0.id,
        c1_0.activo,
        c1_0.email,
        c1_0.fecha_registro,
        c1_0.nombre,
        c1_0.telefono 
    from
        clientes c1_0 
    where
        c1_0.activo=?
2025-11-28 11:13:24 - GET "/api/v1/clientes", parameters={}
2025-11-28 11:13:24 - Using 'application/json', given [*/*] and supported [application/json, application/*+json]
2025-11-28 11:13:24 - Mapped to com.example.demo.controller.ClienteController#listar()
2025-11-28 11:13:24 - Writing [[ClienteResponseDTO(id=1, nombre=Carlos Rodríguez, email=carlos@example.com, telefono=0991234567, fe (truncated)...]
2025-11-28 11:13:24 - GET /api/v1/clientes - Listar todos los clientes
2025-11-28 11:13:24 - Listando todos los clientes activos
2025-11-28 11:13:24 - Completed 200 OK
2025-11-28 11:13:24 - Using 'application/json', given [*/*] and supported [application/json, application/*+json]
2025-11-28 11:13:24 - Writing [[ClienteResponseDTO(id=1, nombre=Carlos Rodríguez, email=carlos@example.com, telefono=0991234567, fe (truncated)...]
2025-11-28 11:13:24 - 
    select
        c1_0.id,
        c1_0.activo,
        c1_0.email,
        c1_0.fecha_registro,
        c1_0.nombre,
        c1_0.telefono 
    from
        clientes c1_0 
    where
        c1_0.activo=?
Hibernate: 
    select
        c1_0.id,
        c1_0.activo,
        c1_0.email,
        c1_0.fecha_registro,
        c1_0.nombre,
        c1_0.telefono 
    from
        clientes c1_0 
    where
        c1_0.activo=?
2025-11-28 11:13:24 - Completed 200 OK
2025-11-28 11:13:24 - Using 'application/json', given [*/*] and supported [application/json, application/*+json]
2025-11-28 11:13:24 - Writing [[ClienteResponseDTO(id=1, nombre=Carlos Rodríguez, email=carlos@example.com, telefono=0991234567, fe (truncated)...]
2025-11-28 11:13:24 - Completed 200 OK
2025-11-28 11:13:24 - GET "/api/v1/clientes", parameters={}
2025-11-28 11:13:24 - Mapped to com.example.demo.controller.ClienteController#listar()
2025-11-28 11:13:24 - GET /api/v1/clientes - Listar todos los clientes
2025-11-28 11:13:24 - Listando todos los clientes activos
2025-11-28 11:13:24 - 
    select
        c1_0.id,
        c1_0.activo,
        c1_0.email,
        c1_0.fecha_registro,
        c1_0.nombre,
        c1_0.telefono 
    from
        clientes c1_0 
    where
        c1_0.activo=?
Hibernate: 
    select
        c1_0.id,
        c1_0.activo,
        c1_0.email,
        c1_0.fecha_registro,
        c1_0.nombre,
        c1_0.telefono 
    from
        clientes c1_0 
    where
        c1_0.activo=?
2025-11-28 11:13:24 - Using 'application/json', given [*/*] and supported [application/json, application/*+json]
2025-11-28 11:13:24 - Writing [[ClienteResponseDTO(id=1, nombre=Carlos Rodríguez, email=carlos@example.com, telefono=0991234567, fe (truncated)...]
2025-11-28 11:13:24 - Completed 200 OK

]]>&#x1f4ca;<![CDATA[ RESULTADOS DE CARGA:
  ]]>&#x1f465;<![CDATA[ Usuarios simulados: 50
  ✅ Peticiones exitosas: 50
  ❌ Peticiones fallidas: 0
  ⏱ Tiempo total: 323ms
  ]]>&#x1f4c8;<![CDATA[ Tiempo promedio: 47ms
  ⚡ Tiempo mínimo: 24ms
  ]]>&#x1f525;<![CDATA[ Tiempo máximo: 103ms
  ]]>&#x1f680;<![CDATA[ Throughput: 154 req/s
✅ PRUEBA DE CARGA EXITOSA
]]></system-out>
  <system-err><![CDATA[WARNING: A Java agent has been loaded dynamically (C:\Users\ErickErraez\.gradle\caches\modules-2\files-2.1\net.bytebuddy\byte-buddy-agent\1.14.10\90ed94ac044ea8953b224304c762316e91fd6b31\byte-buddy-agent-1.14.10.jar)
WARNING: If a serviceability tool is in use, please run with -XX:+EnableDynamicAgentLoading to hide this warning
WARNING: If a serviceability tool is not in use, please run with -Djdk.instrument.traceUsage for more information
WARNING: Dynamic loading of agents will be disallowed by default in a future release
]]></system-err>
</testsuite>
