<?xml version="1.0" encoding="UTF-8"?>
<testsuite name="com.example.demo.controller.ClienteControllerIT" tests="10" skipped="0" failures="0" errors="0" timestamp="2025-11-21T15:20:34" hostname="LAPTOP-ST6CFLS6" time="0.291">
  <properties/>
  <testcase name="POST /api/v1/clientes - Debe retornar 400 cuando datos son inválidos" classname="com.example.demo.controller.ClienteControllerIT" time="0.111"/>
  <testcase name="GET /api/v1/clientes/{id} - Debe retornar 404 si cliente no existe" classname="com.example.demo.controller.ClienteControllerIT" time="0.045"/>
  <testcase name="GET /api/v1/clientes/health - Debe retornar estado del servicio" classname="com.example.demo.controller.ClienteControllerIT" time="0.011"/>
  <testcase name="POST /api/v1/clientes - Debe crear cliente" classname="com.example.demo.controller.ClienteControllerIT" time="0.019"/>
  <testcase name="POST /api/v1/clientes - Debe retornar 409 cuando cliente ya existe" classname="com.example.demo.controller.ClienteControllerIT" time="0.017"/>
  <testcase name="GET /api/v1/clientes/{id} - Debe obtener cliente" classname="com.example.demo.controller.ClienteControllerIT" time="0.023"/>
  <testcase name="GET /api/v1/clientes/buscar?nombre=X - Debe buscar cliente por nombre" classname="com.example.demo.controller.ClienteControllerIT" time="0.013"/>
  <testcase name="GET /api/v1/clientes - Debe listar todos los clientes activos" classname="com.example.demo.controller.ClienteControllerIT" time="0.015"/>
  <testcase name="PUT /api/v1/clientes/{id} - Debe actualizar cliente" classname="com.example.demo.controller.ClienteControllerIT" time="0.016"/>
  <testcase name="DELETE /api/v1/clientes/{id} - Debe eliminar cliente" classname="com.example.demo.controller.ClienteControllerIT" time="0.013"/>
  <system-out><![CDATA[2025-11-21 10:20:34 - Could not detect default configuration classes for test class [com.example.demo.controller.ClienteControllerIT]: ClienteControllerIT does not declare any static, non-private, non-final, nested classes annotated with @Configuration.
2025-11-21 10:20:34 - Found @SpringBootConfiguration com.example.demo.DemoApplication for test class com.example.demo.controller.ClienteControllerIT

  .   ____          _            __ _ _
 /\\ / ___'_ __ _ _(_)_ __  __ _ \ \ \ \
( ( )\___ | '_ | '_| | '_ \/ _` | \ \ \ \
 \\/  ___)| |_)| | | | | || (_| |  ) ) ) )
  '  |____| .__|_| |_|_| |_\__, | / / / /
 =========|_|==============|___/=/_/_/_/
 :: Spring Boot ::                (v3.2.0)

2025-11-21 10:20:34 - Starting ClienteControllerIT using Java 21.0.2 with PID 11860 (started by ASUS GAMING in C:\Users\ASUS GAMING\Downloads\Ejercicio_Dos)
2025-11-21 10:20:34 - Running with Spring Boot v3.2.0, Spring v6.1.1
2025-11-21 10:20:34 - No active profile set, falling back to 1 default profile: "default"
2025-11-21 10:20:34 - Refreshing org.springframework.web.context.support.GenericWebApplicationContext@7cf9557a
2025-11-21 10:20:34 - Bootstrapping Spring Data JPA repositories in DEFAULT mode.
2025-11-21 10:20:34 - Finished Spring Data repository scanning in 12 ms. Found 1 JPA repository interface.
2025-11-21 10:20:34 - HHH000204: Processing PersistenceUnitInfo [name: default]
2025-11-21 10:20:34 - HHH000026: Second-level cache disabled
2025-11-21 10:20:34 - No LoadTimeWeaver setup: ignoring JPA class transformer
2025-11-21 10:20:34 - HikariPool-2 - Starting...
2025-11-21 10:20:34 - HikariPool-2 - Added connection conn10: url=jdbc:h2:mem:clientesdb user=SA
2025-11-21 10:20:34 - HikariPool-2 - Start completed.
2025-11-21 10:20:34 - HHH90000025: H2Dialect does not need to be specified explicitly using 'hibernate.dialect' (remove the property setting and it will be selected by default)
2025-11-21 10:20:34 - HHH000489: No JTA platform available (set 'hibernate.transaction.jta.platform' to enable JTA platform integration)
2025-11-21 10:20:34 - 
    drop table if exists clientes cascade 
Hibernate: 
    drop table if exists clientes cascade 
2025-11-21 10:20:34 - 
    create table clientes (
        activo boolean,
        fecha_registro timestamp(6) not null,
        id bigint generated by default as identity,
        telefono varchar(15),
        nombre varchar(100) not null unique,
        email varchar(255) unique,
        primary key (id)
    )
Hibernate: 
    create table clientes (
        activo boolean,
        fecha_registro timestamp(6) not null,
        id bigint generated by default as identity,
        telefono varchar(15),
        nombre varchar(100) not null unique,
        email varchar(255) unique,
        primary key (id)
    )
2025-11-21 10:20:34 - Initialized JPA EntityManagerFactory for persistence unit 'default'
2025-11-21 10:20:34 - spring.jpa.open-in-view is enabled by default. Therefore, database queries may be performed during view rendering. Explicitly configure spring.jpa.open-in-view to disable this warning
2025-11-21 10:20:34 - 9 mappings in 'requestMappingHandlerMapping'
2025-11-21 10:20:34 - Patterns [/webjars/**, /**] in 'resourceHandlerMapping'
2025-11-21 10:20:34 - ControllerAdvice beans: 0 @ModelAttribute, 0 @InitBinder, 1 RequestBodyAdvice, 1 ResponseBodyAdvice
2025-11-21 10:20:34 - ControllerAdvice beans: 1 @ExceptionHandler, 1 ResponseBodyAdvice
2025-11-21 10:20:34 - H2 console available at '/h2-console'. Database available at 'jdbc:h2:mem:clientesdb'
2025-11-21 10:20:34 - Initializing Spring TestDispatcherServlet ''
2025-11-21 10:20:34 - Initializing Servlet ''
2025-11-21 10:20:34 - Completed initialization in 1 ms
2025-11-21 10:20:34 - Started ClienteControllerIT in 0.512 seconds (process running for 10.615)
2025-11-21 10:20:34 - 
    select
        c1_0.id,
        c1_0.activo,
        c1_0.email,
        c1_0.fecha_registro,
        c1_0.nombre,
        c1_0.telefono 
    from
        clientes c1_0
Hibernate: 
    select
        c1_0.id,
        c1_0.activo,
        c1_0.email,
        c1_0.fecha_registro,
        c1_0.nombre,
        c1_0.telefono 
    from
        clientes c1_0
2025-11-21 10:20:34 - 
    delete 
    from
        clientes 
    where
        id=?
Hibernate: 
    delete 
    from
        clientes 
    where
        id=?
2025-11-21 10:20:34 - 
    delete 
    from
        clientes 
    where
        id=?
Hibernate: 
    delete 
    from
        clientes 
    where
        id=?
2025-11-21 10:20:34 - 
    delete 
    from
        clientes 
    where
        id=?
Hibernate: 
    delete 
    from
        clientes 
    where
        id=?
2025-11-21 10:20:34 - 
    delete 
    from
        clientes 
    where
        id=?
Hibernate: 
    delete 
    from
        clientes 
    where
        id=?
2025-11-21 10:20:34 - 
    delete 
    from
        clientes 
    where
        id=?
Hibernate: 
    delete 
    from
        clientes 
    where
        id=?
2025-11-21 10:20:34 - Mapped to com.example.demo.controller.ClienteController#crear(ClienteRequestDTO)
2025-11-21 10:20:34 - Read "application/json;charset=UTF-8" to [ClienteRequestDTO(nombre=, email=email-invalido, telefono=0999999999)]
2025-11-21 10:20:34 - Using @ExceptionHandler com.example.demo.exception.GlobalExceptionHandler#handleValidationExceptions(MethodArgumentNotValidException, HttpServletRequest)
2025-11-21 10:20:34 - Error de validación: Validation failed for argument [0] in public org.springframework.http.ResponseEntity<com.example.demo.model.dto.ClienteResponseDTO> com.example.demo.controller.ClienteController.crear(com.example.demo.model.dto.ClienteRequestDTO) with 3 errors: [Field error in object 'clienteRequestDTO' on field 'email': rejected value [email-invalido]; codes [Email.clienteRequestDTO.email,Email.email,Email.java.lang.String,Email]; arguments [org.springframework.context.support.DefaultMessageSourceResolvable: codes [clienteRequestDTO.email,email]; arguments []; default message [email],[Ljakarta.validation.constraints.Pattern$Flag;@43f50bfe,.*]; default message [El email debe ser válido]] [Field error in object 'clienteRequestDTO' on field 'nombre': rejected value []; codes [Size.clienteRequestDTO.nombre,Size.nombre,Size.java.lang.String,Size]; arguments [org.springframework.context.support.DefaultMessageSourceResolvable: codes [clienteRequestDTO.nombre,nombre]; arguments []; default message [nombre],100,2]; default message [El nombre debe tener entre 2 y 100 caracteres]] [Field error in object 'clienteRequestDTO' on field 'nombre': rejected value []; codes [NotBlank.clienteRequestDTO.nombre,NotBlank.nombre,NotBlank.java.lang.String,NotBlank]; arguments [org.springframework.context.support.DefaultMessageSourceResolvable: codes [clienteRequestDTO.nombre,nombre]; arguments []; default message [nombre]]; default message [El nombre no puede estar vacío]] 
2025-11-21 10:20:34 - Using 'application/json', given [*/*] and supported [application/json, application/*+json]
2025-11-21 10:20:34 - Writing [ErrorResponse(timestamp=2025-11-21T10:20:34.772199400, status=400, error=Validation Error, message=E (truncated)...]
2025-11-21 10:20:34 - Resolved [org.springframework.web.bind.MethodArgumentNotValidException: Validation failed for argument [0] in public org.springframework.http.ResponseEntity<com.example.demo.model.dto.ClienteResponseDTO> com.example.demo.controller.ClienteController.crear(com.example.demo.model.dto.ClienteRequestDTO) with 3 errors: [Field error in object 'clienteRequestDTO' on field 'email': rejected value [email-invalido]; codes [Email.clienteRequestDTO.email,Email.email,Email.java.lang.String,Email]; arguments [org.springframework.context.support.DefaultMessageSourceResolvable: codes [clienteRequestDTO.email,email]; arguments []; default message [email],[Ljakarta.validation.constraints.Pattern$Flag;@43f50bfe,.*]; default message [El email debe ser válido]] [Field error in object 'clienteRequestDTO' on field 'nombre': rejected value []; codes [Size.clienteRequestDTO.nombre,Size.nombre,Size.java.lang.String,Size]; arguments [org.springframework.context.support.DefaultMessageSourceResolvable: codes [clienteRequestDTO.nombre,nombre]; arguments []; default message [nombre],100,2]; default message [El nombre debe tener entre 2 y 100 caracteres]] [Field error in object 'clienteRequestDTO' on field 'nombre': rejected value []; codes [NotBlank.clienteRequestDTO.nombre,NotBlank.nombre,NotBlank.java.lang.String,NotBlank]; arguments [org.springframework.context.support.DefaultMessageSourceResolvable: codes [clienteRequestDTO.nombre,nombre]; arguments []; default message [nombre]]; default message [El nombre no puede estar vacío]] ]

MockHttpServletRequest:
      HTTP Method = POST
      Request URI = /api/v1/clientes
       Parameters = {}
          Headers = [Content-Type:"application/json;charset=UTF-8", Content-Length:"62"]
             Body = {"nombre":"","email":"email-invalido","telefono":"0999999999"}
    Session Attrs = {}

Handler:
             Type = com.example.demo.controller.ClienteController
           Method = com.example.demo.controller.ClienteController#crear(ClienteRequestDTO)

Async:
    Async started = false
     Async result = null

Resolved Exception:
             Type = org.springframework.web.bind.MethodArgumentNotValidException

ModelAndView:
        View name = null
             View = null
            Model = null

FlashMap:
       Attributes = null

MockHttpServletResponse:
           Status = 400
    Error message = null
          Headers = [Content-Type:"application/json"]
     Content type = application/json
             Body = {"timestamp":"2025-11-21T10:20:34.7721994","status":400,"error":"Validation Error","message":"Error de validación en los datos proporcionados","path":"/api/v1/clientes","validationErrors":{"nombre":"El nombre no puede estar vacío","email":"El email debe ser válido"}}
    Forwarded URL = null
   Redirected URL = null
          Cookies = []
2025-11-21 10:20:34 - 
    select
        c1_0.id,
        c1_0.activo,
        c1_0.email,
        c1_0.fecha_registro,
        c1_0.nombre,
        c1_0.telefono 
    from
        clientes c1_0
Hibernate: 
    select
        c1_0.id,
        c1_0.activo,
        c1_0.email,
        c1_0.fecha_registro,
        c1_0.nombre,
        c1_0.telefono 
    from
        clientes c1_0
2025-11-21 10:20:34 - Mapped to com.example.demo.controller.ClienteController#obtenerPorId(Long)
2025-11-21 10:20:34 - GET /api/v1/clientes/999 - Obtener cliente
2025-11-21 10:20:34 - Buscando cliente con id: 999
2025-11-21 10:20:34 - 
    select
        c1_0.id,
        c1_0.activo,
        c1_0.email,
        c1_0.fecha_registro,
        c1_0.nombre,
        c1_0.telefono 
    from
        clientes c1_0 
    where
        c1_0.id=?
Hibernate: 
    select
        c1_0.id,
        c1_0.activo,
        c1_0.email,
        c1_0.fecha_registro,
        c1_0.nombre,
        c1_0.telefono 
    from
        clientes c1_0 
    where
        c1_0.id=?
2025-11-21 10:20:34 - Using @ExceptionHandler com.example.demo.exception.GlobalExceptionHandler#handleClienteNotFoundException(ClienteNotFoundException, HttpServletRequest)
2025-11-21 10:20:34 - Cliente no encontrado: Cliente no encontrado con id: 999
2025-11-21 10:20:34 - Using 'application/json', given [*/*] and supported [application/json, application/*+json]
2025-11-21 10:20:34 - Writing [ErrorResponse(timestamp=2025-11-21T10:20:34.805905100, status=404, error=Not Found, message=Cliente  (truncated)...]
2025-11-21 10:20:34 - Resolved [com.example.demo.exception.ClienteNotFoundException: Cliente no encontrado con id: 999]

MockHttpServletRequest:
      HTTP Method = GET
      Request URI = /api/v1/clientes/999
       Parameters = {}
          Headers = []
             Body = null
    Session Attrs = {}

Handler:
             Type = com.example.demo.controller.ClienteController
           Method = com.example.demo.controller.ClienteController#obtenerPorId(Long)

Async:
    Async started = false
     Async result = null

Resolved Exception:
             Type = com.example.demo.exception.ClienteNotFoundException

ModelAndView:
        View name = null
             View = null
            Model = null

FlashMap:
       Attributes = null

MockHttpServletResponse:
           Status = 404
    Error message = null
          Headers = [Content-Type:"application/json"]
     Content type = application/json
             Body = {"timestamp":"2025-11-21T10:20:34.8059051","status":404,"error":"Not Found","message":"Cliente no encontrado con id: 999","path":"/api/v1/clientes/999","validationErrors":null}
    Forwarded URL = null
   Redirected URL = null
          Cookies = []
2025-11-21 10:20:34 - 
    select
        c1_0.id,
        c1_0.activo,
        c1_0.email,
        c1_0.fecha_registro,
        c1_0.nombre,
        c1_0.telefono 
    from
        clientes c1_0
Hibernate: 
    select
        c1_0.id,
        c1_0.activo,
        c1_0.email,
        c1_0.fecha_registro,
        c1_0.nombre,
        c1_0.telefono 
    from
        clientes c1_0
2025-11-21 10:20:34 - Mapped to com.example.demo.controller.ClienteController#health()
2025-11-21 10:20:34 - Using 'text/plain', given [*/*] and supported [text/plain, */*, application/json, application/*+json]
2025-11-21 10:20:34 - Writing ["Cliente Service is UP"]

MockHttpServletRequest:
      HTTP Method = GET
      Request URI = /api/v1/clientes/health
       Parameters = {}
          Headers = []
             Body = null
    Session Attrs = {}

Handler:
             Type = com.example.demo.controller.ClienteController
           Method = com.example.demo.controller.ClienteController#health()

Async:
    Async started = false
     Async result = null

Resolved Exception:
             Type = null

ModelAndView:
        View name = null
             View = null
            Model = null

FlashMap:
       Attributes = null

MockHttpServletResponse:
           Status = 200
    Error message = null
          Headers = [Content-Type:"text/plain;charset=UTF-8", Content-Length:"21"]
     Content type = text/plain;charset=UTF-8
             Body = Cliente Service is UP
    Forwarded URL = null
   Redirected URL = null
          Cookies = []
2025-11-21 10:20:34 - 
    select
        c1_0.id,
        c1_0.activo,
        c1_0.email,
        c1_0.fecha_registro,
        c1_0.nombre,
        c1_0.telefono 
    from
        clientes c1_0
Hibernate: 
    select
        c1_0.id,
        c1_0.activo,
        c1_0.email,
        c1_0.fecha_registro,
        c1_0.nombre,
        c1_0.telefono 
    from
        clientes c1_0
2025-11-21 10:20:34 - Mapped to com.example.demo.controller.ClienteController#crear(ClienteRequestDTO)
2025-11-21 10:20:34 - Read "application/json;charset=UTF-8" to [ClienteRequestDTO(nombre=María García, email=maria@test.com, telefono=0988888888)]
2025-11-21 10:20:34 - POST /api/v1/clientes - Crear cliente: María García
2025-11-21 10:20:34 - Creando cliente con nombre: María García
2025-11-21 10:20:34 - 
    select
        c1_0.id 
    from
        clientes c1_0 
    where
        c1_0.nombre=? 
    fetch
        first ? rows only
Hibernate: 
    select
        c1_0.id 
    from
        clientes c1_0 
    where
        c1_0.nombre=? 
    fetch
        first ? rows only
2025-11-21 10:20:34 - 
    insert 
    into
        clientes
        (activo, email, fecha_registro, nombre, telefono, id) 
    values
        (?, ?, ?, ?, ?, default)
Hibernate: 
    insert 
    into
        clientes
        (activo, email, fecha_registro, nombre, telefono, id) 
    values
        (?, ?, ?, ?, ?, default)
2025-11-21 10:20:34 - Cliente creado exitosamente con id: 6
2025-11-21 10:20:34 - Using 'application/json', given [*/*] and supported [application/json, application/*+json]
2025-11-21 10:20:34 - Writing [ClienteResponseDTO(id=6, nombre=María García, email=maria@test.com, telefono=0988888888, fechaRegist (truncated)...]

MockHttpServletRequest:
      HTTP Method = POST
      Request URI = /api/v1/clientes
       Parameters = {}
          Headers = [Content-Type:"application/json;charset=UTF-8", Content-Length:"76"]
             Body = {"nombre":"María García","email":"maria@test.com","telefono":"0988888888"}
    Session Attrs = {}

Handler:
             Type = com.example.demo.controller.ClienteController
           Method = com.example.demo.controller.ClienteController#crear(ClienteRequestDTO)

Async:
    Async started = false
     Async result = null

Resolved Exception:
             Type = null

ModelAndView:
        View name = null
             View = null
            Model = null

FlashMap:
       Attributes = null

MockHttpServletResponse:
           Status = 201
    Error message = null
          Headers = [Content-Type:"application/json"]
     Content type = application/json
             Body = {"id":6,"nombre":"María García","email":"maria@test.com","telefono":"0988888888","fechaRegistro":"2025-11-21T10:20:34.8656315","activo":true}
    Forwarded URL = null
   Redirected URL = null
          Cookies = []
2025-11-21 10:20:34 - 
    select
        c1_0.id,
        c1_0.activo,
        c1_0.email,
        c1_0.fecha_registro,
        c1_0.nombre,
        c1_0.telefono 
    from
        clientes c1_0
Hibernate: 
    select
        c1_0.id,
        c1_0.activo,
        c1_0.email,
        c1_0.fecha_registro,
        c1_0.nombre,
        c1_0.telefono 
    from
        clientes c1_0
2025-11-21 10:20:34 - 
    delete 
    from
        clientes 
    where
        id=?
Hibernate: 
    delete 
    from
        clientes 
    where
        id=?
2025-11-21 10:20:34 - 
    insert 
    into
        clientes
        (activo, email, fecha_registro, nombre, telefono, id) 
    values
        (?, ?, ?, ?, ?, default)
Hibernate: 
    insert 
    into
        clientes
        (activo, email, fecha_registro, nombre, telefono, id) 
    values
        (?, ?, ?, ?, ?, default)
2025-11-21 10:20:34 - Mapped to com.example.demo.controller.ClienteController#crear(ClienteRequestDTO)
2025-11-21 10:20:34 - Read "application/json;charset=UTF-8" to [ClienteRequestDTO(nombre=Juan Duplicado, email=otro@test.com, telefono=0988888888)]
2025-11-21 10:20:34 - POST /api/v1/clientes - Crear cliente: Juan Duplicado
2025-11-21 10:20:34 - Creando cliente con nombre: Juan Duplicado
2025-11-21 10:20:34 - 
    select
        c1_0.id 
    from
        clientes c1_0 
    where
        c1_0.nombre=? 
    fetch
        first ? rows only
Hibernate: 
    select
        c1_0.id 
    from
        clientes c1_0 
    where
        c1_0.nombre=? 
    fetch
        first ? rows only
2025-11-21 10:20:34 - Ya existe un cliente con el nombre: Juan Duplicado
2025-11-21 10:20:34 - Using @ExceptionHandler com.example.demo.exception.GlobalExceptionHandler#handleClienteAlreadyExistsException(ClienteAlreadyExistsException, HttpServletRequest)
2025-11-21 10:20:34 - Cliente ya existe: Ya existe un cliente con el nombre: Juan Duplicado
2025-11-21 10:20:34 - Using 'application/json', given [*/*] and supported [application/json, application/*+json]
2025-11-21 10:20:34 - Writing [ErrorResponse(timestamp=2025-11-21T10:20:34.888793200, status=409, error=Conflict, message=Ya existe (truncated)...]
2025-11-21 10:20:34 - Resolved [com.example.demo.exception.ClienteAlreadyExistsException: Ya existe un cliente con el nombre: Juan Duplicado]

MockHttpServletRequest:
      HTTP Method = POST
      Request URI = /api/v1/clientes
       Parameters = {}
          Headers = [Content-Type:"application/json;charset=UTF-8", Content-Length:"75"]
             Body = {"nombre":"Juan Duplicado","email":"otro@test.com","telefono":"0988888888"}
    Session Attrs = {}

Handler:
             Type = com.example.demo.controller.ClienteController
           Method = com.example.demo.controller.ClienteController#crear(ClienteRequestDTO)

Async:
    Async started = false
     Async result = null

Resolved Exception:
             Type = com.example.demo.exception.ClienteAlreadyExistsException

ModelAndView:
        View name = null
             View = null
            Model = null

FlashMap:
       Attributes = null

MockHttpServletResponse:
           Status = 409
    Error message = null
          Headers = [Content-Type:"application/json"]
     Content type = application/json
             Body = {"timestamp":"2025-11-21T10:20:34.8887932","status":409,"error":"Conflict","message":"Ya existe un cliente con el nombre: Juan Duplicado","path":"/api/v1/clientes","validationErrors":null}
    Forwarded URL = null
   Redirected URL = null
          Cookies = []
2025-11-21 10:20:34 - 
    select
        c1_0.id,
        c1_0.activo,
        c1_0.email,
        c1_0.fecha_registro,
        c1_0.nombre,
        c1_0.telefono 
    from
        clientes c1_0
Hibernate: 
    select
        c1_0.id,
        c1_0.activo,
        c1_0.email,
        c1_0.fecha_registro,
        c1_0.nombre,
        c1_0.telefono 
    from
        clientes c1_0
2025-11-21 10:20:34 - 
    delete 
    from
        clientes 
    where
        id=?
Hibernate: 
    delete 
    from
        clientes 
    where
        id=?
2025-11-21 10:20:34 - 
    insert 
    into
        clientes
        (activo, email, fecha_registro, nombre, telefono, id) 
    values
        (?, ?, ?, ?, ?, default)
Hibernate: 
    insert 
    into
        clientes
        (activo, email, fecha_registro, nombre, telefono, id) 
    values
        (?, ?, ?, ?, ?, default)
2025-11-21 10:20:34 - Mapped to com.example.demo.controller.ClienteController#obtenerPorId(Long)
2025-11-21 10:20:34 - GET /api/v1/clientes/8 - Obtener cliente
2025-11-21 10:20:34 - Buscando cliente con id: 8
2025-11-21 10:20:34 - 
    select
        c1_0.id,
        c1_0.activo,
        c1_0.email,
        c1_0.fecha_registro,
        c1_0.nombre,
        c1_0.telefono 
    from
        clientes c1_0 
    where
        c1_0.id=?
Hibernate: 
    select
        c1_0.id,
        c1_0.activo,
        c1_0.email,
        c1_0.fecha_registro,
        c1_0.nombre,
        c1_0.telefono 
    from
        clientes c1_0 
    where
        c1_0.id=?
2025-11-21 10:20:34 - Using 'application/json', given [*/*] and supported [application/json, application/*+json]
2025-11-21 10:20:34 - Writing [ClienteResponseDTO(id=8, nombre=Pedro López, email=pedro@test.com, telefono=0977777777, fechaRegistr (truncated)...]

MockHttpServletRequest:
      HTTP Method = GET
      Request URI = /api/v1/clientes/8
       Parameters = {}
          Headers = []
             Body = null
    Session Attrs = {}

Handler:
             Type = com.example.demo.controller.ClienteController
           Method = com.example.demo.controller.ClienteController#obtenerPorId(Long)

Async:
    Async started = false
     Async result = null

Resolved Exception:
             Type = null

ModelAndView:
        View name = null
             View = null
            Model = null

FlashMap:
       Attributes = null

MockHttpServletResponse:
           Status = 200
    Error message = null
          Headers = [Content-Type:"application/json"]
     Content type = application/json
             Body = {"id":8,"nombre":"Pedro López","email":"pedro@test.com","telefono":"0977777777","fechaRegistro":"2025-11-21T10:20:34.902335","activo":true}
    Forwarded URL = null
   Redirected URL = null
          Cookies = []
2025-11-21 10:20:34 - 
    select
        c1_0.id,
        c1_0.activo,
        c1_0.email,
        c1_0.fecha_registro,
        c1_0.nombre,
        c1_0.telefono 
    from
        clientes c1_0
Hibernate: 
    select
        c1_0.id,
        c1_0.activo,
        c1_0.email,
        c1_0.fecha_registro,
        c1_0.nombre,
        c1_0.telefono 
    from
        clientes c1_0
2025-11-21 10:20:34 - 
    delete 
    from
        clientes 
    where
        id=?
Hibernate: 
    delete 
    from
        clientes 
    where
        id=?
2025-11-21 10:20:34 - 
    insert 
    into
        clientes
        (activo, email, fecha_registro, nombre, telefono, id) 
    values
        (?, ?, ?, ?, ?, default)
Hibernate: 
    insert 
    into
        clientes
        (activo, email, fecha_registro, nombre, telefono, id) 
    values
        (?, ?, ?, ?, ?, default)
2025-11-21 10:20:34 - Mapped to com.example.demo.controller.ClienteController#obtenerPorNombre(String)
2025-11-21 10:20:34 - GET /api/v1/clientes/buscar?nombre=Ana Martínez - Buscar cliente
2025-11-21 10:20:34 - Buscando cliente con nombre: Ana Martínez
2025-11-21 10:20:34 - 
    select
        c1_0.id,
        c1_0.activo,
        c1_0.email,
        c1_0.fecha_registro,
        c1_0.nombre,
        c1_0.telefono 
    from
        clientes c1_0 
    where
        c1_0.nombre=?
Hibernate: 
    select
        c1_0.id,
        c1_0.activo,
        c1_0.email,
        c1_0.fecha_registro,
        c1_0.nombre,
        c1_0.telefono 
    from
        clientes c1_0 
    where
        c1_0.nombre=?
2025-11-21 10:20:34 - Using 'application/json', given [*/*] and supported [application/json, application/*+json]
2025-11-21 10:20:34 - Writing [ClienteResponseDTO(id=9, nombre=Ana Martínez, email=ana@test.com, telefono=0966666666, fechaRegistro (truncated)...]

MockHttpServletRequest:
      HTTP Method = GET
      Request URI = /api/v1/clientes/buscar
       Parameters = {nombre=[Ana Martínez]}
          Headers = []
             Body = null
    Session Attrs = {}

Handler:
             Type = com.example.demo.controller.ClienteController
           Method = com.example.demo.controller.ClienteController#obtenerPorNombre(String)

Async:
    Async started = false
     Async result = null

Resolved Exception:
             Type = null

ModelAndView:
        View name = null
             View = null
            Model = null

FlashMap:
       Attributes = null

MockHttpServletResponse:
           Status = 200
    Error message = null
          Headers = [Content-Type:"application/json"]
     Content type = application/json
             Body = {"id":9,"nombre":"Ana Martínez","email":"ana@test.com","telefono":"0966666666","fechaRegistro":"2025-11-21T10:20:34.923629","activo":true}
    Forwarded URL = null
   Redirected URL = null
          Cookies = []
2025-11-21 10:20:34 - 
    select
        c1_0.id,
        c1_0.activo,
        c1_0.email,
        c1_0.fecha_registro,
        c1_0.nombre,
        c1_0.telefono 
    from
        clientes c1_0
Hibernate: 
    select
        c1_0.id,
        c1_0.activo,
        c1_0.email,
        c1_0.fecha_registro,
        c1_0.nombre,
        c1_0.telefono 
    from
        clientes c1_0
2025-11-21 10:20:34 - 
    delete 
    from
        clientes 
    where
        id=?
Hibernate: 
    delete 
    from
        clientes 
    where
        id=?
2025-11-21 10:20:34 - 
    insert 
    into
        clientes
        (activo, email, fecha_registro, nombre, telefono, id) 
    values
        (?, ?, ?, ?, ?, default)
Hibernate: 
    insert 
    into
        clientes
        (activo, email, fecha_registro, nombre, telefono, id) 
    values
        (?, ?, ?, ?, ?, default)
2025-11-21 10:20:34 - 
    insert 
    into
        clientes
        (activo, email, fecha_registro, nombre, telefono, id) 
    values
        (?, ?, ?, ?, ?, default)
Hibernate: 
    insert 
    into
        clientes
        (activo, email, fecha_registro, nombre, telefono, id) 
    values
        (?, ?, ?, ?, ?, default)
2025-11-21 10:20:34 - Mapped to com.example.demo.controller.ClienteController#listar()
2025-11-21 10:20:34 - GET /api/v1/clientes - Listar todos los clientes
2025-11-21 10:20:34 - Listando todos los clientes activos
2025-11-21 10:20:34 - 
    select
        c1_0.id,
        c1_0.activo,
        c1_0.email,
        c1_0.fecha_registro,
        c1_0.nombre,
        c1_0.telefono 
    from
        clientes c1_0 
    where
        c1_0.activo=?
Hibernate: 
    select
        c1_0.id,
        c1_0.activo,
        c1_0.email,
        c1_0.fecha_registro,
        c1_0.nombre,
        c1_0.telefono 
    from
        clientes c1_0 
    where
        c1_0.activo=?
2025-11-21 10:20:34 - Using 'application/json', given [*/*] and supported [application/json, application/*+json]
2025-11-21 10:20:34 - Writing [[ClienteResponseDTO(id=10, nombre=Cliente 1, email=cliente1@test.com, telefono=0999999999, fechaRegi (truncated)...]

MockHttpServletRequest:
      HTTP Method = GET
      Request URI = /api/v1/clientes
       Parameters = {}
          Headers = []
             Body = null
    Session Attrs = {}

Handler:
             Type = com.example.demo.controller.ClienteController
           Method = com.example.demo.controller.ClienteController#listar()

Async:
    Async started = false
     Async result = null

Resolved Exception:
             Type = null

ModelAndView:
        View name = null
             View = null
            Model = null

FlashMap:
       Attributes = null

MockHttpServletResponse:
           Status = 200
    Error message = null
          Headers = [Content-Type:"application/json"]
     Content type = application/json
             Body = [{"id":10,"nombre":"Cliente 1","email":"cliente1@test.com","telefono":"0999999999","fechaRegistro":"2025-11-21T10:20:34.935875","activo":true},{"id":11,"nombre":"Cliente 2","email":"cliente2@test.com","telefono":"0988888888","fechaRegistro":"2025-11-21T10:20:34.937882","activo":true}]
    Forwarded URL = null
   Redirected URL = null
          Cookies = []
2025-11-21 10:20:34 - 
    select
        c1_0.id,
        c1_0.activo,
        c1_0.email,
        c1_0.fecha_registro,
        c1_0.nombre,
        c1_0.telefono 
    from
        clientes c1_0
Hibernate: 
    select
        c1_0.id,
        c1_0.activo,
        c1_0.email,
        c1_0.fecha_registro,
        c1_0.nombre,
        c1_0.telefono 
    from
        clientes c1_0
2025-11-21 10:20:34 - 
    delete 
    from
        clientes 
    where
        id=?
Hibernate: 
    delete 
    from
        clientes 
    where
        id=?
2025-11-21 10:20:34 - 
    delete 
    from
        clientes 
    where
        id=?
Hibernate: 
    delete 
    from
        clientes 
    where
        id=?
2025-11-21 10:20:34 - 
    insert 
    into
        clientes
        (activo, email, fecha_registro, nombre, telefono, id) 
    values
        (?, ?, ?, ?, ?, default)
Hibernate: 
    insert 
    into
        clientes
        (activo, email, fecha_registro, nombre, telefono, id) 
    values
        (?, ?, ?, ?, ?, default)
2025-11-21 10:20:34 - Mapped to com.example.demo.controller.ClienteController#actualizar(Long, ClienteRequestDTO)
2025-11-21 10:20:34 - Read "application/json;charset=UTF-8" to [ClienteRequestDTO(nombre=Cliente Actualizado, email=actualizado@test.com, telefono=0977777777)]
2025-11-21 10:20:34 - PUT /api/v1/clientes/12 - Actualizar cliente
2025-11-21 10:20:34 - Actualizando cliente con id: 12
2025-11-21 10:20:34 - 
    select
        c1_0.id,
        c1_0.activo,
        c1_0.email,
        c1_0.fecha_registro,
        c1_0.nombre,
        c1_0.telefono 
    from
        clientes c1_0 
    where
        c1_0.id=?
Hibernate: 
    select
        c1_0.id,
        c1_0.activo,
        c1_0.email,
        c1_0.fecha_registro,
        c1_0.nombre,
        c1_0.telefono 
    from
        clientes c1_0 
    where
        c1_0.id=?
2025-11-21 10:20:34 - 
    select
        c1_0.id 
    from
        clientes c1_0 
    where
        c1_0.nombre=? 
    fetch
        first ? rows only
Hibernate: 
    select
        c1_0.id 
    from
        clientes c1_0 
    where
        c1_0.nombre=? 
    fetch
        first ? rows only
2025-11-21 10:20:34 - Cliente actualizado exitosamente con id: 12
2025-11-21 10:20:34 - 
    update
        clientes 
    set
        activo=?,
        email=?,
        nombre=?,
        telefono=? 
    where
        id=?
Hibernate: 
    update
        clientes 
    set
        activo=?,
        email=?,
        nombre=?,
        telefono=? 
    where
        id=?
2025-11-21 10:20:34 - Using 'application/json', given [*/*] and supported [application/json, application/*+json]
2025-11-21 10:20:34 - Writing [ClienteResponseDTO(id=12, nombre=Cliente Actualizado, email=actualizado@test.com, telefono=097777777 (truncated)...]

MockHttpServletRequest:
      HTTP Method = PUT
      Request URI = /api/v1/clientes/12
       Parameters = {}
          Headers = [Content-Type:"application/json;charset=UTF-8", Content-Length:"87"]
             Body = {"nombre":"Cliente Actualizado","email":"actualizado@test.com","telefono":"0977777777"}
    Session Attrs = {}

Handler:
             Type = com.example.demo.controller.ClienteController
           Method = com.example.demo.controller.ClienteController#actualizar(Long, ClienteRequestDTO)

Async:
    Async started = false
     Async result = null

Resolved Exception:
             Type = null

ModelAndView:
        View name = null
             View = null
            Model = null

FlashMap:
       Attributes = null

MockHttpServletResponse:
           Status = 200
    Error message = null
          Headers = [Content-Type:"application/json"]
     Content type = application/json
             Body = {"id":12,"nombre":"Cliente Actualizado","email":"actualizado@test.com","telefono":"0977777777","fechaRegistro":"2025-11-21T10:20:34.953999","activo":true}
    Forwarded URL = null
   Redirected URL = null
          Cookies = []
2025-11-21 10:20:34 - 
    select
        c1_0.id,
        c1_0.activo,
        c1_0.email,
        c1_0.fecha_registro,
        c1_0.nombre,
        c1_0.telefono 
    from
        clientes c1_0
Hibernate: 
    select
        c1_0.id,
        c1_0.activo,
        c1_0.email,
        c1_0.fecha_registro,
        c1_0.nombre,
        c1_0.telefono 
    from
        clientes c1_0
2025-11-21 10:20:34 - 
    delete 
    from
        clientes 
    where
        id=?
Hibernate: 
    delete 
    from
        clientes 
    where
        id=?
2025-11-21 10:20:34 - 
    insert 
    into
        clientes
        (activo, email, fecha_registro, nombre, telefono, id) 
    values
        (?, ?, ?, ?, ?, default)
Hibernate: 
    insert 
    into
        clientes
        (activo, email, fecha_registro, nombre, telefono, id) 
    values
        (?, ?, ?, ?, ?, default)
2025-11-21 10:20:34 - Mapped to com.example.demo.controller.ClienteController#eliminar(Long)
2025-11-21 10:20:34 - DELETE /api/v1/clientes/13 - Eliminar cliente
2025-11-21 10:20:34 - Eliminando cliente con id: 13
2025-11-21 10:20:34 - 
    select
        c1_0.id,
        c1_0.activo,
        c1_0.email,
        c1_0.fecha_registro,
        c1_0.nombre,
        c1_0.telefono 
    from
        clientes c1_0 
    where
        c1_0.id=?
Hibernate: 
    select
        c1_0.id,
        c1_0.activo,
        c1_0.email,
        c1_0.fecha_registro,
        c1_0.nombre,
        c1_0.telefono 
    from
        clientes c1_0 
    where
        c1_0.id=?
2025-11-21 10:20:34 - Cliente eliminado (desactivado) exitosamente con id: 13
2025-11-21 10:20:34 - 
    update
        clientes 
    set
        activo=?,
        email=?,
        nombre=?,
        telefono=? 
    where
        id=?
Hibernate: 
    update
        clientes 
    set
        activo=?,
        email=?,
        nombre=?,
        telefono=? 
    where
        id=?
2025-11-21 10:20:34 - Using 'application/json', given [*/*] and supported [application/json, application/*+json]
2025-11-21 10:20:34 - Nothing to write: null body

MockHttpServletRequest:
      HTTP Method = DELETE
      Request URI = /api/v1/clientes/13
       Parameters = {}
          Headers = []
             Body = null
    Session Attrs = {}

Handler:
             Type = com.example.demo.controller.ClienteController
           Method = com.example.demo.controller.ClienteController#eliminar(Long)

Async:
    Async started = false
     Async result = null

Resolved Exception:
             Type = null

ModelAndView:
        View name = null
             View = null
            Model = null

FlashMap:
       Attributes = null

MockHttpServletResponse:
           Status = 204
    Error message = null
          Headers = []
     Content type = null
             Body = 
    Forwarded URL = null
   Redirected URL = null
          Cookies = []
2025-11-21 10:20:34 - 
    select
        c1_0.id,
        c1_0.activo,
        c1_0.email,
        c1_0.fecha_registro,
        c1_0.nombre,
        c1_0.telefono 
    from
        clientes c1_0 
    where
        c1_0.id=?
Hibernate: 
    select
        c1_0.id,
        c1_0.activo,
        c1_0.email,
        c1_0.fecha_registro,
        c1_0.nombre,
        c1_0.telefono 
    from
        clientes c1_0 
    where
        c1_0.id=?
]]></system-out>
  <system-err><![CDATA[]]></system-err>
</testsuite>
