<?xml version="1.0" encoding="UTF-8"?>
<testsuite name="com.example.demo.performance.PerformanceTest" tests="3" skipped="0" failures="0" errors="0" timestamp="2025-11-28T16:13:27" hostname="EPECQUIW0018" time="0.478">
  <properties/>
  <testcase name="testGetAllClientesPerformance()" classname="com.example.demo.performance.PerformanceTest" time="0.158"/>
  <testcase name="testGetClienteByIdPerformance()" classname="com.example.demo.performance.PerformanceTest" time="0.112"/>
  <testcase name="testAverageResponseTime()" classname="com.example.demo.performance.PerformanceTest" time="0.201"/>
  <system-out><![CDATA[2025-11-28 11:13:24 - Could not detect default configuration classes for test class [com.example.demo.performance.PerformanceTest]: PerformanceTest does not declare any static, non-private, non-final, nested classes annotated with @Configuration.
2025-11-28 11:13:24 - Found @SpringBootConfiguration com.example.demo.DemoApplication for test class com.example.demo.performance.PerformanceTest

  .   ____          _            __ _ _
 /\\ / ___'_ __ _ _(_)_ __  __ _ \ \ \ \
( ( )\___ | '_ | '_| | '_ \/ _` | \ \ \ \
 \\/  ___)| |_)| | | | | || (_| |  ) ) ) )
  '  |____| .__|_| |_|_| |_\__, | / / / /
 =========|_|==============|___/=/_/_/_/
 :: Spring Boot ::                (v3.2.0)

2025-11-28 11:13:25 - Starting PerformanceTest using Java 21.0.9 with PID 39520 (started by ErickErraez in C:\Users\ErickErraez\Desktop\BP - DEV\chapter\test-unitarios)
2025-11-28 11:13:25 - Running with Spring Boot v3.2.0, Spring v6.1.1
2025-11-28 11:13:25 - No active profile set, falling back to 1 default profile: "default"
2025-11-28 11:13:25 - Refreshing org.springframework.web.context.support.GenericWebApplicationContext@d436e51
2025-11-28 11:13:25 - Bootstrapping Spring Data JPA repositories in DEFAULT mode.
2025-11-28 11:13:25 - Finished Spring Data repository scanning in 37 ms. Found 1 JPA repository interface.
2025-11-28 11:13:26 - HHH000204: Processing PersistenceUnitInfo [name: default]
2025-11-28 11:13:26 - HHH000026: Second-level cache disabled
2025-11-28 11:13:26 - No LoadTimeWeaver setup: ignoring JPA class transformer
2025-11-28 11:13:26 - HikariPool-2 - Starting...
2025-11-28 11:13:26 - HikariPool-2 - Added connection conn10: url=jdbc:h2:mem:clientesdb user=SA
2025-11-28 11:13:26 - HikariPool-2 - Start completed.
2025-11-28 11:13:26 - HHH90000025: H2Dialect does not need to be specified explicitly using 'hibernate.dialect' (remove the property setting and it will be selected by default)
2025-11-28 11:13:26 - HHH000489: No JTA platform available (set 'hibernate.transaction.jta.platform' to enable JTA platform integration)
2025-11-28 11:13:26 - 
    drop table if exists clientes cascade 
Hibernate: 
    drop table if exists clientes cascade 
2025-11-28 11:13:26 - 
    create table clientes (
        activo boolean,
        fecha_registro timestamp(6) not null,
        id bigint generated by default as identity,
        telefono varchar(15),
        nombre varchar(100) not null unique,
        email varchar(255) unique,
        primary key (id)
    )
Hibernate: 
    create table clientes (
        activo boolean,
        fecha_registro timestamp(6) not null,
        id bigint generated by default as identity,
        telefono varchar(15),
        nombre varchar(100) not null unique,
        email varchar(255) unique,
        primary key (id)
    )
2025-11-28 11:13:26 - Initialized JPA EntityManagerFactory for persistence unit 'default'
2025-11-28 11:13:26 - spring.jpa.open-in-view is enabled by default. Therefore, database queries may be performed during view rendering. Explicitly configure spring.jpa.open-in-view to disable this warning
2025-11-28 11:13:26 - 9 mappings in 'requestMappingHandlerMapping'
2025-11-28 11:13:26 - Patterns [/webjars/**, /**] in 'resourceHandlerMapping'
2025-11-28 11:13:26 - ControllerAdvice beans: 0 @ModelAttribute, 0 @InitBinder, 1 RequestBodyAdvice, 1 ResponseBodyAdvice
2025-11-28 11:13:26 - ControllerAdvice beans: 1 @ExceptionHandler, 1 ResponseBodyAdvice
2025-11-28 11:13:27 - H2 console available at '/h2-console'. Database available at 'jdbc:h2:mem:clientesdb'
2025-11-28 11:13:27 - Initializing Spring TestDispatcherServlet ''
2025-11-28 11:13:27 - Initializing Servlet ''
2025-11-28 11:13:27 - Completed initialization in 2 ms
2025-11-28 11:13:27 - Started PerformanceTest in 2.18 seconds (process running for 26.129)

=== INICIANDO PRUEBA DE PERFORMANCE ===
2025-11-28 11:13:27 - Mapped to com.example.demo.controller.ClienteController#listar()
2025-11-28 11:13:27 - GET /api/v1/clientes - Listar todos los clientes
2025-11-28 11:13:27 - Listando todos los clientes activos
2025-11-28 11:13:27 - 
    select
        c1_0.id,
        c1_0.activo,
        c1_0.email,
        c1_0.fecha_registro,
        c1_0.nombre,
        c1_0.telefono 
    from
        clientes c1_0 
    where
        c1_0.activo=?
Hibernate: 
    select
        c1_0.id,
        c1_0.activo,
        c1_0.email,
        c1_0.fecha_registro,
        c1_0.nombre,
        c1_0.telefono 
    from
        clientes c1_0 
    where
        c1_0.activo=?
2025-11-28 11:13:27 - Using 'application/json', given [*/*] and supported [application/json, application/*+json]
2025-11-28 11:13:27 - Writing [[ClienteResponseDTO(id=1, nombre=Carlos Rodríguez, email=carlos@example.com, telefono=0991234567, fe (truncated)...]
⏱ GET /api/v1/clientes - Tiempo: 142ms
✅ Performance OK: 142ms < 2000ms

=== INICIANDO PRUEBA DE PERFORMANCE ===
2025-11-28 11:13:27 - Mapped to com.example.demo.controller.ClienteController#obtenerPorId(Long)
2025-11-28 11:13:27 - GET /api/v1/clientes/1 - Obtener cliente
2025-11-28 11:13:27 - Buscando cliente con id: 1
2025-11-28 11:13:27 - 
    select
        c1_0.id,
        c1_0.activo,
        c1_0.email,
        c1_0.fecha_registro,
        c1_0.nombre,
        c1_0.telefono 
    from
        clientes c1_0 
    where
        c1_0.id=?
Hibernate: 
    select
        c1_0.id,
        c1_0.activo,
        c1_0.email,
        c1_0.fecha_registro,
        c1_0.nombre,
        c1_0.telefono 
    from
        clientes c1_0 
    where
        c1_0.id=?
2025-11-28 11:13:27 - Using 'application/json', given [*/*] and supported [application/json, application/*+json]
2025-11-28 11:13:27 - Writing [ClienteResponseDTO(id=1, nombre=Carlos Rodríguez, email=carlos@example.com, telefono=0991234567, fec (truncated)...]
⏱ GET /api/v1/clientes/1 - Tiempo: 97ms
✅ Performance OK: 97ms < 1000ms

=== INICIANDO PRUEBA DE PERFORMANCE ===
]]>&#x1f4ca;<![CDATA[ Ejecutando 10 peticiones...
2025-11-28 11:13:27 - Mapped to com.example.demo.controller.ClienteController#listar()
2025-11-28 11:13:27 - GET /api/v1/clientes - Listar todos los clientes
2025-11-28 11:13:27 - Listando todos los clientes activos
2025-11-28 11:13:27 - 
    select
        c1_0.id,
        c1_0.activo,
        c1_0.email,
        c1_0.fecha_registro,
        c1_0.nombre,
        c1_0.telefono 
    from
        clientes c1_0 
    where
        c1_0.activo=?
Hibernate: 
    select
        c1_0.id,
        c1_0.activo,
        c1_0.email,
        c1_0.fecha_registro,
        c1_0.nombre,
        c1_0.telefono 
    from
        clientes c1_0 
    where
        c1_0.activo=?
2025-11-28 11:13:27 - Using 'application/json', given [*/*] and supported [application/json, application/*+json]
2025-11-28 11:13:27 - Writing [[ClienteResponseDTO(id=1, nombre=Carlos Rodríguez, email=carlos@example.com, telefono=0991234567, fe (truncated)...]
2025-11-28 11:13:27 - Mapped to com.example.demo.controller.ClienteController#listar()
2025-11-28 11:13:27 - GET /api/v1/clientes - Listar todos los clientes
2025-11-28 11:13:27 - Listando todos los clientes activos
2025-11-28 11:13:27 - 
    select
        c1_0.id,
        c1_0.activo,
        c1_0.email,
        c1_0.fecha_registro,
        c1_0.nombre,
        c1_0.telefono 
    from
        clientes c1_0 
    where
        c1_0.activo=?
Hibernate: 
    select
        c1_0.id,
        c1_0.activo,
        c1_0.email,
        c1_0.fecha_registro,
        c1_0.nombre,
        c1_0.telefono 
    from
        clientes c1_0 
    where
        c1_0.activo=?
2025-11-28 11:13:27 - Using 'application/json', given [*/*] and supported [application/json, application/*+json]
2025-11-28 11:13:27 - Writing [[ClienteResponseDTO(id=1, nombre=Carlos Rodríguez, email=carlos@example.com, telefono=0991234567, fe (truncated)...]
2025-11-28 11:13:27 - Mapped to com.example.demo.controller.ClienteController#listar()
2025-11-28 11:13:27 - GET /api/v1/clientes - Listar todos los clientes
2025-11-28 11:13:27 - Listando todos los clientes activos
2025-11-28 11:13:27 - 
    select
        c1_0.id,
        c1_0.activo,
        c1_0.email,
        c1_0.fecha_registro,
        c1_0.nombre,
        c1_0.telefono 
    from
        clientes c1_0 
    where
        c1_0.activo=?
Hibernate: 
    select
        c1_0.id,
        c1_0.activo,
        c1_0.email,
        c1_0.fecha_registro,
        c1_0.nombre,
        c1_0.telefono 
    from
        clientes c1_0 
    where
        c1_0.activo=?
2025-11-28 11:13:27 - Using 'application/json', given [*/*] and supported [application/json, application/*+json]
2025-11-28 11:13:27 - Writing [[ClienteResponseDTO(id=1, nombre=Carlos Rodríguez, email=carlos@example.com, telefono=0991234567, fe (truncated)...]
2025-11-28 11:13:27 - Mapped to com.example.demo.controller.ClienteController#listar()
2025-11-28 11:13:27 - GET /api/v1/clientes - Listar todos los clientes
2025-11-28 11:13:27 - Listando todos los clientes activos
2025-11-28 11:13:27 - 
    select
        c1_0.id,
        c1_0.activo,
        c1_0.email,
        c1_0.fecha_registro,
        c1_0.nombre,
        c1_0.telefono 
    from
        clientes c1_0 
    where
        c1_0.activo=?
Hibernate: 
    select
        c1_0.id,
        c1_0.activo,
        c1_0.email,
        c1_0.fecha_registro,
        c1_0.nombre,
        c1_0.telefono 
    from
        clientes c1_0 
    where
        c1_0.activo=?
2025-11-28 11:13:27 - Using 'application/json', given [*/*] and supported [application/json, application/*+json]
2025-11-28 11:13:27 - Writing [[ClienteResponseDTO(id=1, nombre=Carlos Rodríguez, email=carlos@example.com, telefono=0991234567, fe (truncated)...]
2025-11-28 11:13:27 - Mapped to com.example.demo.controller.ClienteController#listar()
2025-11-28 11:13:27 - GET /api/v1/clientes - Listar todos los clientes
2025-11-28 11:13:27 - Listando todos los clientes activos
2025-11-28 11:13:27 - 
    select
        c1_0.id,
        c1_0.activo,
        c1_0.email,
        c1_0.fecha_registro,
        c1_0.nombre,
        c1_0.telefono 
    from
        clientes c1_0 
    where
        c1_0.activo=?
Hibernate: 
    select
        c1_0.id,
        c1_0.activo,
        c1_0.email,
        c1_0.fecha_registro,
        c1_0.nombre,
        c1_0.telefono 
    from
        clientes c1_0 
    where
        c1_0.activo=?
2025-11-28 11:13:27 - Using 'application/json', given [*/*] and supported [application/json, application/*+json]
2025-11-28 11:13:27 - Writing [[ClienteResponseDTO(id=1, nombre=Carlos Rodríguez, email=carlos@example.com, telefono=0991234567, fe (truncated)...]
2025-11-28 11:13:27 - Mapped to com.example.demo.controller.ClienteController#listar()
2025-11-28 11:13:27 - GET /api/v1/clientes - Listar todos los clientes
2025-11-28 11:13:27 - Listando todos los clientes activos
2025-11-28 11:13:27 - 
    select
        c1_0.id,
        c1_0.activo,
        c1_0.email,
        c1_0.fecha_registro,
        c1_0.nombre,
        c1_0.telefono 
    from
        clientes c1_0 
    where
        c1_0.activo=?
Hibernate: 
    select
        c1_0.id,
        c1_0.activo,
        c1_0.email,
        c1_0.fecha_registro,
        c1_0.nombre,
        c1_0.telefono 
    from
        clientes c1_0 
    where
        c1_0.activo=?
2025-11-28 11:13:27 - Using 'application/json', given [*/*] and supported [application/json, application/*+json]
2025-11-28 11:13:27 - Writing [[ClienteResponseDTO(id=1, nombre=Carlos Rodríguez, email=carlos@example.com, telefono=0991234567, fe (truncated)...]
2025-11-28 11:13:27 - Mapped to com.example.demo.controller.ClienteController#listar()
2025-11-28 11:13:27 - GET /api/v1/clientes - Listar todos los clientes
2025-11-28 11:13:27 - Listando todos los clientes activos
2025-11-28 11:13:27 - 
    select
        c1_0.id,
        c1_0.activo,
        c1_0.email,
        c1_0.fecha_registro,
        c1_0.nombre,
        c1_0.telefono 
    from
        clientes c1_0 
    where
        c1_0.activo=?
Hibernate: 
    select
        c1_0.id,
        c1_0.activo,
        c1_0.email,
        c1_0.fecha_registro,
        c1_0.nombre,
        c1_0.telefono 
    from
        clientes c1_0 
    where
        c1_0.activo=?
2025-11-28 11:13:27 - Using 'application/json', given [*/*] and supported [application/json, application/*+json]
2025-11-28 11:13:27 - Writing [[ClienteResponseDTO(id=1, nombre=Carlos Rodríguez, email=carlos@example.com, telefono=0991234567, fe (truncated)...]
2025-11-28 11:13:27 - Mapped to com.example.demo.controller.ClienteController#listar()
2025-11-28 11:13:27 - GET /api/v1/clientes - Listar todos los clientes
2025-11-28 11:13:27 - Listando todos los clientes activos
2025-11-28 11:13:27 - 
    select
        c1_0.id,
        c1_0.activo,
        c1_0.email,
        c1_0.fecha_registro,
        c1_0.nombre,
        c1_0.telefono 
    from
        clientes c1_0 
    where
        c1_0.activo=?
Hibernate: 
    select
        c1_0.id,
        c1_0.activo,
        c1_0.email,
        c1_0.fecha_registro,
        c1_0.nombre,
        c1_0.telefono 
    from
        clientes c1_0 
    where
        c1_0.activo=?
2025-11-28 11:13:27 - Using 'application/json', given [*/*] and supported [application/json, application/*+json]
2025-11-28 11:13:27 - Writing [[ClienteResponseDTO(id=1, nombre=Carlos Rodríguez, email=carlos@example.com, telefono=0991234567, fe (truncated)...]
2025-11-28 11:13:27 - Mapped to com.example.demo.controller.ClienteController#listar()
2025-11-28 11:13:27 - GET /api/v1/clientes - Listar todos los clientes
2025-11-28 11:13:27 - Listando todos los clientes activos
2025-11-28 11:13:27 - 
    select
        c1_0.id,
        c1_0.activo,
        c1_0.email,
        c1_0.fecha_registro,
        c1_0.nombre,
        c1_0.telefono 
    from
        clientes c1_0 
    where
        c1_0.activo=?
Hibernate: 
    select
        c1_0.id,
        c1_0.activo,
        c1_0.email,
        c1_0.fecha_registro,
        c1_0.nombre,
        c1_0.telefono 
    from
        clientes c1_0 
    where
        c1_0.activo=?
2025-11-28 11:13:27 - Using 'application/json', given [*/*] and supported [application/json, application/*+json]
2025-11-28 11:13:27 - Writing [[ClienteResponseDTO(id=1, nombre=Carlos Rodríguez, email=carlos@example.com, telefono=0991234567, fe (truncated)...]
2025-11-28 11:13:27 - Mapped to com.example.demo.controller.ClienteController#listar()
2025-11-28 11:13:27 - GET /api/v1/clientes - Listar todos los clientes
2025-11-28 11:13:27 - Listando todos los clientes activos
2025-11-28 11:13:27 - 
    select
        c1_0.id,
        c1_0.activo,
        c1_0.email,
        c1_0.fecha_registro,
        c1_0.nombre,
        c1_0.telefono 
    from
        clientes c1_0 
    where
        c1_0.activo=?
Hibernate: 
    select
        c1_0.id,
        c1_0.activo,
        c1_0.email,
        c1_0.fecha_registro,
        c1_0.nombre,
        c1_0.telefono 
    from
        clientes c1_0 
    where
        c1_0.activo=?
2025-11-28 11:13:27 - Using 'application/json', given [*/*] and supported [application/json, application/*+json]
2025-11-28 11:13:27 - Writing [[ClienteResponseDTO(id=1, nombre=Carlos Rodríguez, email=carlos@example.com, telefono=0991234567, fe (truncated)...]
⏱ Tiempo promedio: 19ms
⏱ Tiempo total: 190ms
✅ Performance promedio OK: 19ms < 1500ms
]]></system-out>
  <system-err><![CDATA[]]></system-err>
</testsuite>
