<?xml version="1.0" encoding="UTF-8"?>
<testsuite name="com.example.demo.e2e.ClienteE2ETest" tests="9" skipped="0" failures="0" errors="0" timestamp="2025-11-21T15:20:30" hostname="LAPTOP-ST6CFLS6" time="3.264">
  <properties/>
  <testcase name="Flujo completo: Crear, eliminar y verificar que no existe más" classname="com.example.demo.e2e.ClienteE2ETest" time="2.647"/>
  <testcase name="Flujo de error: Intentar obtener cliente inexistente" classname="com.example.demo.e2e.ClienteE2ETest" time="0.039"/>
  <testcase name="Flujo de error: Intentar crear cliente con datos inválidos" classname="com.example.demo.e2e.ClienteE2ETest" time="0.027"/>
  <testcase name="Flujo de error: Intentar crear cliente duplicado" classname="com.example.demo.e2e.ClienteE2ETest" time="0.057"/>
  <testcase name="Flujo: Crear múltiples clientes y listar todos" classname="com.example.demo.e2e.ClienteE2ETest" time="0.148"/>
  <testcase name="Flujo: Verificar health check del servicio" classname="com.example.demo.e2e.ClienteE2ETest" time="0.022"/>
  <testcase name="Flujo completo: CREAR → CONSULTAR → ACTUALIZAR → ELIMINAR" classname="com.example.demo.e2e.ClienteE2ETest" time="0.178"/>
  <testcase name="Flujo: Actualizar cliente con nuevo nombre" classname="com.example.demo.e2e.ClienteE2ETest" time="0.071"/>
  <testcase name="Flujo: Buscar cliente por nombre" classname="com.example.demo.e2e.ClienteE2ETest" time="0.065"/>
  <system-out><![CDATA[10:20:25.557 [Test worker] INFO org.springframework.test.context.support.AnnotationConfigContextLoaderUtils -- Could not detect default configuration classes for test class [com.example.demo.e2e.ClienteE2ETest]: ClienteE2ETest does not declare any static, non-private, non-final, nested classes annotated with @Configuration.
10:20:25.668 [Test worker] INFO org.springframework.boot.test.context.SpringBootTestContextBootstrapper -- Found @SpringBootConfiguration com.example.demo.DemoApplication for test class com.example.demo.e2e.ClienteE2ETest

  .   ____          _            __ _ _
 /\\ / ___'_ __ _ _(_)_ __  __ _ \ \ \ \
( ( )\___ | '_ | '_| | '_ \/ _` | \ \ \ \
 \\/  ___)| |_)| | | | | || (_| |  ) ) ) )
  '  |____| .__|_| |_|_| |_\__, | / / / /
 =========|_|==============|___/=/_/_/_/
 :: Spring Boot ::                (v3.2.0)

2025-11-21 10:20:26 - Starting ClienteE2ETest using Java 21.0.2 with PID 11860 (started by ASUS GAMING in C:\Users\ASUS GAMING\Downloads\Ejercicio_Dos)
2025-11-21 10:20:26 - Running with Spring Boot v3.2.0, Spring v6.1.1
2025-11-21 10:20:26 - No active profile set, falling back to 1 default profile: "default"
2025-11-21 10:20:27 - Bootstrapping Spring Data JPA repositories in DEFAULT mode.
2025-11-21 10:20:27 - Finished Spring Data repository scanning in 55 ms. Found 1 JPA repository interface.
2025-11-21 10:20:27 - Tomcat initialized with port 0 (http)
2025-11-21 10:20:27 - Starting service [Tomcat]
2025-11-21 10:20:27 - Starting Servlet engine: [Apache Tomcat/10.1.16]
2025-11-21 10:20:27 - Initializing Spring embedded WebApplicationContext
2025-11-21 10:20:27 - Root WebApplicationContext: initialization completed in 1440 ms
2025-11-21 10:20:27 - HikariPool-1 - Starting...
2025-11-21 10:20:28 - HikariPool-1 - Added connection conn0: url=jdbc:h2:mem:clientesdb user=SA
2025-11-21 10:20:28 - HikariPool-1 - Start completed.
2025-11-21 10:20:28 - H2 console available at '/h2-console'. Database available at 'jdbc:h2:mem:clientesdb'
2025-11-21 10:20:28 - HHH000204: Processing PersistenceUnitInfo [name: default]
2025-11-21 10:20:28 - HHH000412: Hibernate ORM core version 6.3.1.Final
2025-11-21 10:20:28 - HHH000026: Second-level cache disabled
2025-11-21 10:20:28 - No LoadTimeWeaver setup: ignoring JPA class transformer
2025-11-21 10:20:28 - HHH90000025: H2Dialect does not need to be specified explicitly using 'hibernate.dialect' (remove the property setting and it will be selected by default)
2025-11-21 10:20:29 - HHH000489: No JTA platform available (set 'hibernate.transaction.jta.platform' to enable JTA platform integration)
2025-11-21 10:20:29 - 
    drop table if exists clientes cascade 
Hibernate: 
    drop table if exists clientes cascade 
2025-11-21 10:20:29 - 
    create table clientes (
        activo boolean,
        fecha_registro timestamp(6) not null,
        id bigint generated by default as identity,
        telefono varchar(15),
        nombre varchar(100) not null unique,
        email varchar(255) unique,
        primary key (id)
    )
Hibernate: 
    create table clientes (
        activo boolean,
        fecha_registro timestamp(6) not null,
        id bigint generated by default as identity,
        telefono varchar(15),
        nombre varchar(100) not null unique,
        email varchar(255) unique,
        primary key (id)
    )
2025-11-21 10:20:29 - Initialized JPA EntityManagerFactory for persistence unit 'default'
2025-11-21 10:20:29 - spring.jpa.open-in-view is enabled by default. Therefore, database queries may be performed during view rendering. Explicitly configure spring.jpa.open-in-view to disable this warning
2025-11-21 10:20:30 - 9 mappings in 'requestMappingHandlerMapping'
2025-11-21 10:20:30 - Patterns [/webjars/**, /**] in 'resourceHandlerMapping'
2025-11-21 10:20:30 - ControllerAdvice beans: 0 @ModelAttribute, 0 @InitBinder, 1 RequestBodyAdvice, 1 ResponseBodyAdvice
2025-11-21 10:20:30 - ControllerAdvice beans: 1 @ExceptionHandler, 1 ResponseBodyAdvice
2025-11-21 10:20:30 - Tomcat started on port 54416 (http) with context path ''
2025-11-21 10:20:30 - Started ClienteE2ETest in 5.038 seconds (process running for 6.784)
2025-11-21 10:20:31 - 
    select
        c1_0.id,
        c1_0.activo,
        c1_0.email,
        c1_0.fecha_registro,
        c1_0.nombre,
        c1_0.telefono 
    from
        clientes c1_0
Hibernate: 
    select
        c1_0.id,
        c1_0.activo,
        c1_0.email,
        c1_0.fecha_registro,
        c1_0.nombre,
        c1_0.telefono 
    from
        clientes c1_0
2025-11-21 10:20:31 - 
    delete 
    from
        clientes 
    where
        id=?
Hibernate: 
    delete 
    from
        clientes 
    where
        id=?
2025-11-21 10:20:31 - 
    delete 
    from
        clientes 
    where
        id=?
Hibernate: 
    delete 
    from
        clientes 
    where
        id=?
2025-11-21 10:20:31 - 
    delete 
    from
        clientes 
    where
        id=?
Hibernate: 
    delete 
    from
        clientes 
    where
        id=?
2025-11-21 10:20:31 - 
    delete 
    from
        clientes 
    where
        id=?
Hibernate: 
    delete 
    from
        clientes 
    where
        id=?
2025-11-21 10:20:31 - 
    delete 
    from
        clientes 
    where
        id=?
Hibernate: 
    delete 
    from
        clientes 
    where
        id=?
2025-11-21 10:20:32 - Initializing Spring DispatcherServlet 'dispatcherServlet'
2025-11-21 10:20:32 - Initializing Servlet 'dispatcherServlet'
2025-11-21 10:20:32 - Detected StandardServletMultipartResolver
2025-11-21 10:20:32 - Detected AcceptHeaderLocaleResolver
2025-11-21 10:20:32 - Detected FixedThemeResolver
2025-11-21 10:20:32 - Detected org.springframework.web.servlet.view.DefaultRequestToViewNameTranslator@17e2ad13
2025-11-21 10:20:32 - Detected org.springframework.web.servlet.support.SessionFlashMapManager@66be0e72
2025-11-21 10:20:32 - enableLoggingRequestDetails='false': request parameters and headers will be masked to prevent unsafe logging of potentially sensitive data
2025-11-21 10:20:32 - Completed initialization in 3 ms
2025-11-21 10:20:32 - POST "/api/v1/clientes", parameters={}
2025-11-21 10:20:32 - Mapped to com.example.demo.controller.ClienteController#crear(ClienteRequestDTO)
2025-11-21 10:20:32 - Read "application/json;charset=UTF-8" to [ClienteRequestDTO(nombre=Cliente Temporal, email=temporal@test.com, telefono=0999999999)]
2025-11-21 10:20:32 - POST /api/v1/clientes - Crear cliente: Cliente Temporal
2025-11-21 10:20:32 - Creando cliente con nombre: Cliente Temporal
2025-11-21 10:20:32 - 
    select
        c1_0.id 
    from
        clientes c1_0 
    where
        c1_0.nombre=? 
    fetch
        first ? rows only
Hibernate: 
    select
        c1_0.id 
    from
        clientes c1_0 
    where
        c1_0.nombre=? 
    fetch
        first ? rows only
2025-11-21 10:20:32 - 
    insert 
    into
        clientes
        (activo, email, fecha_registro, nombre, telefono, id) 
    values
        (?, ?, ?, ?, ?, default)
Hibernate: 
    insert 
    into
        clientes
        (activo, email, fecha_registro, nombre, telefono, id) 
    values
        (?, ?, ?, ?, ?, default)
2025-11-21 10:20:32 - Cliente creado exitosamente con id: 6
2025-11-21 10:20:32 - Using 'application/json', given [*/*] and supported [application/json, application/*+json]
2025-11-21 10:20:32 - Writing [ClienteResponseDTO(id=6, nombre=Cliente Temporal, email=temporal@test.com, telefono=0999999999, fech (truncated)...]
2025-11-21 10:20:32 - Completed 201 CREATED
✅ Cliente temporal creado con ID: 6
2025-11-21 10:20:33 - GET "/api/v1/clientes/6", parameters={}
2025-11-21 10:20:33 - Mapped to com.example.demo.controller.ClienteController#obtenerPorId(Long)
2025-11-21 10:20:33 - GET /api/v1/clientes/6 - Obtener cliente
2025-11-21 10:20:33 - Buscando cliente con id: 6
2025-11-21 10:20:33 - 
    select
        c1_0.id,
        c1_0.activo,
        c1_0.email,
        c1_0.fecha_registro,
        c1_0.nombre,
        c1_0.telefono 
    from
        clientes c1_0 
    where
        c1_0.id=?
Hibernate: 
    select
        c1_0.id,
        c1_0.activo,
        c1_0.email,
        c1_0.fecha_registro,
        c1_0.nombre,
        c1_0.telefono 
    from
        clientes c1_0 
    where
        c1_0.id=?
2025-11-21 10:20:33 - Using 'application/json', given [*/*] and supported [application/json, application/*+json]
2025-11-21 10:20:33 - Writing [ClienteResponseDTO(id=6, nombre=Cliente Temporal, email=temporal@test.com, telefono=0999999999, fech (truncated)...]
2025-11-21 10:20:33 - Completed 200 OK
2025-11-21 10:20:33 - DELETE "/api/v1/clientes/6", parameters={}
2025-11-21 10:20:33 - Mapped to com.example.demo.controller.ClienteController#eliminar(Long)
2025-11-21 10:20:33 - DELETE /api/v1/clientes/6 - Eliminar cliente
2025-11-21 10:20:33 - Eliminando cliente con id: 6
2025-11-21 10:20:33 - 
    select
        c1_0.id,
        c1_0.activo,
        c1_0.email,
        c1_0.fecha_registro,
        c1_0.nombre,
        c1_0.telefono 
    from
        clientes c1_0 
    where
        c1_0.id=?
Hibernate: 
    select
        c1_0.id,
        c1_0.activo,
        c1_0.email,
        c1_0.fecha_registro,
        c1_0.nombre,
        c1_0.telefono 
    from
        clientes c1_0 
    where
        c1_0.id=?
2025-11-21 10:20:33 - Cliente eliminado (desactivado) exitosamente con id: 6
2025-11-21 10:20:33 - 
    update
        clientes 
    set
        activo=?,
        email=?,
        nombre=?,
        telefono=? 
    where
        id=?
Hibernate: 
    update
        clientes 
    set
        activo=?,
        email=?,
        nombre=?,
        telefono=? 
    where
        id=?
2025-11-21 10:20:33 - Using 'application/json', given [*/*] and supported [application/json, application/*+json]
2025-11-21 10:20:33 - Nothing to write: null body
2025-11-21 10:20:33 - Completed 204 NO_CONTENT
✅ Cliente eliminado
2025-11-21 10:20:33 - GET "/api/v1/clientes", parameters={}
2025-11-21 10:20:33 - Mapped to com.example.demo.controller.ClienteController#listar()
2025-11-21 10:20:33 - GET /api/v1/clientes - Listar todos los clientes
2025-11-21 10:20:33 - Listando todos los clientes activos
2025-11-21 10:20:33 - 
    select
        c1_0.id,
        c1_0.activo,
        c1_0.email,
        c1_0.fecha_registro,
        c1_0.nombre,
        c1_0.telefono 
    from
        clientes c1_0 
    where
        c1_0.activo=?
Hibernate: 
    select
        c1_0.id,
        c1_0.activo,
        c1_0.email,
        c1_0.fecha_registro,
        c1_0.nombre,
        c1_0.telefono 
    from
        clientes c1_0 
    where
        c1_0.activo=?
2025-11-21 10:20:33 - Using 'application/json', given [*/*] and supported [application/json, application/*+json]
2025-11-21 10:20:33 - Writing [[]]
2025-11-21 10:20:33 - Completed 200 OK
✅ Cliente no aparece en lista de activos
]]>&#x1f389;<![CDATA[ FLUJO COMPLETO DE ELIMINACIÓN EXITOSO
2025-11-21 10:20:33 - 
    select
        c1_0.id,
        c1_0.activo,
        c1_0.email,
        c1_0.fecha_registro,
        c1_0.nombre,
        c1_0.telefono 
    from
        clientes c1_0
Hibernate: 
    select
        c1_0.id,
        c1_0.activo,
        c1_0.email,
        c1_0.fecha_registro,
        c1_0.nombre,
        c1_0.telefono 
    from
        clientes c1_0
2025-11-21 10:20:33 - 
    delete 
    from
        clientes 
    where
        id=?
Hibernate: 
    delete 
    from
        clientes 
    where
        id=?
2025-11-21 10:20:33 - GET "/api/v1/clientes/999", parameters={}
2025-11-21 10:20:33 - Mapped to com.example.demo.controller.ClienteController#obtenerPorId(Long)
2025-11-21 10:20:33 - GET /api/v1/clientes/999 - Obtener cliente
2025-11-21 10:20:33 - Buscando cliente con id: 999
2025-11-21 10:20:33 - 
    select
        c1_0.id,
        c1_0.activo,
        c1_0.email,
        c1_0.fecha_registro,
        c1_0.nombre,
        c1_0.telefono 
    from
        clientes c1_0 
    where
        c1_0.id=?
Hibernate: 
    select
        c1_0.id,
        c1_0.activo,
        c1_0.email,
        c1_0.fecha_registro,
        c1_0.nombre,
        c1_0.telefono 
    from
        clientes c1_0 
    where
        c1_0.id=?
2025-11-21 10:20:33 - Using @ExceptionHandler com.example.demo.exception.GlobalExceptionHandler#handleClienteNotFoundException(ClienteNotFoundException, HttpServletRequest)
2025-11-21 10:20:33 - Cliente no encontrado: Cliente no encontrado con id: 999
2025-11-21 10:20:33 - Using 'application/json', given [*/*] and supported [application/json, application/*+json]
2025-11-21 10:20:33 - Writing [ErrorResponse(timestamp=2025-11-21T10:20:33.536289100, status=404, error=Not Found, message=Cliente  (truncated)...]
2025-11-21 10:20:33 - Resolved [com.example.demo.exception.ClienteNotFoundException: Cliente no encontrado con id: 999]
2025-11-21 10:20:33 - Completed 404 NOT_FOUND
✅ Manejo de error 404 funciona correctamente
2025-11-21 10:20:33 - 
    select
        c1_0.id,
        c1_0.activo,
        c1_0.email,
        c1_0.fecha_registro,
        c1_0.nombre,
        c1_0.telefono 
    from
        clientes c1_0
Hibernate: 
    select
        c1_0.id,
        c1_0.activo,
        c1_0.email,
        c1_0.fecha_registro,
        c1_0.nombre,
        c1_0.telefono 
    from
        clientes c1_0
2025-11-21 10:20:33 - POST "/api/v1/clientes", parameters={}
2025-11-21 10:20:33 - Mapped to com.example.demo.controller.ClienteController#crear(ClienteRequestDTO)
2025-11-21 10:20:33 - Read "application/json;charset=UTF-8" to [ClienteRequestDTO(nombre=, email=email@test.com, telefono=0999999999)]
2025-11-21 10:20:33 - Using @ExceptionHandler com.example.demo.exception.GlobalExceptionHandler#handleValidationExceptions(MethodArgumentNotValidException, HttpServletRequest)
2025-11-21 10:20:33 - Error de validación: Validation failed for argument [0] in public org.springframework.http.ResponseEntity<com.example.demo.model.dto.ClienteResponseDTO> com.example.demo.controller.ClienteController.crear(com.example.demo.model.dto.ClienteRequestDTO) with 2 errors: [Field error in object 'clienteRequestDTO' on field 'nombre': rejected value []; codes [NotBlank.clienteRequestDTO.nombre,NotBlank.nombre,NotBlank.java.lang.String,NotBlank]; arguments [org.springframework.context.support.DefaultMessageSourceResolvable: codes [clienteRequestDTO.nombre,nombre]; arguments []; default message [nombre]]; default message [El nombre no puede estar vacío]] [Field error in object 'clienteRequestDTO' on field 'nombre': rejected value []; codes [Size.clienteRequestDTO.nombre,Size.nombre,Size.java.lang.String,Size]; arguments [org.springframework.context.support.DefaultMessageSourceResolvable: codes [clienteRequestDTO.nombre,nombre]; arguments []; default message [nombre],100,2]; default message [El nombre debe tener entre 2 y 100 caracteres]] 
2025-11-21 10:20:33 - Using 'application/json', given [*/*] and supported [application/json, application/*+json]
2025-11-21 10:20:33 - Writing [ErrorResponse(timestamp=2025-11-21T10:20:33.576148100, status=400, error=Validation Error, message=E (truncated)...]
2025-11-21 10:20:33 - Resolved [org.springframework.web.bind.MethodArgumentNotValidException: Validation failed for argument [0] in public org.springframework.http.ResponseEntity<com.example.demo.model.dto.ClienteResponseDTO> com.example.demo.controller.ClienteController.crear(com.example.demo.model.dto.ClienteRequestDTO) with 2 errors: [Field error in object 'clienteRequestDTO' on field 'nombre': rejected value []; codes [NotBlank.clienteRequestDTO.nombre,NotBlank.nombre,NotBlank.java.lang.String,NotBlank]; arguments [org.springframework.context.support.DefaultMessageSourceResolvable: codes [clienteRequestDTO.nombre,nombre]; arguments []; default message [nombre]]; default message [El nombre no puede estar vacío]] [Field error in object 'clienteRequestDTO' on field 'nombre': rejected value []; codes [Size.clienteRequestDTO.nombre,Size.nombre,Size.java.lang.String,Size]; arguments [org.springframework.context.support.DefaultMessageSourceResolvable: codes [clienteRequestDTO.nombre,nombre]; arguments []; default message [nombre],100,2]; default message [El nombre debe tener entre 2 y 100 caracteres]] ]
2025-11-21 10:20:33 - Completed 400 BAD_REQUEST
✅ Validación de datos funciona correctamente
2025-11-21 10:20:33 - 
    select
        c1_0.id,
        c1_0.activo,
        c1_0.email,
        c1_0.fecha_registro,
        c1_0.nombre,
        c1_0.telefono 
    from
        clientes c1_0
Hibernate: 
    select
        c1_0.id,
        c1_0.activo,
        c1_0.email,
        c1_0.fecha_registro,
        c1_0.nombre,
        c1_0.telefono 
    from
        clientes c1_0
2025-11-21 10:20:33 - POST "/api/v1/clientes", parameters={}
2025-11-21 10:20:33 - Mapped to com.example.demo.controller.ClienteController#crear(ClienteRequestDTO)
2025-11-21 10:20:33 - Read "application/json;charset=UTF-8" to [ClienteRequestDTO(nombre=Cliente Duplicado, email=cliente@test.com, telefono=0999999999)]
2025-11-21 10:20:33 - POST /api/v1/clientes - Crear cliente: Cliente Duplicado
2025-11-21 10:20:33 - Creando cliente con nombre: Cliente Duplicado
2025-11-21 10:20:33 - 
    select
        c1_0.id 
    from
        clientes c1_0 
    where
        c1_0.nombre=? 
    fetch
        first ? rows only
Hibernate: 
    select
        c1_0.id 
    from
        clientes c1_0 
    where
        c1_0.nombre=? 
    fetch
        first ? rows only
2025-11-21 10:20:33 - 
    insert 
    into
        clientes
        (activo, email, fecha_registro, nombre, telefono, id) 
    values
        (?, ?, ?, ?, ?, default)
Hibernate: 
    insert 
    into
        clientes
        (activo, email, fecha_registro, nombre, telefono, id) 
    values
        (?, ?, ?, ?, ?, default)
2025-11-21 10:20:33 - Cliente creado exitosamente con id: 7
2025-11-21 10:20:33 - Using 'application/json', given [*/*] and supported [application/json, application/*+json]
2025-11-21 10:20:33 - Writing [ClienteResponseDTO(id=7, nombre=Cliente Duplicado, email=cliente@test.com, telefono=0999999999, fech (truncated)...]
2025-11-21 10:20:33 - Completed 201 CREATED
2025-11-21 10:20:33 - POST "/api/v1/clientes", parameters={}
2025-11-21 10:20:33 - Mapped to com.example.demo.controller.ClienteController#crear(ClienteRequestDTO)
2025-11-21 10:20:33 - Read "application/json;charset=UTF-8" to [ClienteRequestDTO(nombre=Cliente Duplicado, email=otro@test.com, telefono=0988888888)]
2025-11-21 10:20:33 - POST /api/v1/clientes - Crear cliente: Cliente Duplicado
2025-11-21 10:20:33 - Creando cliente con nombre: Cliente Duplicado
2025-11-21 10:20:33 - 
    select
        c1_0.id 
    from
        clientes c1_0 
    where
        c1_0.nombre=? 
    fetch
        first ? rows only
Hibernate: 
    select
        c1_0.id 
    from
        clientes c1_0 
    where
        c1_0.nombre=? 
    fetch
        first ? rows only
2025-11-21 10:20:33 - Ya existe un cliente con el nombre: Cliente Duplicado
2025-11-21 10:20:33 - Using @ExceptionHandler com.example.demo.exception.GlobalExceptionHandler#handleClienteAlreadyExistsException(ClienteAlreadyExistsException, HttpServletRequest)
2025-11-21 10:20:33 - Cliente ya existe: Ya existe un cliente con el nombre: Cliente Duplicado
2025-11-21 10:20:33 - Using 'application/json', given [*/*] and supported [application/json, application/*+json]
2025-11-21 10:20:33 - Writing [ErrorResponse(timestamp=2025-11-21T10:20:33.627985600, status=409, error=Conflict, message=Ya existe (truncated)...]
2025-11-21 10:20:33 - Resolved [com.example.demo.exception.ClienteAlreadyExistsException: Ya existe un cliente con el nombre: Cliente Duplicado]
2025-11-21 10:20:33 - Completed 409 CONFLICT
✅ Validación de duplicados funciona correctamente
2025-11-21 10:20:33 - 
    select
        c1_0.id,
        c1_0.activo,
        c1_0.email,
        c1_0.fecha_registro,
        c1_0.nombre,
        c1_0.telefono 
    from
        clientes c1_0
Hibernate: 
    select
        c1_0.id,
        c1_0.activo,
        c1_0.email,
        c1_0.fecha_registro,
        c1_0.nombre,
        c1_0.telefono 
    from
        clientes c1_0
2025-11-21 10:20:33 - 
    delete 
    from
        clientes 
    where
        id=?
Hibernate: 
    delete 
    from
        clientes 
    where
        id=?
2025-11-21 10:20:33 - POST "/api/v1/clientes", parameters={}
2025-11-21 10:20:33 - Mapped to com.example.demo.controller.ClienteController#crear(ClienteRequestDTO)
2025-11-21 10:20:33 - Read "application/json;charset=UTF-8" to [ClienteRequestDTO(nombre=Cliente Uno, email=uno@test.com, telefono=0999999999)]
2025-11-21 10:20:33 - POST /api/v1/clientes - Crear cliente: Cliente Uno
2025-11-21 10:20:33 - Creando cliente con nombre: Cliente Uno
2025-11-21 10:20:33 - 
    select
        c1_0.id 
    from
        clientes c1_0 
    where
        c1_0.nombre=? 
    fetch
        first ? rows only
Hibernate: 
    select
        c1_0.id 
    from
        clientes c1_0 
    where
        c1_0.nombre=? 
    fetch
        first ? rows only
2025-11-21 10:20:33 - 
    insert 
    into
        clientes
        (activo, email, fecha_registro, nombre, telefono, id) 
    values
        (?, ?, ?, ?, ?, default)
Hibernate: 
    insert 
    into
        clientes
        (activo, email, fecha_registro, nombre, telefono, id) 
    values
        (?, ?, ?, ?, ?, default)
2025-11-21 10:20:33 - Cliente creado exitosamente con id: 8
2025-11-21 10:20:33 - Using 'application/json', given [*/*] and supported [application/json, application/*+json]
2025-11-21 10:20:33 - Writing [ClienteResponseDTO(id=8, nombre=Cliente Uno, email=uno@test.com, telefono=0999999999, fechaRegistro= (truncated)...]
2025-11-21 10:20:33 - Completed 201 CREATED
2025-11-21 10:20:33 - POST "/api/v1/clientes", parameters={}
2025-11-21 10:20:33 - Mapped to com.example.demo.controller.ClienteController#crear(ClienteRequestDTO)
2025-11-21 10:20:33 - Read "application/json;charset=UTF-8" to [ClienteRequestDTO(nombre=Cliente Dos, email=dos@test.com, telefono=0988888888)]
2025-11-21 10:20:33 - POST /api/v1/clientes - Crear cliente: Cliente Dos
2025-11-21 10:20:33 - Creando cliente con nombre: Cliente Dos
2025-11-21 10:20:33 - 
    select
        c1_0.id 
    from
        clientes c1_0 
    where
        c1_0.nombre=? 
    fetch
        first ? rows only
Hibernate: 
    select
        c1_0.id 
    from
        clientes c1_0 
    where
        c1_0.nombre=? 
    fetch
        first ? rows only
2025-11-21 10:20:33 - 
    insert 
    into
        clientes
        (activo, email, fecha_registro, nombre, telefono, id) 
    values
        (?, ?, ?, ?, ?, default)
Hibernate: 
    insert 
    into
        clientes
        (activo, email, fecha_registro, nombre, telefono, id) 
    values
        (?, ?, ?, ?, ?, default)
2025-11-21 10:20:33 - Cliente creado exitosamente con id: 9
2025-11-21 10:20:33 - Using 'application/json', given [*/*] and supported [application/json, application/*+json]
2025-11-21 10:20:33 - Writing [ClienteResponseDTO(id=9, nombre=Cliente Dos, email=dos@test.com, telefono=0988888888, fechaRegistro= (truncated)...]
2025-11-21 10:20:33 - Completed 201 CREATED
2025-11-21 10:20:33 - POST "/api/v1/clientes", parameters={}
2025-11-21 10:20:33 - Mapped to com.example.demo.controller.ClienteController#crear(ClienteRequestDTO)
2025-11-21 10:20:33 - Read "application/json;charset=UTF-8" to [ClienteRequestDTO(nombre=Cliente Tres, email=tres@test.com, telefono=0977777777)]
2025-11-21 10:20:33 - POST /api/v1/clientes - Crear cliente: Cliente Tres
2025-11-21 10:20:33 - Creando cliente con nombre: Cliente Tres
2025-11-21 10:20:33 - 
    select
        c1_0.id 
    from
        clientes c1_0 
    where
        c1_0.nombre=? 
    fetch
        first ? rows only
Hibernate: 
    select
        c1_0.id 
    from
        clientes c1_0 
    where
        c1_0.nombre=? 
    fetch
        first ? rows only
2025-11-21 10:20:33 - 
    insert 
    into
        clientes
        (activo, email, fecha_registro, nombre, telefono, id) 
    values
        (?, ?, ?, ?, ?, default)
Hibernate: 
    insert 
    into
        clientes
        (activo, email, fecha_registro, nombre, telefono, id) 
    values
        (?, ?, ?, ?, ?, default)
2025-11-21 10:20:33 - Cliente creado exitosamente con id: 10
2025-11-21 10:20:33 - Using 'application/json', given [*/*] and supported [application/json, application/*+json]
2025-11-21 10:20:33 - Writing [ClienteResponseDTO(id=10, nombre=Cliente Tres, email=tres@test.com, telefono=0977777777, fechaRegist (truncated)...]
2025-11-21 10:20:33 - Completed 201 CREATED
2025-11-21 10:20:33 - GET "/api/v1/clientes", parameters={}
2025-11-21 10:20:33 - Mapped to com.example.demo.controller.ClienteController#listar()
2025-11-21 10:20:33 - GET /api/v1/clientes - Listar todos los clientes
2025-11-21 10:20:33 - Listando todos los clientes activos
2025-11-21 10:20:33 - 
    select
        c1_0.id,
        c1_0.activo,
        c1_0.email,
        c1_0.fecha_registro,
        c1_0.nombre,
        c1_0.telefono 
    from
        clientes c1_0 
    where
        c1_0.activo=?
Hibernate: 
    select
        c1_0.id,
        c1_0.activo,
        c1_0.email,
        c1_0.fecha_registro,
        c1_0.nombre,
        c1_0.telefono 
    from
        clientes c1_0 
    where
        c1_0.activo=?
2025-11-21 10:20:33 - Using 'application/json', given [*/*] and supported [application/json, application/*+json]
2025-11-21 10:20:33 - Writing [[ClienteResponseDTO(id=8, nombre=Cliente Uno, email=uno@test.com, telefono=0999999999, fechaRegistro (truncated)...]
2025-11-21 10:20:33 - Completed 200 OK
✅ Múltiples clientes creados y listados correctamente
2025-11-21 10:20:33 - 
    select
        c1_0.id,
        c1_0.activo,
        c1_0.email,
        c1_0.fecha_registro,
        c1_0.nombre,
        c1_0.telefono 
    from
        clientes c1_0
Hibernate: 
    select
        c1_0.id,
        c1_0.activo,
        c1_0.email,
        c1_0.fecha_registro,
        c1_0.nombre,
        c1_0.telefono 
    from
        clientes c1_0
2025-11-21 10:20:33 - 
    delete 
    from
        clientes 
    where
        id=?
Hibernate: 
    delete 
    from
        clientes 
    where
        id=?
2025-11-21 10:20:33 - 
    delete 
    from
        clientes 
    where
        id=?
Hibernate: 
    delete 
    from
        clientes 
    where
        id=?
2025-11-21 10:20:33 - 
    delete 
    from
        clientes 
    where
        id=?
Hibernate: 
    delete 
    from
        clientes 
    where
        id=?
2025-11-21 10:20:33 - GET "/api/v1/clientes/health", parameters={}
2025-11-21 10:20:33 - Mapped to com.example.demo.controller.ClienteController#health()
2025-11-21 10:20:33 - Using 'text/plain', given [*/*] and supported [text/plain, */*, application/json, application/*+json]
2025-11-21 10:20:33 - Writing ["Cliente Service is UP"]
2025-11-21 10:20:33 - Completed 200 OK
✅ Health check funciona correctamente
2025-11-21 10:20:33 - 
    select
        c1_0.id,
        c1_0.activo,
        c1_0.email,
        c1_0.fecha_registro,
        c1_0.nombre,
        c1_0.telefono 
    from
        clientes c1_0
Hibernate: 
    select
        c1_0.id,
        c1_0.activo,
        c1_0.email,
        c1_0.fecha_registro,
        c1_0.nombre,
        c1_0.telefono 
    from
        clientes c1_0
2025-11-21 10:20:33 - POST "/api/v1/clientes", parameters={}
2025-11-21 10:20:33 - Mapped to com.example.demo.controller.ClienteController#crear(ClienteRequestDTO)
2025-11-21 10:20:33 - Read "application/json;charset=UTF-8" to [ClienteRequestDTO(nombre=Ana Martínez, email=ana@test.com, telefono=0966666666)]
2025-11-21 10:20:33 - POST /api/v1/clientes - Crear cliente: Ana Martínez
2025-11-21 10:20:33 - Creando cliente con nombre: Ana Martínez
2025-11-21 10:20:33 - 
    select
        c1_0.id 
    from
        clientes c1_0 
    where
        c1_0.nombre=? 
    fetch
        first ? rows only
Hibernate: 
    select
        c1_0.id 
    from
        clientes c1_0 
    where
        c1_0.nombre=? 
    fetch
        first ? rows only
2025-11-21 10:20:33 - 
    insert 
    into
        clientes
        (activo, email, fecha_registro, nombre, telefono, id) 
    values
        (?, ?, ?, ?, ?, default)
Hibernate: 
    insert 
    into
        clientes
        (activo, email, fecha_registro, nombre, telefono, id) 
    values
        (?, ?, ?, ?, ?, default)
2025-11-21 10:20:33 - Cliente creado exitosamente con id: 11
2025-11-21 10:20:33 - Using 'application/json', given [*/*] and supported [application/json, application/*+json]
2025-11-21 10:20:33 - Writing [ClienteResponseDTO(id=11, nombre=Ana Martínez, email=ana@test.com, telefono=0966666666, fechaRegistr (truncated)...]
2025-11-21 10:20:33 - Completed 201 CREATED
✅ Cliente creado con ID: 11
2025-11-21 10:20:33 - GET "/api/v1/clientes/11", parameters={}
2025-11-21 10:20:33 - Mapped to com.example.demo.controller.ClienteController#obtenerPorId(Long)
2025-11-21 10:20:33 - GET /api/v1/clientes/11 - Obtener cliente
2025-11-21 10:20:33 - Buscando cliente con id: 11
2025-11-21 10:20:33 - 
    select
        c1_0.id,
        c1_0.activo,
        c1_0.email,
        c1_0.fecha_registro,
        c1_0.nombre,
        c1_0.telefono 
    from
        clientes c1_0 
    where
        c1_0.id=?
Hibernate: 
    select
        c1_0.id,
        c1_0.activo,
        c1_0.email,
        c1_0.fecha_registro,
        c1_0.nombre,
        c1_0.telefono 
    from
        clientes c1_0 
    where
        c1_0.id=?
2025-11-21 10:20:33 - Using 'application/json', given [*/*] and supported [application/json, application/*+json]
2025-11-21 10:20:33 - Writing [ClienteResponseDTO(id=11, nombre=Ana Martínez, email=ana@test.com, telefono=0966666666, fechaRegistr (truncated)...]
2025-11-21 10:20:33 - Completed 200 OK
✅ Cliente consultado correctamente
2025-11-21 10:20:33 - PUT "/api/v1/clientes/11", parameters={}
2025-11-21 10:20:33 - Mapped to com.example.demo.controller.ClienteController#actualizar(Long, ClienteRequestDTO)
2025-11-21 10:20:33 - Read "application/json;charset=UTF-8" to [ClienteRequestDTO(nombre=Ana Martínez López, email=ana.lopez@test.com, telefono=0955555555)]
2025-11-21 10:20:33 - PUT /api/v1/clientes/11 - Actualizar cliente
2025-11-21 10:20:33 - Actualizando cliente con id: 11
2025-11-21 10:20:33 - 
    select
        c1_0.id,
        c1_0.activo,
        c1_0.email,
        c1_0.fecha_registro,
        c1_0.nombre,
        c1_0.telefono 
    from
        clientes c1_0 
    where
        c1_0.id=?
Hibernate: 
    select
        c1_0.id,
        c1_0.activo,
        c1_0.email,
        c1_0.fecha_registro,
        c1_0.nombre,
        c1_0.telefono 
    from
        clientes c1_0 
    where
        c1_0.id=?
2025-11-21 10:20:33 - 
    select
        c1_0.id 
    from
        clientes c1_0 
    where
        c1_0.nombre=? 
    fetch
        first ? rows only
Hibernate: 
    select
        c1_0.id 
    from
        clientes c1_0 
    where
        c1_0.nombre=? 
    fetch
        first ? rows only
2025-11-21 10:20:33 - Cliente actualizado exitosamente con id: 11
2025-11-21 10:20:33 - 
    update
        clientes 
    set
        activo=?,
        email=?,
        nombre=?,
        telefono=? 
    where
        id=?
Hibernate: 
    update
        clientes 
    set
        activo=?,
        email=?,
        nombre=?,
        telefono=? 
    where
        id=?
2025-11-21 10:20:33 - Using 'application/json', given [*/*] and supported [application/json, application/*+json]
2025-11-21 10:20:33 - Writing [ClienteResponseDTO(id=11, nombre=Ana Martínez López, email=ana.lopez@test.com, telefono=0955555555,  (truncated)...]
2025-11-21 10:20:33 - Completed 200 OK
✅ Cliente actualizado correctamente
2025-11-21 10:20:33 - DELETE "/api/v1/clientes/11", parameters={}
2025-11-21 10:20:33 - Mapped to com.example.demo.controller.ClienteController#eliminar(Long)
2025-11-21 10:20:33 - DELETE /api/v1/clientes/11 - Eliminar cliente
2025-11-21 10:20:33 - Eliminando cliente con id: 11
2025-11-21 10:20:33 - 
    select
        c1_0.id,
        c1_0.activo,
        c1_0.email,
        c1_0.fecha_registro,
        c1_0.nombre,
        c1_0.telefono 
    from
        clientes c1_0 
    where
        c1_0.id=?
Hibernate: 
    select
        c1_0.id,
        c1_0.activo,
        c1_0.email,
        c1_0.fecha_registro,
        c1_0.nombre,
        c1_0.telefono 
    from
        clientes c1_0 
    where
        c1_0.id=?
2025-11-21 10:20:33 - Cliente eliminado (desactivado) exitosamente con id: 11
2025-11-21 10:20:33 - 
    update
        clientes 
    set
        activo=?,
        email=?,
        nombre=?,
        telefono=? 
    where
        id=?
Hibernate: 
    update
        clientes 
    set
        activo=?,
        email=?,
        nombre=?,
        telefono=? 
    where
        id=?
2025-11-21 10:20:33 - Using 'application/json', given [*/*] and supported [application/json, application/*+json]
2025-11-21 10:20:33 - Nothing to write: null body
2025-11-21 10:20:33 - Completed 204 NO_CONTENT
✅ Cliente eliminado correctamente
2025-11-21 10:20:33 - GET "/api/v1/clientes", parameters={}
2025-11-21 10:20:33 - Mapped to com.example.demo.controller.ClienteController#listar()
2025-11-21 10:20:33 - GET /api/v1/clientes - Listar todos los clientes
2025-11-21 10:20:33 - Listando todos los clientes activos
2025-11-21 10:20:33 - 
    select
        c1_0.id,
        c1_0.activo,
        c1_0.email,
        c1_0.fecha_registro,
        c1_0.nombre,
        c1_0.telefono 
    from
        clientes c1_0 
    where
        c1_0.activo=?
Hibernate: 
    select
        c1_0.id,
        c1_0.activo,
        c1_0.email,
        c1_0.fecha_registro,
        c1_0.nombre,
        c1_0.telefono 
    from
        clientes c1_0 
    where
        c1_0.activo=?
2025-11-21 10:20:33 - Using 'application/json', given [*/*] and supported [application/json, application/*+json]
2025-11-21 10:20:33 - Writing [[]]
2025-11-21 10:20:33 - Completed 200 OK
✅ Verificado que cliente no aparece en lista de activos
]]>&#x1f389;<![CDATA[ FLUJO CRUD COMPLETO EXITOSO
2025-11-21 10:20:33 - 
    select
        c1_0.id,
        c1_0.activo,
        c1_0.email,
        c1_0.fecha_registro,
        c1_0.nombre,
        c1_0.telefono 
    from
        clientes c1_0
Hibernate: 
    select
        c1_0.id,
        c1_0.activo,
        c1_0.email,
        c1_0.fecha_registro,
        c1_0.nombre,
        c1_0.telefono 
    from
        clientes c1_0
2025-11-21 10:20:33 - 
    delete 
    from
        clientes 
    where
        id=?
Hibernate: 
    delete 
    from
        clientes 
    where
        id=?
2025-11-21 10:20:34 - POST "/api/v1/clientes", parameters={}
2025-11-21 10:20:34 - Mapped to com.example.demo.controller.ClienteController#crear(ClienteRequestDTO)
2025-11-21 10:20:34 - Read "application/json;charset=UTF-8" to [ClienteRequestDTO(nombre=Nombre Original, email=original@test.com, telefono=0999999999)]
2025-11-21 10:20:34 - POST /api/v1/clientes - Crear cliente: Nombre Original
2025-11-21 10:20:34 - Creando cliente con nombre: Nombre Original
2025-11-21 10:20:34 - 
    select
        c1_0.id 
    from
        clientes c1_0 
    where
        c1_0.nombre=? 
    fetch
        first ? rows only
Hibernate: 
    select
        c1_0.id 
    from
        clientes c1_0 
    where
        c1_0.nombre=? 
    fetch
        first ? rows only
2025-11-21 10:20:34 - 
    insert 
    into
        clientes
        (activo, email, fecha_registro, nombre, telefono, id) 
    values
        (?, ?, ?, ?, ?, default)
Hibernate: 
    insert 
    into
        clientes
        (activo, email, fecha_registro, nombre, telefono, id) 
    values
        (?, ?, ?, ?, ?, default)
2025-11-21 10:20:34 - Cliente creado exitosamente con id: 12
2025-11-21 10:20:34 - Using 'application/json', given [*/*] and supported [application/json, application/*+json]
2025-11-21 10:20:34 - Writing [ClienteResponseDTO(id=12, nombre=Nombre Original, email=original@test.com, telefono=0999999999, fech (truncated)...]
2025-11-21 10:20:34 - Completed 201 CREATED
2025-11-21 10:20:34 - PUT "/api/v1/clientes/12", parameters={}
2025-11-21 10:20:34 - Mapped to com.example.demo.controller.ClienteController#actualizar(Long, ClienteRequestDTO)
2025-11-21 10:20:34 - Read "application/json;charset=UTF-8" to [ClienteRequestDTO(nombre=Nombre Actualizado, email=actualizado@test.com, telefono=0988888888)]
2025-11-21 10:20:34 - PUT /api/v1/clientes/12 - Actualizar cliente
2025-11-21 10:20:34 - Actualizando cliente con id: 12
2025-11-21 10:20:34 - 
    select
        c1_0.id,
        c1_0.activo,
        c1_0.email,
        c1_0.fecha_registro,
        c1_0.nombre,
        c1_0.telefono 
    from
        clientes c1_0 
    where
        c1_0.id=?
Hibernate: 
    select
        c1_0.id,
        c1_0.activo,
        c1_0.email,
        c1_0.fecha_registro,
        c1_0.nombre,
        c1_0.telefono 
    from
        clientes c1_0 
    where
        c1_0.id=?
2025-11-21 10:20:34 - 
    select
        c1_0.id 
    from
        clientes c1_0 
    where
        c1_0.nombre=? 
    fetch
        first ? rows only
Hibernate: 
    select
        c1_0.id 
    from
        clientes c1_0 
    where
        c1_0.nombre=? 
    fetch
        first ? rows only
2025-11-21 10:20:34 - Cliente actualizado exitosamente con id: 12
2025-11-21 10:20:34 - 
    update
        clientes 
    set
        activo=?,
        email=?,
        nombre=?,
        telefono=? 
    where
        id=?
Hibernate: 
    update
        clientes 
    set
        activo=?,
        email=?,
        nombre=?,
        telefono=? 
    where
        id=?
2025-11-21 10:20:34 - Using 'application/json', given [*/*] and supported [application/json, application/*+json]
2025-11-21 10:20:34 - Writing [ClienteResponseDTO(id=12, nombre=Nombre Actualizado, email=actualizado@test.com, telefono=0988888888 (truncated)...]
2025-11-21 10:20:34 - Completed 200 OK
✅ Actualización de nombre funciona correctamente
2025-11-21 10:20:34 - 
    select
        c1_0.id,
        c1_0.activo,
        c1_0.email,
        c1_0.fecha_registro,
        c1_0.nombre,
        c1_0.telefono 
    from
        clientes c1_0
Hibernate: 
    select
        c1_0.id,
        c1_0.activo,
        c1_0.email,
        c1_0.fecha_registro,
        c1_0.nombre,
        c1_0.telefono 
    from
        clientes c1_0
2025-11-21 10:20:34 - 
    delete 
    from
        clientes 
    where
        id=?
Hibernate: 
    delete 
    from
        clientes 
    where
        id=?
2025-11-21 10:20:34 - POST "/api/v1/clientes", parameters={}
2025-11-21 10:20:34 - Mapped to com.example.demo.controller.ClienteController#crear(ClienteRequestDTO)
2025-11-21 10:20:34 - Read "application/json;charset=UTF-8" to [ClienteRequestDTO(nombre=Cliente Buscar, email=buscar@test.com, telefono=0966666666)]
2025-11-21 10:20:34 - POST /api/v1/clientes - Crear cliente: Cliente Buscar
2025-11-21 10:20:34 - Creando cliente con nombre: Cliente Buscar
2025-11-21 10:20:34 - 
    select
        c1_0.id 
    from
        clientes c1_0 
    where
        c1_0.nombre=? 
    fetch
        first ? rows only
Hibernate: 
    select
        c1_0.id 
    from
        clientes c1_0 
    where
        c1_0.nombre=? 
    fetch
        first ? rows only
2025-11-21 10:20:34 - 
    insert 
    into
        clientes
        (activo, email, fecha_registro, nombre, telefono, id) 
    values
        (?, ?, ?, ?, ?, default)
Hibernate: 
    insert 
    into
        clientes
        (activo, email, fecha_registro, nombre, telefono, id) 
    values
        (?, ?, ?, ?, ?, default)
2025-11-21 10:20:34 - Cliente creado exitosamente con id: 13
2025-11-21 10:20:34 - Using 'application/json', given [*/*] and supported [application/json, application/*+json]
2025-11-21 10:20:34 - Writing [ClienteResponseDTO(id=13, nombre=Cliente Buscar, email=buscar@test.com, telefono=0966666666, fechaRe (truncated)...]
2025-11-21 10:20:34 - Completed 201 CREATED
2025-11-21 10:20:34 - GET "/api/v1/clientes/buscar?nombre=Cliente%20Buscar", parameters={masked}
2025-11-21 10:20:34 - Mapped to com.example.demo.controller.ClienteController#obtenerPorNombre(String)
2025-11-21 10:20:34 - GET /api/v1/clientes/buscar?nombre=Cliente Buscar - Buscar cliente
2025-11-21 10:20:34 - Buscando cliente con nombre: Cliente Buscar
2025-11-21 10:20:34 - 
    select
        c1_0.id,
        c1_0.activo,
        c1_0.email,
        c1_0.fecha_registro,
        c1_0.nombre,
        c1_0.telefono 
    from
        clientes c1_0 
    where
        c1_0.nombre=?
Hibernate: 
    select
        c1_0.id,
        c1_0.activo,
        c1_0.email,
        c1_0.fecha_registro,
        c1_0.nombre,
        c1_0.telefono 
    from
        clientes c1_0 
    where
        c1_0.nombre=?
2025-11-21 10:20:34 - Using 'application/json', given [*/*] and supported [application/json, application/*+json]
2025-11-21 10:20:34 - Writing [ClienteResponseDTO(id=13, nombre=Cliente Buscar, email=buscar@test.com, telefono=0966666666, fechaRe (truncated)...]
2025-11-21 10:20:34 - Completed 200 OK
✅ Búsqueda por nombre funciona correctamente
]]></system-out>
  <system-err><![CDATA[WARNING: A Java agent has been loaded dynamically (C:\Users\ASUS GAMING\.gradle\caches\modules-2\files-2.1\net.bytebuddy\byte-buddy-agent\1.14.10\90ed94ac044ea8953b224304c762316e91fd6b31\byte-buddy-agent-1.14.10.jar)
WARNING: If a serviceability tool is in use, please run with -XX:+EnableDynamicAgentLoading to hide this warning
WARNING: If a serviceability tool is not in use, please run with -Djdk.instrument.traceUsage for more information
WARNING: Dynamic loading of agents will be disallowed by default in a future release
]]></system-err>
</testsuite>
